11:59:06 1 cb18 20 20 1 1
11:59:07 1 cb18 20 20 1 1
11:59:09 1 cb18 20 20 1 1
11:59:10 1 cb18 20 20 1 1
11:59:11 1 cb18 20 20 1 1
11:59:12 1 cb18 20 20 1 1
11:59:13 1 cb18 20 20 1 1
11:59:14 1 cb18 20 20 1 1
11:59:15 1 cb18 20 20 1 1
11:59:16 1 cb18 20 20 1 1
11:59:17 1 cb18 20 20 1 1
11:59:18 1 cb18 20 20 1 1
11:59:20 1 cb18 20 20 1 1
11:59:21 1 cb18 20 20 1 1
11:59:22 1 cb18 20 20 1 1
11:59:23 1 cb18 20 20 1 1
11:59:24 1 cb18 20 20 1 1
11:59:25 1 cb18 20 20 1 1
11:59:26 1 cb18 20 20 1 1
11:59:27 1 cb18 20 20 1 1
11:59:28 1 cb18 20 20 1 1
13:18:19 1 cb18 20 20 1 1
13:18:20 1 cb18 20 20 1 1
13:18:20 1 cb18 20 20 1 1
13:18:21 1 cb18 20 20 1 1
13:18:21 1 cb18 20 20 1 1
13:18:21 1 cb18 20 20 1 1
13:18:22 1 cb18 20 20 1 1
13:18:22 1 cb18 20 20 1 1
13:18:23 1 cb18 20 20 1 1
13:18:23 1 cb18 20 20 1 1
13:18:23 1 cb18 20 20 1 1
13:18:24 1 cb18 20 20 1 1
13:18:24 1 cb18 20 20 1 1
13:18:24 1 cb18 20 20 1 1
13:18:25 1 cb18 20 20 1 1
13:18:25 1 cb18 20 20 1 1
13:18:26 1 cb18 20 20 1 1
13:18:26 1 cb18 20 20 1 1
13:18:27 1 cb18 20 20 1 1
13:18:27 1 cb18 20 20 1 1
13:18:27 1 cb18 20 20 1 1
13:18:28 1 cb18 20 20 1 1
13:18:28 1 cb18 20 20 1 1
13:18:28 1 cb18 20 20 1 1
13:18:29 1 cb18 20 20 1 1
13:18:29 1 cb18 20 20 1 1
13:18:30 1 cb18 20 20 1 1
13:18:30 1 cb18 20 20 1 1
13:18:30 1 cb18 20 20 1 1
13:18:31 1 cb18 20 20 1 1
13:18:31 1 cb18 20 20 1 1
13:18:32 1 cb18 20 20 1 1
13:18:32 1 cb18 20 20 1 1
13:18:32 1 cb18 20 20 1 1
13:18:33 1 cb18 20 20 1 1
13:18:33 1 cb18 20 20 1 1
13:18:33 1 cb18 20 20 1 1
13:18:34 1 cb18 20 20 1 1
13:18:34 1 cb18 20 20 1 1
13:18:35 1 cb18 20 20 1 1
13:18:35 1 cb18 20 20 1 1
13:18:35 1 cb18 20 20 1 1
13:18:36 1 cb18 20 20 1 1
13:18:36 1 cb18 20 20 1 1
13:18:37 1 cb18 20 20 1 1
13:18:37 1 cb18 20 20 1 1
13:18:37 1 cb18 20 20 1 1
13:18:38 1 cb18 20 20 1 1
13:18:38 1 cb18 20 20 1 1
13:18:38 1 cb18 20 20 1 1
13:18:39 1 cb18 20 20 1 1
13:18:39 1 cb18 20 20 1 1
13:18:40 1 cb18 20 20 1 1
13:18:40 1 cb18 20 20 1 1
13:18:40 1 cb18 20 20 1 1
13:18:41 1 cb18 20 20 1 1
13:18:41 1 cb18 20 20 1 1
13:18:42 1 cb18 20 20 1 1
13:18:42 1 cb18 20 20 1 1
13:18:42 1 cb18 20 20 1 1
13:18:43 1 cb18 20 20 1 1
13:18:43 1 cb18 20 20 1 1
13:18:43 1 cb18 20 20 1 1
13:18:44 1 cb18 20 20 1 1
13:18:44 1 cb18 20 20 1 1
13:18:45 1 cb18 20 20 1 1
13:18:45 1 cb18 20 20 1 1
13:21:22 7199
13:21:22 6314
13:21:22 4439
13:21:23 715
13:21:23 39
13:21:24 3806
13:21:24 507
13:21:24 9031
13:21:25 3267
13:34:34 
13:34:34 
13:34:34 
13:34:34 
13:34:34 
13:34:34 
13:34:35 
13:34:35 
13:34:35 
13:34:35 
13:34:35 
13:34:35 
