13:35:04 1 52.96 50.34 45.65 42.69 12.98
13:35:04 1 90.7 24.14 67.24 33.67 79.87
13:35:05 1 23.2 71.92 90.23 68.86 14.6
13:35:05 1 52.77 56.7 84.91 20.01 90.38
13:35:06 1 87.04 4.94 20.98 77.27 73.8
13:35:06 1 44.26 26.5 14.12 29.16 46.52
13:35:06 1 71.57 25.31 80.2 92.56 2.57
13:35:07 1 50.1 58.96 5.41 64.23 88.12
13:35:07 1 31.98 68.52 60.59 12.17 61.07
13:35:07 1 90.47 33.24 51.06 95.88 97.47
13:35:08 1 85.97 18.11 61.14 46.55 30.29
13:35:08 1 25.44 4.86 18.26 76.51 0.74
13:35:09 1 25.22 38.89 15.57 86.36 85.45
13:35:09 1 6.89 9.88 64.44 25.15 86.4
13:35:09 1 31.59 96.82 7.81 47.17 83.18
13:35:10 1 40.12 40.47 33.85 4.56 65.63
13:35:10 1 68.39 95.03 29.75 76.2 42.19
13:35:11 1 21.37 91.26 90.43 55.23 95.82
13:35:11 1 92.09 16.9 50.35 21.84 93.1
13:35:11 1 5.75 39.22 40.76 96.19 94.46
13:35:12 1 62.01 18.97 16.62 12.35 40.81
13:35:12 1 80.56 76.57 49.77 21.32 72.75
13:35:12 1 10.96 8.48 27.76 27.58 20.84
