13:35:04 1 43.56 22.92 64.49 66.34 80.78
13:35:04 1 87.43 99.63 33.69 29.72 9.01
13:35:05 1 3.2 12.41 37.52 67.69 78.76
13:35:05 1 64.77 7.43 90 98.46 37.16
13:35:06 1 35.59 80.47 86.22 73.12 48.16
13:35:06 1 4.5 93.94 53.96 94.5 92.4
13:35:06 1 54 28.14 83.05 40.21 1.25
13:35:07 1 51.93 68.73 82.05 5.88 63.22
13:35:07 1 63.17 66.17 89.22 46.21 6.38
13:35:07 1 39.18 47.81 66.19 21.23 53.69
13:35:08 1 22.2 9.72 96.47 11.41 55.93
13:35:08 1 15.72 15.69 48.55 81.92 36.92
13:35:09 1 45.87 8.56 95.17 42.33 19.98
13:35:09 1 65.19 40.88 2.08 13.74 22.8
13:35:09 1 93.26 93.04 91.74 88.43 35.36
13:35:10 1 20.25 69.75 6.51 22.33 83.49
13:35:10 1 12.92 69.46 35.23 4.66 57.88
13:35:11 1 56.05 75.48 65.57 62.57 97.82
13:35:11 1 92.55 34.76 62.55 27.77 39.43
13:35:11 1 36.58 52.24 69.93 2.14 14.8
13:35:12 1 9.71 4.9 75.58 72.27 32.68
13:35:12 1 44.22 57.91 24.99 14.15 60.05
13:35:12 1 68.57 37.3 25.74 44.15 9.57
