13:35:04 1 67.65 30.01 47.71 25.42 44
13:35:04 1 31.65 10 82.73 18.95 39.88
13:35:05 1 18.3 35.34 8.76 66.01 60.76
13:35:05 1 99.02 30.11 47.16 81.75 49.07
13:35:06 1 64.97 91.42 83.5 73.74 57.43
13:35:06 1 91.12 93.51 22.5 38.27 75.25
13:35:06 1 31.2 5.17 92.68 14.69 78.91
13:35:07 1 74.45 97 56.73 96.95 35.27
13:35:07 1 90.47 77.41 11.55 83.14 92.11
13:35:07 1 29.41 95.68 50.69 86.14 92.63
13:35:08 1 2.84 1.88 33.34 14.4 85.03
13:35:08 1 2.24 11.32 32.59 52.93 97.47
13:35:09 1 51.1 45.17 21.86 84.44 59.58
13:35:09 1 39 15.98 34.13 71.6 68.92
13:35:09 1 11.71 39.53 80.54 33.58 23.96
13:35:10 1 29.31 61.34 99.47 63.44 32.93
13:35:10 1 70.6 16.37 97.41 51.14 49.96
13:35:11 1 49.05 91.88 59.15 48.52 55.32
13:35:11 1 20.43 98.38 55.8 17.84 49.51
13:35:11 1 67.74 51.2 6.68 26.89 99.72
13:35:12 1 15 92.71 31.05 70.81 10.55
13:35:12 1 39.79 81.9 11.24 46.48 8.78
13:35:12 1 58.42 59.16 2.27 89.47 29.96
