18:25:59 4363301 1 34.2216 5.29049 1 10 1 a 1
18:26:00 4363303 1 99.8386 33.0889 1 10 1 a 1
18:26:01 4363307 1 25.4771 77.5077 1 10 1 a 1
18:26:02 4363310 1 14.233 45.2173 1 10 1 a 1
18:26:03 4363313 1 56.7945 40.431 1 10 1 a 1
18:26:04 4363317 1 22.8721 33.2199 1 10 1 a 1
18:26:05 4363320 1 19.0311 14.723 1 10 1 a 1
18:26:06 4363323 1 24.3304 41.753 1 10 1 a 1
18:26:07 4363327 1 82.654 75.1328 1 10 1 a 1
18:26:08 4363330 1 33.5006 18.5929 1 10 1 a 1
18:26:09 4363334 1 76.0347 30.8125 1 10 1 a 1
18:26:09 4363336 1 45.5355 91.1602 1 10 1 a 1
18:26:10 4363339 1 20.0023 53.0998 1 10 1 a 1
18:26:11 4363343 1 40.4916 10.4713 1 10 1 a 1
18:26:12 4363346 1 74.6483 53.7936 1 10 1 a 1
18:26:13 4363349 1 25.809 83.1523 1 10 1 a 1
18:26:14 4363353 1 22.1129 24.7669 1 10 1 a 1
18:26:15 4363356 1 57.5585 93.9918 1 10 1 a 1
18:26:16 4363359 1 2.43004 30.9985 1 10 1 a 1
18:26:18 4363363 1 96.552 86.683 1 10 1 a 1
18:26:18 4363366 1 51.6601 48.0534 1 10 1 a 1
18:26:19 4363369 1 96.8864 54.4857 1 10 1 a 1
18:26:20 4363373 1 29.1912 61.5157 1 10 1 a 1
18:26:21 4363376 1 57.393 95.2408 1 10 1 a 1
18:26:22 4363379 1 23.6413 74.2337 1 10 1 a 1
18:26:23 4363383 1 14.3769 9.69013 1 10 1 a 1
18:26:24 4363386 1 86.0163 48.1675 1 10 1 a 1
18:26:25 4363389 1 16.2768 41.2363 1 10 1 a 1
18:26:26 4363393 1 70.8911 5.01129 1 10 1 a 1
18:26:27 4363396 1 88.009 25.0609 1 10 1 a 1
18:26:28 4363399 1 39.2292 85.1438 1 10 1 a 1
18:26:29 4363403 1 86.0536 78.5962 1 10 1 a 1
18:26:30 4363406 1 11.1214 66.693 1 10 1 a 1
18:26:31 4363409 1 20.1645 72.0189 1 10 1 a 1
18:26:32 4363412 1 24.4704 69.0332 1 10 1 a 1
18:26:33 4363416 1 60.3631 59.5758 1 10 1 a 1
18:26:34 4363419 1 90.5318 63.2265 1 10 1 a 1
18:26:35 4363422 1 77.0573 98.8082 1 10 1 a 1
18:26:36 4363426 1 13.8472 83.7113 1 10 1 a 1
18:26:37 4363429 1 49.1109 55.7905 1 10 1 a 1
18:26:38 4363432 1 4.62392 83.727 1 10 1 a 1
18:26:39 4363436 1 40.7084 70.8432 1 10 1 a 1
18:26:40 4363439 1 80.0608 74.1079 1 10 1 a 1
18:26:41 4363442 1 98.0861 71.572 1 10 1 a 1
18:26:42 4363446 1 51.5482 10.7337 1 10 1 a 1
18:26:43 4363449 1 99.7379 43.8559 1 10 1 a 1
18:26:44 4363452 1 77.3735 57.763 1 10 1 a 1
18:26:45 4363456 1 0.584382 99.8779 1 10 1 a 1
18:26:46 4363459 1 49.5012 53.5776 1 10 1 a 1
18:26:47 4363462 1 66.8559 80.7372 1 10 1 a 1
18:26:48 4363466 1 50.7236 66.422 1 10 1 a 1
18:26:49 4363469 1 75.1219 72.7348 1 10 1 a 1
18:26:50 4363472 1 96.1325 99.3547 1 10 1 a 1
18:26:51 4363476 1 31.3619 24.379 1 10 1 a 1
18:26:53 4363479 1 59.5345 3.18379 1 10 1 a 1
18:26:53 4363483 1 22.0773 55.3141 1 10 1 a 1
18:26:54 4363486 1 93.4538 54.5579 1 10 1 a 1
18:26:55 4363489 1 57.1687 83.5023 1 10 1 a 1
18:26:56 4363492 1 2.7077 4.43499 1 10 1 a 1
18:26:57 4363496 1 31.6766 59.9337 1 10 1 a 1
18:26:58 4363499 1 18.1197 66.3104 1 10 1 a 1
18:26:59 4363502 1 0.726518 92.9963 1 10 1 a 1
18:27:00 4363506 1 78.5495 87.9684 1 10 1 a 1
18:27:01 4363509 1 89.081 95.9018 1 10 1 a 1
18:27:02 4363512 1 60.0223 83.3923 1 10 1 a 1
18:27:03 4363516 1 15.859 85.437 1 10 1 a 1
18:27:04 4363519 1 71.2247 74.0451 1 10 1 a 1
18:27:05 4363522 1 97.3345 30.196 1 10 1 a 1
18:27:07 4363526 1 51.9314 28.2967 1 10 1 a 1
18:27:07 4363529 1 14.961 57.8939 1 10 1 a 1
18:27:08 4363532 1 69.7157 23.7931 1 10 1 a 1
18:27:09 4363536 1 0.464882 69.7062 1 10 1 a 1
18:27:10 4363539 1 87.5374 20.2172 1 10 1 a 1
18:27:11 4363542 1 1.47387 63.7892 1 10 1 a 1
18:27:12 4363546 1 88.7165 35.1674 1 10 1 a 1
18:27:13 4363549 1 6.5812 85.488 1 10 1 a 1
18:27:14 4363552 1 98.4815 25.9578 1 10 1 a 1
18:27:15 4363556 1 42.1984 16.2216 1 10 1 a 1
18:27:16 4363559 1 56.8351 61.5393 1 10 1 a 1
18:27:18 4363563 1 43.8855 22.0198 1 10 1 a 1
18:27:18 4363566 1 79.2421 22.4783 1 10 1 a 1
18:27:46 4363659 1 63.5667 66.861 1 10 1 a 1
18:27:47 4363662 1 23.0081 32.6788 1 10 1 a 1
18:27:48 4363666 1 35.0885 94.0249 1 10 1 a 1
18:27:49 4363669 1 90.9709 86.004 1 10 1 a 1
18:27:50 4363672 1 27.4132 72.2003 1 10 1 a 1
18:27:51 4363675 1 11.005 35.9406 1 10 1 a 1
18:27:52 4363679 1 11.329 95.312 1 10 1 a 1
18:27:53 4363682 1 40.8836 79.9262 1 10 1 a 1
18:27:54 4363685 1 93.0226 51.7219 1 10 1 a 1
18:27:55 4363689 1 8.43677 52.6699 1 10 1 a 1
18:27:56 4363692 1 68.9172 50.1344 1 10 1 a 1
18:28:07 4363728 1 39.9367 27.3513 1 10 1 a 1
18:28:08 4363732 1 77.5458 95.6757 1 10 1 a 1
18:28:09 4363735 1 94.203 46.0701 1 10 1 a 1
18:28:10 4363739 1 8.83139 59.9472 1 10 1 a 1
18:28:11 4363742 1 25.3284 7.79993 1 10 1 a 1
18:28:12 4363745 1 27.7333 86.799 1 10 1 a 1
18:28:13 4363748 1 25.4969 26.9483 1 10 1 a 1
18:28:14 4363752 1 7.05928 9.84637 1 10 1 a 1
18:28:15 4363755 1 24.844 36.7098 1 10 1 a 1
18:28:16 4363758 1 69.1245 69.1446 1 10 1 a 1
18:28:17 4363762 1 79.1285 15.1051 1 10 1 a 1
18:28:18 4363765 1 37.6465 8.72426 1 10 1 a 1
18:28:19 4363768 1 26.5839 16.0035 1 10 1 a 1
18:28:20 4363772 1 43.7819 15.0944 1 10 1 a 1
18:28:21 4363775 1 17.1821 70.5434 1 10 1 a 1
18:28:22 4363778 1 23.3619 93.478 1 10 1 a 1
18:28:23 4363782 1 61.4365 49.85 1 10 1 a 1
18:28:24 4363785 1 54.9477 30.9814 1 10 1 a 1
18:28:25 4363789 1 3.85653 57.9183 1 10 1 a 1
18:28:26 4363792 1 29.2954 42.9028 1 10 1 a 1
18:28:27 4363795 1 18.0726 65.1045 1 10 1 a 1
18:28:28 4363798 1 42.0622 86.583 1 10 1 a 1
18:28:29 4363802 1 93.9644 65.987 1 10 1 a 1
18:28:30 4363805 1 25.562 98.9924 1 10 1 a 1
18:28:31 4363808 1 96.9265 55.0129 1 10 1 a 1
18:28:32 4363812 1 6.54489 77.8973 1 10 1 a 1
18:28:33 4363815 1 56.5228 15.7742 1 10 1 a 1
18:28:34 4363818 1 61.407 3.64847 1 10 1 a 1
18:28:35 4363822 1 21.6811 81.6828 1 10 1 a 1
18:28:36 4363825 1 51.9149 77.9847 1 10 1 a 1
18:28:37 4363828 1 28.2241 14.9246 1 10 1 a 1
18:28:38 4363832 1 72.515 22.7149 1 10 1 a 1
18:28:39 4363835 1 40.8232 23.2805 1 10 1 a 1
18:28:40 4363838 1 28.3995 89.3324 1 10 1 a 1
18:28:41 4363842 1 67.2546 93.3288 1 10 1 a 1
18:28:42 4363845 1 88.1831 68.2856 1 10 1 a 1
18:28:43 4363848 1 19.3765 23.7766 1 10 1 a 1
18:28:44 4363852 1 69.4489 3.52547 1 10 1 a 1
18:28:45 4363855 1 62.9436 33.2778 1 10 1 a 1
18:28:46 4363858 1 99.3522 16.9227 1 10 1 a 1
18:28:47 4363862 1 81.4916 84.6964 1 10 1 a 1
18:28:48 4363865 1 46.608 89.3163 1 10 1 a 1
18:28:49 4363868 1 19.1538 46.8568 1 10 1 a 1
18:28:50 4363872 1 79.6645 84.4072 1 10 1 a 1
18:28:51 4363875 1 86.6223 16.6298 1 10 1 a 1
18:28:52 4363879 1 62.761 55.6828 1 10 1 a 1
18:28:54 4363884 1 86.7399 33.7752 1 10 1 a 1
18:28:55 4363888 1 85.8596 47.2632 1 10 1 a 1
18:28:56 4363892 1 15.2334 11.2211 1 10 1 a 1
18:28:57 4363895 1 18.1261 24.2103 1 10 1 a 1
18:28:58 4363898 1 3.00829 57.5167 1 10 1 a 1
18:28:59 4363902 1 84.0225 88.6694 1 10 1 a 1
18:29:00 4363905 1 57.0716 78.7671 1 10 1 a 1
18:29:02 4363909 1 82.2831 29.4937 1 10 1 a 1
18:29:02 4363912 1 63.5344 88.1429 1 10 1 a 1
18:29:03 4363915 1 56.2909 36.9516 1 10 1 a 1
18:29:04 4363918 1 85.291 21.4488 1 10 1 a 1
18:29:05 4363922 1 55.3804 1.99343 1 10 1 a 1
18:29:06 4363925 1 56.9861 24.1461 1 10 1 a 1
18:29:08 4363930 1 91.9052 66.8419 1 10 1 a 1
18:29:08 4363932 1 63.4635 17.1041 1 10 1 a 1
18:29:09 4363935 1 69.978 11.8882 1 10 1 a 1
18:29:10 4363939 1 57.7345 61.0869 1 10 1 a 1
18:29:11 4363942 1 25.4107 1.65912 1 10 1 a 1
18:29:12 4363945 1 68.7364 84.5264 1 10 1 a 1
18:29:13 4363949 1 81.7691 5.83763 1 10 1 a 1
18:29:14 4363952 1 21.7157 7.55583 1 10 1 a 1
18:29:15 4363955 1 54.7646 62.8436 1 10 1 a 1
18:29:16 4363958 1 41.6568 3.15192 1 10 1 a 1
18:29:17 4363962 1 29.4016 78.7492 1 10 1 a 1
18:29:18 4363965 1 2.52401 64.9199 1 10 1 a 1
18:29:19 4363969 1 57.3367 22.9731 1 10 1 a 1
18:29:20 4363972 1 52.0989 96.8102 1 10 1 a 1
18:29:21 4363975 1 28.0336 5.82341 1 10 1 a 1
18:29:22 4363978 1 25.5871 89.663 1 10 1 a 1
18:29:23 4363982 1 43.176 95.2084 1 10 1 a 1
18:29:24 4363985 1 93.9547 64.174 1 10 1 a 1
18:29:25 4363988 1 76.5816 87.1503 1 10 1 a 1
18:29:26 4363992 1 75.6258 63.6031 1 10 1 a 1
18:29:27 4363995 1 8.44844 33.1255 1 10 1 a 1
18:29:28 4363999 1 77.759 82.4488 1 10 1 a 1
18:29:29 4364002 1 51.4851 29.1646 1 10 1 a 1
18:29:30 4364005 1 4.61051 18.5582 1 10 1 a 1
18:29:31 4364008 1 50.5808 35.3888 1 10 1 a 1
18:29:32 4364012 1 40.52 91.9006 1 10 1 a 1
18:29:33 4364015 1 98.7811 15.4789 1 10 1 a 1
18:29:34 4364018 1 74.5685 98.6537 1 10 1 a 1
18:29:35 4364022 1 67.0554 24.5572 1 10 1 a 1
18:29:36 4364025 1 21.4831 36.0101 1 10 1 a 1
18:29:37 4364028 1 50.3561 22.1181 1 10 1 a 1
18:29:38 4364032 1 81.7995 51.6925 1 10 1 a 1
18:29:39 4364035 1 47.2514 94.841 1 10 1 a 1
18:29:40 4364038 1 81.2501 83.3433 1 10 1 a 1
18:29:41 4364042 1 9.81067 52.8816 1 10 1 a 1
18:29:42 4364045 1 42.8134 21.3195 1 10 1 a 1
18:29:43 4364048 1 92.6315 53.1901 1 10 1 a 1
18:29:44 4364052 1 22.3556 51.7836 1 10 1 a 1
18:29:45 4364055 1 44.8019 39.3163 1 10 1 a 1
18:29:46 4364058 1 74.8897 30.5016 1 10 1 a 1
18:29:47 4364062 1 10.6661 34.7635 1 10 1 a 1
18:29:48 4364065 1 46.2755 6.24647 1 10 1 a 1
18:29:49 4364068 1 35.8779 45.4289 1 10 1 a 1
18:29:50 4364072 1 93.4822 34.589 1 10 1 a 1
18:29:51 4364075 1 18.2613 39.4405 1 10 1 a 1
18:29:52 4364078 1 24.2337 10.6711 1 10 1 a 1
18:29:53 4364082 1 15.6676 88.1535 1 10 1 a 1
18:29:54 4364085 1 22.5503 84.5924 1 10 1 a 1
18:29:55 4364089 1 29.4972 32.551 1 10 1 a 1
18:29:56 4364092 1 37.2287 66.0257 1 10 1 a 1
18:29:57 4364095 1 73.6497 22.4163 1 10 1 a 1
18:29:58 4364098 1 80.237 38.3434 1 10 1 a 1
18:29:59 4364102 1 61.6787 90.9503 1 10 1 a 1
18:30:00 4364105 1 61.6901 27.0206 1 10 1 a 1
18:30:01 4364108 1 99.7074 89.3661 1 10 1 a 1
18:30:02 4364112 1 4.96071 67.6672 1 10 1 a 1
18:30:03 4364115 1 99.0171 40.5231 1 10 1 a 1
18:30:04 4364118 1 88.3791 5.95951 1 10 1 a 1
18:30:05 4364122 1 11.8461 40.7751 1 10 1 a 1
18:30:06 4364125 1 87.9578 26.9778 1 10 1 a 1
18:30:07 4364128 1 54.4456 53.4507 1 10 1 a 1
18:30:08 4364132 1 55.7483 43.658 1 10 1 a 1
18:30:09 4364135 1 90.6886 48.3551 1 10 1 a 1
18:30:10 4364138 1 5.04552 4.66825 1 10 1 a 1
18:30:11 4364142 1 56.066 25.023 1 10 1 a 1
18:30:12 4364145 1 70.9678 28.7735 1 10 1 a 1
18:30:13 4364148 1 15.6052 68.0214 1 10 1 a 1
18:30:14 4364152 1 76.6405 1.2069 1 10 1 a 1
18:30:15 4364155 1 16.8727 66.8102 1 10 1 a 1
18:30:16 4364158 1 4.06019 1.07296 1 10 1 a 1
18:30:17 4364162 1 35.6034 16.0373 1 10 1 a 1
18:30:18 4364165 1 16.4314 31.8459 1 10 1 a 1
18:30:19 4364168 1 31.2161 13.0568 1 10 1 a 1
18:30:20 4364172 1 52.2068 0.790642 1 10 1 a 1
18:30:21 4364175 1 38.8008 66.4228 1 10 1 a 1
18:30:22 4364178 1 66.1456 16.7065 1 10 1 a 1
18:30:23 4364182 1 67.7646 19.6134 1 10 1 a 1
18:30:24 4364185 1 36.072 2.5502 1 10 1 a 1
18:30:25 4364188 1 40.7641 76.7085 1 10 1 a 1
18:30:26 4364192 1 1.7374 61.8381 1 10 1 a 1
18:30:27 4364195 1 18.0873 80.8513 1 10 1 a 1
18:30:28 4364198 1 19.751 56.0165 1 10 1 a 1
18:30:29 4364202 1 54.062 53.5123 1 10 1 a 1
18:30:30 4364205 1 37.4538 77.7851 1 10 1 a 1
18:30:31 4364208 1 8.34237 12.0532 1 10 1 a 1
18:30:32 4364212 1 0.419932 48.8667 1 10 1 a 1
18:30:33 4364215 1 72.592 92.0847 1 10 1 a 1
18:30:34 4364218 1 81.0757 31.758 1 10 1 a 1
18:30:35 4364222 1 0.826953 48.9431 1 10 1 a 1
18:30:36 4364225 1 96.0563 46.5653 1 10 1 a 1
18:30:37 4364228 1 12.6612 19.2811 1 10 1 a 1
18:30:38 4364232 1 22.8143 93.2698 1 10 1 a 1
18:30:39 4364235 1 15.1865 17.7314 1 10 1 a 1
18:30:40 4364238 1 53.2113 42.6002 1 10 1 a 1
18:30:42 4364242 1 4.23548 4.17828 1 10 1 a 1
18:30:42 4364245 1 34.4412 96.6328 1 10 1 a 1
18:30:43 4364248 1 37.3401 0.983861 1 10 1 a 1
18:30:44 4364252 1 13.0107 3.10899 1 10 1 a 1
18:30:45 4364255 1 80.4297 90.0951 1 10 1 a 1
18:30:46 4364258 1 45.3809 85.4909 1 10 1 a 1
18:30:47 4364262 1 35.1229 3.26002 1 10 1 a 1
18:30:48 4364265 1 34.8309 85.2935 1 10 1 a 1
18:30:49 4364268 1 18.0392 51.3851 1 10 1 a 1
18:30:50 4364272 1 16.7727 90.3924 1 10 1 a 1
18:30:51 4364275 1 30.994 32.9749 1 10 1 a 1
18:30:52 4364278 1 99.7271 70.5274 1 10 1 a 1
18:30:53 4364282 1 26.6279 89.9961 1 10 1 a 1
18:30:54 4364285 1 8.41549 87.8044 1 10 1 a 1
18:30:55 4364288 1 52.6513 91.324 1 10 1 a 1
18:30:56 4364292 1 99.6168 18.4276 1 10 1 a 1
18:30:57 4364295 1 3.31479 66.6477 1 10 1 a 1
18:30:58 4364298 1 82.5753 82.767 1 10 1 a 1
18:30:59 4364302 1 73.7714 81.4678 1 10 1 a 1
18:31:00 4364305 1 54.9573 42.3442 1 10 1 a 1
18:31:01 4364308 1 34.8942 24.4149 1 10 1 a 1
18:31:02 4364310 1 44.5191 81.2386 1 10 1 a 1
18:31:03 4364313 1 34.7508 56.3932 1 10 1 a 1
18:31:04 4364317 1 27.5939 23.1317 1 10 1 a 1
18:31:05 4364320 1 7.06503 4.51163 1 10 1 a 1
18:31:06 4364323 1 64.6081 55.8726 1 10 1 a 1
18:31:07 4364327 1 15.1468 97.5883 1 10 1 a 1
18:31:08 4364330 1 87.7455 34.3311 1 10 1 a 1
18:31:09 4364333 1 60.2374 0.0199902 1 10 1 a 1
18:31:10 4364337 1 40.3528 35.2817 1 10 1 a 1
18:31:11 4364340 1 47.4929 70.8761 1 10 1 a 1
18:31:12 4364344 1 3.17312 22.8332 1 10 1 a 1
18:31:13 4364347 1 28.0243 83.606 1 10 1 a 1
18:31:14 4364350 1 98.0535 30.016 1 10 1 a 1
18:31:15 4364353 1 47.6387 70.1164 1 10 1 a 1
18:31:16 4364357 1 86.6112 50.7639 1 10 1 a 1
18:31:17 4364360 1 78.2962 29.3573 1 10 1 a 1
18:31:18 4364363 1 19.0664 55.2629 1 10 1 a 1
18:31:19 4364367 1 81.6116 97.8287 1 10 1 a 1
18:31:20 4364370 1 68.0432 37.3645 1 10 1 a 1
18:31:21 4364373 1 28.4762 5.73592 1 10 1 a 1
18:31:22 4364377 1 47.948 4.9622 1 10 1 a 1
18:31:23 4364380 1 69.7069 83.7046 1 10 1 a 1
18:31:24 4364383 1 0.244046 38.6395 1 10 1 a 1
18:31:25 4364387 1 4.66037 50.4662 1 10 1 a 1
18:31:26 4364390 1 74.4354 25.9346 1 10 1 a 1
18:31:27 4364393 1 50.0537 58.1693 1 10 1 a 1
18:31:28 4364397 1 20.0181 23.7084 1 10 1 a 1
18:31:29 4364400 1 88.4514 77.7568 1 10 1 a 1
18:31:30 4364403 1 44.4712 71.5373 1 10 1 a 1
18:31:32 4364411 1 71.2967 12.1479 1 10 1 a 1
18:31:33 4364413 1 35.8563 71.9728 1 10 1 a 1
18:31:34 4364417 1 94.0334 61.2439 1 10 1 a 1
18:31:35 4364420 1 39.1779 24.7643 1 10 1 a 1
18:31:36 4364423 1 42.9758 55.4789 1 10 1 a 1
18:31:37 4364427 1 98.2853 7.96974 1 10 1 a 1
18:31:38 4364430 1 32.3459 25.4754 1 10 1 a 1
18:31:39 4364434 1 15.9277 2.33192 1 10 1 a 1
18:31:40 4364437 1 20.8913 76.7771 1 10 1 a 1
18:31:41 4364440 1 42.2024 41.429 1 10 1 a 1
18:31:42 4364443 1 0.824285 93.683 1 10 1 a 1
18:31:43 4364447 1 1.77403 77.7587 1 10 1 a 1
18:31:44 4364450 1 73.6567 12.726 1 10 1 a 1
18:31:45 4364453 1 77.5301 1.8062 1 10 1 a 1
18:31:46 4364457 1 28.7058 73.1137 1 10 1 a 1
18:31:47 4364460 1 10.2969 43.8411 1 10 1 a 1
18:31:48 4364463 1 94.2978 42.1324 1 10 1 a 1
18:31:49 4364467 1 2.13364 34.7311 1 10 1 a 1
18:31:50 4364470 1 89.4499 80.9003 1 10 1 a 1
18:31:51 4364473 1 13.7787 53.9943 1 10 1 a 1
18:31:52 4364477 1 49.1613 28.6916 1 10 1 a 1
18:31:53 4364480 1 38.2417 66.7411 1 10 1 a 1
18:31:54 4364483 1 80.4814 6.13809 1 10 1 a 1
18:31:55 4364487 1 67.1936 51.8765 1 10 1 a 1
18:31:56 4364490 1 61.5476 21.0232 1 10 1 a 1
18:31:57 4364493 1 14.6556 16.9775 1 10 1 a 1
18:31:58 4364497 1 22.8209 23.7694 1 10 1 a 1
18:31:59 4364500 1 20.321 64.2838 1 10 1 a 1
18:32:00 4364503 1 70.1165 54.0106 1 10 1 a 1
18:32:01 4364507 1 42.8597 87.8113 1 10 1 a 1
18:32:02 4364510 1 42.9949 75.667 1 10 1 a 1
18:32:03 4364513 1 18.985 85.4014 1 10 1 a 1
18:32:04 4364517 1 89.7588 75.9259 1 10 1 a 1
18:32:07 4364525 1 68.5184 63.2266 1 10 1 a 1
18:32:08 4364529 1 88.3681 92.6863 1 10 1 a 1
18:32:09 4364532 1 47.6601 53.9638 1 10 1 a 1
18:32:09 4364533 1 15.4218 15.273 1 10 1 a 1
18:32:10 4364536 1 42.8919 98.0907 1 10 1 a 1
18:32:11 4364539 1 74.7452 81.0388 1 10 1 a 1
18:32:12 4364543 1 32.8388 78.3452 1 10 1 a 1
18:32:13 4364546 1 15.63 35.2366 1 10 1 a 1
18:32:14 4364549 1 78.5631 3.03939 1 10 1 a 1
18:32:15 4364553 1 3.85323 15.6949 1 10 1 a 1
18:32:16 4364556 1 21.8621 40.9992 1 10 1 a 1
18:32:17 4364559 1 37.064 23.8414 1 10 1 a 1
18:32:18 4364563 1 30.1444 32.5325 1 10 1 a 1
18:32:19 4364566 1 65.5047 88.3128 1 10 1 a 1
18:32:20 4364569 1 36.0874 62.2029 1 10 1 a 1
18:32:21 4364573 1 57.0034 17.527 1 10 1 a 1
18:32:22 4364576 1 2.16302 71.6642 1 10 1 a 1
18:32:23 4364579 1 78.0276 85.5283 1 10 1 a 1
18:32:24 4364583 1 99.5333 25.5407 1 10 1 a 1
18:32:25 4364586 1 68.4418 17.2531 1 10 1 a 1
18:32:26 4364589 1 59.7891 0.64663 1 10 1 a 1
18:32:27 4364593 1 95.1079 20.7319 1 10 1 a 1
18:32:28 4364596 1 86.7349 36.137 1 10 1 a 1
18:32:29 4364599 1 14.1879 81.6563 1 10 1 a 1
18:32:30 4364603 1 26.9242 63.1257 1 10 1 a 1
18:32:31 4364606 1 87.8709 72.3488 1 10 1 a 1
18:32:32 4364609 1 81.4246 43.9988 1 10 1 a 1
18:32:33 4364613 1 70.1997 83.8064 1 10 1 a 1
18:32:34 4364616 1 86.3191 45.2132 1 10 1 a 1
18:32:35 4364619 1 68.6293 50.8542 1 10 1 a 1
18:32:36 4364623 1 70.6736 60.4599 1 10 1 a 1
18:32:37 4364626 1 39.7831 50.383 1 10 1 a 1
18:32:38 4364629 1 47.4113 84.9636 1 10 1 a 1
18:32:39 4364633 1 98.8519 79.4297 1 10 1 a 1
18:32:40 4364636 1 99.8828 58.0996 1 10 1 a 1
18:32:41 4364639 1 65.0932 88.5614 1 10 1 a 1
18:32:42 4364643 1 10.894 97.3083 1 10 1 a 1
18:32:43 4364646 1 71.1792 91.0458 1 10 1 a 1
18:32:44 4364649 1 8.69606 60.9354 1 10 1 a 1
18:32:45 4364653 1 5.76101 9.56914 1 10 1 a 1
18:32:46 4364656 1 40.406 57.5813 1 10 1 a 1
18:32:47 4364659 1 57.6492 4.00842 1 10 1 a 1
18:32:48 4364663 1 0.270196 39.2591 1 10 1 a 1
18:32:49 4364666 1 47.9463 35.883 1 10 1 a 1
18:32:50 4364669 1 54.5951 32.136 1 10 1 a 1
18:32:51 4364673 1 93.9824 79.781 1 10 1 a 1
18:32:52 4364676 1 91.5526 29.3614 1 10 1 a 1
18:32:53 4364679 1 61.7785 24.0928 1 10 1 a 1
18:32:54 4364683 1 60.6547 54.1616 1 10 1 a 1
18:32:55 4364686 1 67.9754 1.77006 1 10 1 a 1
18:32:56 4364689 1 58.0632 35.4853 1 10 1 a 1
18:32:57 4364693 1 65.15 81.0592 1 10 1 a 1
18:32:58 4364696 1 88.9015 44.7374 1 10 1 a 1
18:32:59 4364699 1 40.9191 79.5301 1 10 1 a 1
18:37:27 4365590 1 56.1327 94.6881 1 10 1 a 1
18:37:27 4365593 1 61.4867 27.4581 1 10 1 a 1
18:37:28 4365596 1 24.9895 76.4326 1 10 1 a 1
18:37:29 4365597 1 45.9473 46.3558 1 10 1 a 1
18:37:29 4365599 1 96.1521 46.8092 1 10 1 a 1
18:37:30 4365602 1 45.8249 96.6182 1 10 1 a 1
18:37:31 4365605 1 61.6965 15.9043 1 10 1 a 1
18:37:32 4365609 1 62.5328 35.2745 1 10 1 a 1
18:37:33 4365612 1 39.7211 19.5834 1 10 1 a 1
18:37:34 4365615 1 6.77189 27.337 1 10 1 a 1
18:37:35 4365619 1 43.8352 73.3126 1 10 1 a 1
18:37:36 4365622 1 55.2721 5.62598 1 10 1 a 1
18:37:37 4365625 1 11.6572 18.2739 1 10 1 a 1
18:37:38 4365629 1 72.6868 97.7846 1 10 1 a 1
18:37:39 4365632 1 96.3815 67.9274 1 10 1 a 1
18:37:40 4365635 1 83.2351 9.52985 1 10 1 a 1
18:37:41 4365639 1 64.9961 61.5998 1 10 1 a 1
18:37:42 4365642 1 61.9467 57.8893 1 10 1 a 1
18:37:43 4365645 1 64.6081 28.3652 1 10 1 a 1
18:37:44 4365649 1 22.7096 47.5131 1 10 1 a 1
18:37:45 4365652 1 78.3968 78.6799 1 10 1 a 1
18:37:46 4365655 1 18.0746 26.0316 1 10 1 a 1
18:37:47 4365659 1 94.7789 97.84 1 10 1 a 1
18:37:48 4365662 1 49.1167 16.8263 1 10 1 a 1
18:37:49 4365665 1 54.2869 93.8263 1 10 1 a 1
18:37:50 4365668 1 90.0097 53.9314 1 10 1 a 1
18:37:51 4365672 1 87.5164 41.1074 1 10 1 a 1
18:37:52 4365675 1 41.194 61.7103 1 10 1 a 1
18:37:53 4365678 1 84.2255 64.8585 1 10 1 a 1
18:37:54 4365682 1 12.9236 99.0456 1 10 1 a 1
18:37:55 4365685 1 40.4415 96.2636 1 10 1 a 1
18:37:56 4365688 1 45.0887 42.8095 1 10 1 a 1
18:37:57 4365692 1 47.7015 46.6251 1 10 1 a 1
18:37:58 4365695 1 7.57418 7.01932 1 10 1 a 1
18:37:59 4365698 1 76.0932 86.3533 1 10 1 a 1
18:38:00 4365702 1 15.9689 30.8927 1 10 1 a 1
18:38:01 4365705 1 89.0816 48.5411 1 10 1 a 1
18:38:02 4365709 1 8.05477 36.9247 1 10 1 a 1
18:38:03 4365712 1 92.6766 83.1209 1 10 1 a 1
18:38:04 4365715 1 97.84 74.4974 1 10 1 a 1
18:38:05 4365719 1 60.5431 27.7687 1 10 1 a 1
18:38:06 4365722 1 28.4406 91.1064 1 10 1 a 1
18:38:07 4365725 1 90.8063 88.3722 1 10 1 a 1
18:38:08 4365728 1 17.8712 19.7248 1 10 1 a 1
18:38:09 4365732 1 55.5957 49.6013 1 10 1 a 1
18:38:10 4365735 1 37.431 91.2732 1 10 1 a 1
18:38:11 4365738 1 4.84724 14.0489 1 10 1 a 1
18:38:12 4365742 1 92.3023 25.6532 1 10 1 a 1
18:38:13 4365745 1 97.519 36.6317 1 10 1 a 1
18:38:14 4365748 1 8.96324 85.6579 1 10 1 a 1
18:38:15 4365752 1 93.9364 11.2089 1 10 1 a 1
18:38:16 4365755 1 16.3225 96.8132 1 10 1 a 1
18:38:17 4365759 1 44.5183 93.2647 1 10 1 a 1
18:38:18 4365760 1 97.0917 42.0374 1 10 1 a 1
18:38:19 4365764 1 26.9565 50.4653 1 10 1 a 1
18:38:20 4365767 1 52.2939 24.5973 1 10 1 a 1
18:38:21 4365770 1 54.5289 39.7035 1 10 1 a 1
18:38:22 4365773 1 30.9161 9.82383 1 10 1 a 1
18:38:23 4365777 1 10.7938 18.871 1 10 1 a 1
18:38:24 4365780 1 68.9597 94.9346 1 10 1 a 1
18:38:25 4365784 1 70.9859 47.5989 1 10 1 a 1
18:38:26 4365787 1 22.086 49.2395 1 10 1 a 1
18:38:27 4365790 1 28.4365 62.1519 1 10 1 a 1
18:38:28 4365793 1 64.7793 69.4206 1 10 1 a 1
18:38:29 4365797 1 85.4059 96.195 1 10 1 a 1
18:38:30 4365800 1 57.2228 6.51293 1 10 1 a 1
18:38:31 4365803 1 93.7647 43.8928 1 10 1 a 1
18:38:32 4365807 1 66.1949 10.117 1 10 1 a 1
18:38:33 4365810 1 24.987 50.1983 1 10 1 a 1
18:38:34 4365814 1 78.7445 37.0936 1 10 1 a 1
18:38:35 4365817 1 80.4925 75.261 1 10 1 a 1
18:38:36 4365820 1 27.0854 14.3886 1 10 1 a 1
18:38:37 4365823 1 52.1824 78.2647 1 10 1 a 1
18:38:38 4365827 1 84.8592 51.4309 1 10 1 a 1
18:38:39 4365830 1 32.0822 22.2265 1 10 1 a 1
18:38:40 4365833 1 50.9498 56.642 1 10 1 a 1
18:38:41 4365837 1 67.6419 81.6532 1 10 1 a 1
18:38:42 4365840 1 51.5444 36.112 1 10 1 a 1
18:38:43 4365843 1 84.8936 25.0504 1 10 1 a 1
18:38:44 4365847 1 53.3378 68.3352 1 10 1 a 1
18:38:45 4365850 1 74.391 10.1013 1 10 1 a 1
18:38:46 4365853 1 40.5363 92.8504 1 10 1 a 1
18:38:47 4365857 1 97.3409 32.587 1 10 1 a 1
18:38:48 4365860 1 8.33296 90.4618 1 10 1 a 1
18:38:49 4365863 1 24.9932 67.8275 1 10 1 a 1
18:38:50 4365867 1 18.0567 4.06564 1 10 1 a 1
18:38:51 4365870 1 59.0472 84.5605 1 10 1 a 1
18:38:52 4365873 1 28.2003 41.8654 1 10 1 a 1
18:38:53 4365877 1 5.27362 43.3272 1 10 1 a 1
18:38:54 4365880 1 80.2371 78.2732 1 10 1 a 1
18:38:55 4365883 1 44.3744 54.7546 1 10 1 a 1
18:38:56 4365887 1 74.2919 63.7749 1 10 1 a 1
18:38:57 4365890 1 88.3298 97.0139 1 10 1 a 1
18:38:58 4365893 1 7.95644 14.5704 1 10 1 a 1
18:38:59 4365897 1 15.3241 67.6435 1 10 1 a 1
18:39:00 4365900 1 0.988925 73.982 1 10 1 a 1
18:39:01 4365903 1 90.6148 56.6127 1 10 1 a 1
18:39:02 4365907 1 30.452 8.81361 1 10 1 a 1
18:39:03 4365910 1 57.5196 21.7627 1 10 1 a 1
18:39:41 4366036 1 40.2079 90.0468 1 10 1 a 1
18:39:42 4366040 1 43.1083 88.3675 1 10 1 a 1
18:39:43 4366043 1 15.4316 78.7049 1 10 1 a 1
18:39:44 4366046 1 5.53867 48.2646 1 10 1 a 1
18:39:45 4366050 1 92.1595 3.57246 1 10 1 a 1
18:39:46 4366053 1 10.5087 86.7679 1 10 1 a 1
18:39:47 4366056 1 99.5321 37.0702 1 10 1 a 1
18:39:48 4366060 1 90.737 15.1479 1 10 1 a 1
18:39:49 4366063 1 47.7696 45.9435 1 10 1 a 1
18:39:50 4366066 1 37.1027 94.3736 1 10 1 a 1
18:39:51 4366070 1 40.6405 52.1516 1 10 1 a 1
18:39:52 4366073 1 3.23162 85.6858 1 10 1 a 1
18:39:53 4366076 1 60.1434 64.2488 1 10 1 a 1
18:39:54 4366080 1 39.5455 67.7195 1 10 1 a 1
18:39:55 4366083 1 7.37025 41.1799 1 10 1 a 1
18:39:56 4366086 1 77.0117 58.2681 1 10 1 a 1
18:39:57 4366090 1 39.3742 26.0042 1 10 1 a 1
18:39:58 4366093 1 23.0734 71.1038 1 10 1 a 1
18:39:59 4366096 1 60.2922 8.2856 1 10 1 a 1
18:40:00 4366100 1 98.4235 89.1006 1 10 1 a 1
18:40:01 4366103 1 41.6686 99.9038 1 10 1 a 1
18:40:02 4366106 1 19.5921 9.4103 1 10 1 a 1
18:40:03 4366110 1 90.5154 27.3438 1 10 1 a 1
18:40:04 4366113 1 73.1929 24.773 1 10 1 a 1
18:40:05 4366116 1 25.8586 74.7026 1 10 1 a 1
18:40:06 4366120 1 41.8103 96.8031 1 10 1 a 1
18:40:07 4366123 1 71.2476 59.6077 1 10 1 a 1
