13:51:21 19 1 4.93583 9.72775 2.0 3.0 1 a 1
13:51:22 19 1 4.93583 9.72775 2.0 3.0 1 a 1
13:51:23 19 1 4.93583 9.72775 2.0 3.0 1 a 1
13:51:24 19 1 4.93583 9.72775 2.0 3.0 1 a 1
13:51:25 19 1 4.93583 9.72775 2.0 3.0 1 a 1
13:51:26 19 1 4.93583 9.72775 2.0 3.0 1 a 1
13:51:27 19 1 4.93583 9.72775 2.0 3.0 1 a 1
13:51:28 19 1 4.93583 9.72775 2.0 3.0 1 a 1
13:51:28 19 1 4.93583 9.72775 2.0 3.0 1 a 1
13:51:29 19 1 4.93583 9.72775 2.0 3.0 1 a 1
13:51:30 19 1 4.93583 9.72775 2.0 3.0 1 a 1
13:51:31 19 1 4.93583 9.72775 2.0 3.0 1 a 0
13:51:32 19 1 4.93583 9.72775 2.0 3.0 1 a 0
13:51:33 19 1 4.93583 9.72775 2.0 3.0 1 a 0
13:51:34 19 1 4.93583 9.72775 2.0 3.0 1 a 0
13:51:35 19 1 4.93583 9.72775 2.0 3.0 1 a 0
13:51:36 19 1 4.93583 9.72775 2.0 3.0 1 a 0
13:51:37 19 1 4.93583 9.72775 2.0 3.0 1 a 0
13:51:39 19 1 4.93583 9.72775 2.0 3.0 1 a 0
13:51:39 19 1 4.93583 9.72775 2.0 3.0 1 a 0
13:51:40 19 1 4.93583 9.72775 2.0 3.0 1 a 0
13:51:41 19 1 4.93583 9.72775 2.0 3.0 1 a 0
13:51:42 19 1 4.93583 9.72775 2.0 3.0 1 a 0
13:51:44 19 1 4.93583 9.72775 2.0 3.0 1 a 0
13:51:44 19 1 4.93583 9.72775 2.0 3.0 1 a 0
13:51:46 19 1 4.93583 9.72775 2.0 3.0 1 a 0
13:51:47 19 1 4.93583 9.72775 2.0 3.0 1 a 0
13:51:48 19 1 4.93583 9.72775 2.0 3.0 1 a 0
13:51:49 19 1 4.93583 9.72775 2.0 3.0 1 a 0
13:51:50 19 1 4.93583 9.72775 2.0 3.0 1 a 0
13:51:51 19 1 4.93583 9.72775 2.0 3.0 1 a 0
13:51:52 19 1 4.93583 9.72775 2.0 3.0 1 a 0
13:51:53 19 1 4.93583 9.72775 2.0 3.0 1 a 0
13:51:54 19 1 4.93583 9.72775 2.0 3.0 1 a 0
13:51:55 19 1 4.93583 9.72775 2.0 3.0 1 a 0
13:51:56 19 1 4.93583 9.72775 2.0 3.0 1 a 0
13:51:56 19 1 4.93583 9.72775 2.0 3.0 1 a 0
13:51:57 19 1 4.93583 9.72775 2.0 3.0 1 a 0
13:51:58 19 1 4.93583 9.72775 2.0 3.0 1 a 0
13:51:59 19 1 4.93583 9.72775 2.0 3.0 1 a 0
13:52:00 19 1 4.93583 9.72775 2.0 3.0 1 a 0
13:52:01 19 1 4.93583 9.72775 2.0 3.0 1 a 0
13:52:02 19 1 4.93583 9.72775 2.0 3.0 1 a 0
13:52:03 19 1 4.93583 9.72775 2.0 3.0 1 a 0
13:52:04 19 1 4.93583 9.72775 2.0 3.0 1 a 0
13:52:05 19 1 4.93583 9.72775 2.0 3.0 1 a 0
13:52:06 19 1 4.93583 9.72775 2.0 3.0 1 a 0
13:52:07 19 1 4.93583 9.72775 2.0 3.0 1 a 0
13:52:08 19 1 4.93583 9.72775 2.0 3.0 1 a 0
13:52:09 19 1 4.93583 9.72775 2.0 3.0 1 a 0
13:52:10 19 1 4.93583 9.72775 2.0 3.0 1 a 0
13:52:11 19 1 4.93583 9.72775 2.0 3.0 1 a 0
13:52:12 19 1 4.93583 9.72775 2.0 3.0 1 a 0
13:52:13 19 1 4.93583 9.72775 2.0 3.0 1 a 0
13:52:14 19 1 4.93583 9.72775 2.0 3.0 1 a 0
13:52:15 19 1 4.93583 9.72775 2.0 3.0 1 a 0
13:52:16 19 1 4.93583 9.72775 2.0 3.0 1 a 0
13:52:17 19 1 4.93583 9.72775 2.0 3.0 1 a 0
13:52:18 19 1 4.93583 9.72775 2.0 3.0 1 a 0
13:52:19 19 1 4.93583 9.72775 2.0 3.0 1 a 0
13:52:20 19 1 4.93583 9.72775 2.0 3.0 1 a 0
13:52:21 19 1 4.93583 9.72775 2.0 3.0 1 a 0
13:52:22 19 1 4.93583 9.72775 2.0 3.0 1 a 0
13:52:23 19 1 4.93583 9.72775 2.0 3.0 1 a 0
13:52:24 19 1 4.93583 9.72775 2.0 3.0 1 a 0
13:52:25 19 1 4.93583 9.72775 2.0 3.0 1 a 0
13:52:26 19 1 4.93583 9.72775 2.0 3.0 1 a 0
13:52:27 19 1 4.93583 9.72775 2.0 3.0 1 a 0
13:52:28 19 1 4.93583 9.72775 2.0 3.0 1 a 0
13:52:29 19 1 4.93583 9.72775 2.0 3.0 1 a 0
13:52:30 19 1 4.93583 9.72775 2.0 3.0 1 a 0
13:52:31 19 1 4.93583 9.72775 2.0 3.0 1 a 0
13:52:32 19 1 4.93583 9.72775 2.0 3.0 1 a 0
13:52:33 19 1 4.93583 9.72775 2.0 3.0 1 a 0
13:52:34 19 1 4.93583 9.72775 2.0 3.0 1 a 0
13:52:35 19 1 4.93583 9.72775 2.0 3.0 1 a 0
13:52:36 19 1 4.93583 9.72775 2.0 3.0 1 a 0
13:52:37 19 1 4.93583 9.72775 2.0 3.0 1 a 0
13:52:38 19 1 4.93583 9.72775 2.0 3.0 1 a 0
13:52:39 19 1 4.93583 9.72775 2.0 3.0 1 a 0
13:52:40 19 1 4.93583 9.72775 2.0 3.0 1 a 0
13:52:41 19 1 4.93583 9.72775 2.0 3.0 1 a 0
13:52:42 19 1 4.93583 9.72775 2.0 3.0 1 a 0
13:52:43 19 1 4.93583 9.72775 2.0 3.0 1 a 0
13:52:44 19 1 4.93583 9.72775 2.0 3.0 1 a 0
13:52:45 19 1 4.93583 9.72775 2.0 3.0 1 a 0
13:52:46 19 1 4.93583 9.72775 2.0 3.0 1 a 0
13:52:47 19 1 4.93583 9.72775 2.0 3.0 1 a 0
13:52:48 19 1 4.93583 9.72775 2.0 3.0 1 a 0
13:52:49 19 1 4.93583 9.72775 2.0 3.0 1 a 0
13:52:50 19 1 4.93583 9.72775 2.0 3.0 1 a 0
13:52:51 19 1 4.93583 9.72775 2.0 3.0 1 a 0
13:52:52 19 1 4.93583 9.72775 2.0 3.0 1 a 0
13:52:53 19 1 4.93583 9.72775 2.0 3.0 1 a 0
13:52:54 19 1 4.93583 9.72775 2.0 3.0 1 a 0
13:52:55 19 1 4.93583 9.72775 2.0 3.0 1 a 0
13:52:56 19 1 4.93583 9.72775 2.0 3.0 1 a 0
13:52:57 19 1 4.93583 9.72775 2.0 3.0 1 a 0
13:52:58 19 1 4.93583 9.72775 2.0 3.0 1 a 0
13:52:59 19 1 4.93583 9.72775 2.0 3.0 1 a 0
13:53:00 19 1 4.93583 9.72775 2.0 3.0 1 a 0
13:53:01 19 1 4.93583 9.72775 2.0 3.0 1 a 0
13:53:02 19 1 4.93583 9.72775 2.0 3.0 1 a 0
13:53:03 19 1 4.93583 9.72775 2.0 3.0 1 a 0
13:53:04 19 1 4.93583 9.72775 2.0 3.0 1 a 0
13:53:05 19 1 4.93583 9.72775 2.0 3.0 1 a 0
13:53:06 19 1 4.93583 9.72775 2.0 3.0 1 a 0
13:53:07 19 1 4.93583 9.72775 2.0 3.0 1 a 0
13:53:08 19 1 4.93583 9.72775 2.0 3.0 1 a 0
13:53:09 19 1 4.93583 9.72775 2.0 3.0 1 a 0
13:53:10 19 1 4.93583 9.72775 2.0 3.0 1 a 0
13:53:11 19 1 4.93583 9.72775 2.0 3.0 1 a 0
13:53:12 19 1 4.93583 9.72775 2.0 3.0 1 a 0
13:53:13 19 1 4.93583 9.72775 2.0 3.0 1 a 0
13:53:14 19 1 4.93583 9.72775 2.0 3.0 1 a 0
13:53:15 19 1 4.93583 9.72775 2.0 3.0 1 a 0
13:53:16 19 1 4.93583 9.72775 2.0 3.0 1 a 0
13:53:17 19 1 4.93583 9.72775 2.0 3.0 1 a 0
13:53:18 19 1 4.93583 9.72775 2.0 3.0 1 a 0
13:53:19 19 1 4.93583 9.72775 2.0 3.0 1 a 0
13:53:20 19 1 4.93583 9.72775 2.0 3.0 1 a 0
13:53:21 19 1 4.93583 9.72775 2.0 3.0 1 a 0
13:53:22 19 1 4.93583 9.72775 2.0 3.0 1 a 0
14:00:49 19 1 4.93583 9.72775 2.0 3.0 1 a 0
14:00:50 19 1 4.93583 9.72775 2.0 3.0 1 a 0
14:01:14 19 1 4.93583 9.72775 2.0 3.0 1 a 0
14:01:15 19 1 4.93583 9.72775 2.0 3.0 1 a 0
14:01:16 19 1 4.93583 9.72775 2.0 3.0 1 a 0
14:01:17 19 1 4.93583 9.72775 2.0 3.0 1 a 0
14:01:18 19 1 4.93583 9.72775 2.0 3.0 1 a 0
14:01:19 19 1 4.93583 9.72775 2.0 3.0 1 a 0
14:01:20 19 1 4.93583 9.72775 2.0 3.0 1 a 0
14:01:21 19 1 4.93583 9.72775 2.0 3.0 1 a 0
14:01:22 19 1 4.93583 9.72775 2.0 3.0 1 a 0
14:01:23 19 1 4.93583 9.72775 2.0 3.0 1 a 0
14:01:24 19 1 4.93583 9.72775 2.0 3.0 1 a 0
14:01:25 19 1 4.93583 9.72775 2.0 3.0 1 a 0
14:01:26 19 1 4.93583 9.72775 2.0 3.0 1 a 0
14:01:27 19 1 4.93583 9.72775 2.0 3.0 1 a 0
14:01:28 19 1 4.93583 9.72775 2.0 3.0 1 a 0
14:01:29 19 1 4.93583 9.72775 2.0 3.0 1 a 0
14:01:30 19 1 4.93583 9.72775 2.0 3.0 1 a 0
14:01:31 19 1 4.93583 9.72775 2.0 3.0 1 a 0
14:01:32 19 1 4.93583 9.72775 2.0 3.0 1 a 0
14:01:33 19 1 4.93583 9.72775 2.0 3.0 1 a 0
14:01:34 19 1 4.93583 9.72775 2.0 3.0 1 a 0
14:01:35 19 1 4.93583 9.72775 2.0 3.0 1 a 0
14:01:36 19 1 4.93583 9.72775 2.0 3.0 1 a 0
14:01:37 19 1 4.93583 9.72775 2.0 3.0 1 a 0
14:01:38 19 1 4.93583 9.72775 2.0 3.0 1 a 0
14:01:39 19 1 4.93583 9.72775 2.0 3.0 1 a 0
14:01:40 19 1 4.93583 9.72775 2.0 3.0 1 a 0
14:01:41 19 1 4.93583 9.72775 2.0 3.0 1 a 0
14:01:42 19 1 4.93583 9.72775 2.0 3.0 1 a 0
14:01:43 19 1 4.93583 9.72775 2.0 3.0 1 a 0
14:01:44 19 1 4.93583 9.72775 2.0 3.0 1 a 0
14:01:45 19 1 4.93583 9.72775 2.0 3.0 1 a 0
14:01:46 19 1 4.93583 9.72775 2.0 3.0 1 a 0
14:01:47 19 1 4.93583 9.72775 2.0 3.0 1 a 0
14:01:48 19 1 4.93583 9.72775 2.0 3.0 1 a 0
14:01:49 19 1 4.93583 9.72775 2.0 3.0 1 a 0
14:01:50 19 1 4.93583 9.72775 2.0 3.0 1 a 0
14:01:51 19 1 4.93583 9.72775 2.0 3.0 1 a 0
14:01:52 19 1 4.93583 9.72775 2.0 3.0 1 a 0
14:01:53 19 1 4.93583 9.72775 2.0 3.0 1 a 0
14:01:54 19 1 4.93583 9.72775 2.0 3.0 1 a 0
14:01:55 19 1 4.93583 9.72775 2.0 3.0 1 a 0
14:01:56 19 1 4.93583 9.72775 2.0 3.0 1 a 0
14:01:57 19 1 4.93583 9.72775 2.0 3.0 1 a 0
14:01:58 19 1 4.93583 9.72775 2.0 3.0 1 a 0
14:01:59 19 1 4.93583 9.72775 2.0 3.0 1 a 0
14:02:00 19 1 4.93583 9.72775 2.0 3.0 1 a 0
14:02:01 19 1 4.93583 9.72775 2.0 3.0 1 a 0
14:02:02 19 1 4.93583 9.72775 2.0 3.0 1 a 0
14:02:03 19 1 4.93583 9.72775 2.0 3.0 1 a 0
14:02:04 19 1 4.93583 9.72775 2.0 3.0 1 a 0
14:02:05 19 1 4.93583 9.72775 2.0 3.0 1 a 0
14:02:06 19 1 4.93583 9.72775 2.0 3.0 1 a 0
14:02:07 19 1 4.93583 9.72775 2.0 3.0 1 a 0
14:02:08 19 1 4.93583 9.72775 2.0 3.0 1 a 0
14:02:09 19 1 4.93583 9.72775 2.0 3.0 1 a 0
14:02:10 19 1 4.93583 9.72775 2.0 3.0 1 a 0
14:02:11 19 1 4.93583 9.72775 2.0 3.0 1 a 0
14:02:12 19 1 4.93583 9.72775 2.0 3.0 1 a 0
14:02:13 19 1 4.93583 9.72775 2.0 3.0 1 a 0
14:02:14 19 1 4.93583 9.72775 2.0 3.0 1 a 0
14:02:15 19 1 4.93583 9.72775 2.0 3.0 1 a 0
14:02:16 19 1 4.93583 9.72775 2.0 3.0 1 a 0
14:02:17 19 1 4.93583 9.72775 2.0 3.0 1 a 0
14:02:18 19 1 4.93583 9.72775 2.0 3.0 1 a 0
14:02:19 19 1 4.93583 9.72775 2.0 3.0 1 a 0
14:02:20 19 1 4.93583 9.72775 2.0 3.0 1 a 0
14:02:21 19 1 4.93583 9.72775 2.0 3.0 1 a 0
14:02:22 19 1 4.93583 9.72775 2.0 3.0 1 a 0
14:02:23 19 1 4.93583 9.72775 2.0 3.0 1 a 0
14:02:24 19 1 4.93583 9.72775 2.0 3.0 1 a 0
14:02:25 19 1 4.93583 9.72775 2.0 3.0 1 a 0
14:02:26 19 1 4.93583 9.72775 2.0 3.0 1 a 0
14:02:27 19 1 4.93583 9.72775 2.0 3.0 1 a 0
14:02:28 19 1 4.93583 9.72775 2.0 3.0 1 a 0
14:02:29 19 1 4.93583 9.72775 2.0 3.0 1 a 0
14:02:30 19 1 4.93583 9.72775 2.0 3.0 1 a 0
14:02:31 19 1 4.93583 9.72775 2.0 3.0 1 a 0
14:02:32 19 1 4.93583 9.72775 2.0 3.0 1 a 0
14:02:33 19 1 4.93583 9.72775 2.0 3.0 1 a 0
14:02:34 19 1 4.93583 9.72775 2.0 3.0 1 a 0
14:02:35 19 1 4.93583 9.72775 2.0 3.0 1 a 0
14:02:36 19 1 4.93583 9.72775 2.0 3.0 1 a 0
14:02:37 19 1 4.93583 9.72775 2.0 3.0 1 a 0
14:02:38 19 1 4.93583 9.72775 2.0 3.0 1 a 0
14:02:39 19 1 4.93583 9.72775 2.0 3.0 1 a 0
14:02:40 19 1 4.93583 9.72775 2.0 3.0 1 a 0
14:02:41 19 1 4.93583 9.72775 2.0 3.0 1 a 0
14:02:42 19 1 4.93583 9.72775 2.0 3.0 1 a 0
14:02:43 19 1 4.93583 9.72775 2.0 3.0 1 a 0
14:02:44 19 1 4.93583 9.72775 2.0 3.0 1 a 0
14:02:45 19 1 4.93583 9.72775 2.0 3.0 1 a 0
14:02:46 19 1 4.93583 9.72775 2.0 3.0 1 a 0
14:02:47 19 1 4.93583 9.72775 2.0 3.0 1 a 0
14:02:48 19 1 4.93583 9.72775 2.0 3.0 1 a 0
14:02:49 19 1 4.93583 9.72775 2.0 3.0 1 a 0
14:02:50 19 1 4.93583 9.72775 2.0 3.0 1 a 0
14:02:51 19 1 4.93583 9.72775 2.0 3.0 1 a 0
14:02:52 19 1 4.93583 9.72775 2.0 3.0 1 a 0
14:02:53 19 1 4.93583 9.72775 2.0 3.0 1 a 0
14:02:54 19 1 4.93583 9.72775 2.0 3.0 1 a 0
14:02:55 19 1 4.93583 9.72775 2.0 3.0 1 a 0
14:02:56 19 1 4.93583 9.72775 2.0 3.0 1 a 0
14:02:57 19 1 4.93583 9.72775 2.0 3.0 1 a 0
14:02:58 19 1 4.93583 9.72775 2.0 3.0 1 a 0
14:02:59 19 1 4.93583 9.72775 2.0 3.0 1 a 0
14:03:00 19 1 4.93583 9.72775 2.0 3.0 1 a 0
14:03:01 19 1 4.93583 9.72775 2.0 3.0 1 a 0
14:03:02 19 1 4.93583 9.72775 2.0 3.0 1 a 0
14:03:03 19 1 4.93583 9.72775 2.0 3.0 1 a 0
14:03:04 19 1 4.93583 9.72775 2.0 3.0 1 a 0
14:03:05 19 1 4.93583 9.72775 2.0 3.0 1 a 0
14:03:06 19 1 4.93583 9.72775 2.0 3.0 1 a 0
14:03:07 19 1 4.93583 9.72775 2.0 3.0 1 a 0
14:03:08 19 1 4.93583 9.72775 2.0 3.0 1 a 0
14:03:09 19 1 4.93583 9.72775 2.0 3.0 1 a 0
14:03:10 19 1 4.93583 9.72775 2.0 3.0 1 a 0
14:03:11 19 1 4.93583 9.72775 2.0 3.0 1 a 0
14:03:12 19 1 4.93583 9.72775 2.0 3.0 1 a 0
14:03:13 19 1 4.93583 9.72775 2.0 3.0 1 a 0
14:03:14 19 1 4.93583 9.72775 2.0 3.0 1 a 0
14:03:15 19 1 4.93583 9.72775 2.0 3.0 1 a 0
14:03:16 19 1 4.93583 9.72775 2.0 3.0 1 a 0
14:03:17 19 1 4.93583 9.72775 2.0 3.0 1 a 0
14:03:18 19 1 4.93583 9.72775 2.0 3.0 1 a 0
14:03:19 19 1 4.93583 9.72775 2.0 3.0 1 a 0
14:03:20 19 1 4.93583 9.72775 2.0 3.0 1 a 0
14:03:21 19 1 4.93583 9.72775 2.0 3.0 1 a 0
14:03:22 19 1 4.93583 9.72775 2.0 3.0 1 a 0
14:03:23 19 1 4.93583 9.72775 2.0 3.0 1 a 0
14:03:24 19 1 4.93583 9.72775 2.0 3.0 1 a 0
14:03:25 19 1 4.93583 9.72775 2.0 3.0 1 a 0
14:03:26 19 1 4.93583 9.72775 2.0 3.0 1 a 0
14:03:27 19 1 4.93583 9.72775 2.0 3.0 1 a 0
14:03:28 19 1 4.93583 9.72775 2.0 3.0 1 a 0
14:03:29 19 1 4.93583 9.72775 2.0 3.0 1 a 0
14:03:30 19 1 4.93583 9.72775 2.0 3.0 1 a 0
14:03:31 19 1 4.93583 9.72775 2.0 3.0 1 a 0
14:03:32 19 1 4.93583 9.72775 2.0 3.0 1 a 0
14:03:33 19 1 4.93583 9.72775 2.0 3.0 1 a 0
14:03:34 19 1 4.93583 9.72775 2.0 3.0 1 a 0
14:03:35 19 1 4.93583 9.72775 2.0 3.0 1 a 0
14:03:36 19 1 4.93583 9.72775 2.0 3.0 1 a 0
14:03:37 19 1 4.93583 9.72775 2.0 3.0 1 a 0
14:03:38 19 1 4.93583 9.72775 2.0 3.0 1 a 0
14:03:39 19 1 4.93583 9.72775 2.0 3.0 1 a 0
14:03:40 19 1 4.93583 9.72775 2.0 3.0 1 a 0
14:03:41 19 1 4.93583 9.72775 2.0 3.0 1 a 0
14:03:42 19 1 4.93583 9.72775 2.0 3.0 1 a 0
14:03:43 19 1 4.93583 9.72775 2.0 3.0 1 a 0
14:03:44 19 1 4.93583 9.72775 2.0 3.0 1 a 0
14:03:45 19 1 4.93583 9.72775 2.0 3.0 1 a 0
14:03:46 19 1 4.93583 9.72775 2.0 3.0 1 a 0
14:03:47 19 1 4.93583 9.72775 2.0 3.0 1 a 0
14:03:48 19 1 4.93583 9.72775 2.0 3.0 1 a 0
14:03:49 19 1 4.93583 9.72775 2.0 3.0 1 a 0
14:03:50 19 1 4.93583 9.72775 2.0 3.0 1 a 0
14:03:51 19 1 4.93583 9.72775 2.0 3.0 1 a 0
14:03:52 19 1 4.93583 9.72775 2.0 3.0 1 a 0
14:03:53 19 1 4.93583 9.72775 2.0 3.0 1 a 0
14:03:54 19 1 4.93583 9.72775 2.0 3.0 1 a 0
14:03:55 19 1 4.93583 9.72775 2.0 3.0 1 a 0
14:03:56 19 1 4.93583 9.72775 2.0 3.0 1 a 0
14:03:57 19 1 4.93583 9.72775 2.0 3.0 1 a 0
14:03:58 19 1 4.93583 9.72775 2.0 3.0 1 a 0
14:03:59 19 1 4.93583 9.72775 2.0 3.0 1 a 0
14:04:00 19 1 4.93583 9.72775 2.0 3.0 1 a 0
14:04:01 19 1 4.93583 9.72775 2.0 3.0 1 a 0
14:04:02 19 1 4.93583 9.72775 2.0 3.0 1 a 0
14:04:03 19 1 4.93583 9.72775 2.0 3.0 1 a 0
14:04:04 19 1 4.93583 9.72775 2.0 3.0 1 a 0
14:04:05 19 1 4.93583 9.72775 2.0 3.0 1 a 0
14:04:06 19 1 4.93583 9.72775 2.0 3.0 1 a 0
14:04:07 19 1 4.93583 9.72775 2.0 3.0 1 a 0
14:04:08 19 1 4.93583 9.72775 2.0 3.0 1 a 0
14:04:09 19 1 4.93583 9.72775 2.0 3.0 1 a 0
14:04:10 19 1 4.93583 9.72775 2.0 3.0 1 a 0
14:04:11 19 1 4.93583 9.72775 2.0 3.0 1 a 0
14:04:12 19 1 4.93583 9.72775 2.0 3.0 1 a 0
14:04:13 19 1 4.93583 9.72775 2.0 3.0 1 a 0
14:04:14 19 1 4.93583 9.72775 2.0 3.0 1 a 0
14:04:15 19 1 4.93583 9.72775 2.0 3.0 1 a 0
14:04:16 19 1 4.93583 9.72775 2.0 3.0 1 a 0
14:04:18 19 1 4.93583 9.72775 2.0 3.0 1 a 0
14:04:19 19 1 4.93583 9.72775 2.0 3.0 1 a 0
14:04:20 19 1 4.93583 9.72775 2.0 3.0 1 a 0
14:04:21 19 1 4.93583 9.72775 2.0 3.0 1 a 0
14:04:22 19 1 4.93583 9.72775 2.0 3.0 1 a 0
14:04:23 19 1 4.93583 9.72775 2.0 3.0 1 a 0
14:04:24 19 1 4.93583 9.72775 2.0 3.0 1 a 0
14:04:25 19 1 4.93583 9.72775 2.0 3.0 1 a 0
14:04:26 19 1 4.93583 9.72775 2.0 3.0 1 a 0
14:04:27 19 1 4.93583 9.72775 2.0 3.0 1 a 0
14:04:28 19 1 4.93583 9.72775 2.0 3.0 1 a 0
14:04:29 19 1 4.93583 9.72775 2.0 3.0 1 a 0
14:04:30 19 1 4.93583 9.72775 2.0 3.0 1 a 0
14:04:31 19 1 4.93583 9.72775 2.0 3.0 1 a 0
14:04:32 19 1 4.93583 9.72775 2.0 3.0 1 a 0
14:04:33 19 1 4.93583 9.72775 2.0 3.0 1 a 0
14:04:34 19 1 4.93583 9.72775 2.0 3.0 1 a 0
14:04:35 19 1 4.93583 9.72775 2.0 3.0 1 a 0
14:04:36 19 1 4.93583 9.72775 2.0 3.0 1 a 0
14:04:37 19 1 4.93583 9.72775 2.0 3.0 1 a 0
14:04:38 19 1 4.93583 9.72775 2.0 3.0 1 a 0
14:04:39 19 1 4.93583 9.72775 2.0 3.0 1 a 0
14:04:40 19 1 4.93583 9.72775 2.0 3.0 1 a 0
14:04:41 19 1 4.93583 9.72775 2.0 3.0 1 a 0
14:04:42 19 1 4.93583 9.72775 2.0 3.0 1 a 0
14:04:43 19 1 4.93583 9.72775 2.0 3.0 1 a 0
14:04:44 19 1 4.93583 9.72775 2.0 3.0 1 a 0
14:04:45 19 1 4.93583 9.72775 2.0 3.0 1 a 0
14:04:46 19 1 4.93583 9.72775 2.0 3.0 1 a 0
14:04:47 19 1 4.93583 9.72775 2.0 3.0 1 a 0
14:04:48 19 1 4.93583 9.72775 2.0 3.0 1 a 0
14:04:49 19 1 4.93583 9.72775 2.0 3.0 1 a 0
14:04:50 19 1 4.93583 9.72775 2.0 3.0 1 a 0
14:04:51 19 1 4.93583 9.72775 2.0 3.0 1 a 0
14:04:52 19 1 4.93583 9.72775 2.0 3.0 1 a 0
14:04:53 19 1 4.93583 9.72775 2.0 3.0 1 a 0
14:04:54 19 1 4.93583 9.72775 2.0 3.0 1 a 0
14:04:55 19 1 4.93583 9.72775 2.0 3.0 1 a 0
14:04:56 19 1 4.93583 9.72775 2.0 3.0 1 a 0
14:04:57 19 1 4.93583 9.72775 2.0 3.0 1 a 0
14:04:58 19 1 4.93583 9.72775 2.0 3.0 1 a 0
14:04:59 19 1 4.93583 9.72775 2.0 3.0 1 a 0
14:05:00 19 1 4.93583 9.72775 2.0 3.0 1 a 0
14:05:01 19 1 4.93583 9.72775 2.0 3.0 1 a 0
14:05:02 19 1 4.93583 9.72775 2.0 3.0 1 a 0
14:05:03 19 1 4.93583 9.72775 2.0 3.0 1 a 0
14:05:04 19 1 4.93583 9.72775 2.0 3.0 1 a 0
14:05:05 19 1 4.93583 9.72775 2.0 3.0 1 a 0
14:05:06 19 1 4.93583 9.72775 2.0 3.0 1 a 0
14:05:07 19 1 4.93583 9.72775 2.0 3.0 1 a 0
14:05:08 19 1 4.93583 9.72775 2.0 3.0 1 a 0
14:05:09 19 1 4.93583 9.72775 2.0 3.0 1 a 0
14:05:10 19 1 4.93583 9.72775 2.0 3.0 1 a 0
14:05:11 19 1 4.93583 9.72775 2.0 3.0 1 a 0
14:05:12 19 1 4.93583 9.72775 2.0 3.0 1 a 0
14:05:13 19 1 4.93583 9.72775 2.0 3.0 1 a 0
14:05:14 19 1 4.93583 9.72775 2.0 3.0 1 a 0
14:05:15 19 1 4.93583 9.72775 2.0 3.0 1 a 0
14:05:16 19 1 4.93583 9.72775 2.0 3.0 1 a 0
14:05:17 19 1 4.93583 9.72775 2.0 3.0 1 a 0
14:05:18 19 1 4.93583 9.72775 2.0 3.0 1 a 0
14:05:19 19 1 4.93583 9.72775 2.0 3.0 1 a 0
14:05:20 19 1 4.93583 9.72775 2.0 3.0 1 a 0
14:05:21 19 1 4.93583 9.72775 2.0 3.0 1 a 0
14:05:22 19 1 4.93583 9.72775 2.0 3.0 1 a 0
14:05:23 19 1 4.93583 9.72775 2.0 3.0 1 a 0
14:05:24 19 1 4.93583 9.72775 2.0 3.0 1 a 0
14:05:25 19 1 4.93583 9.72775 2.0 3.0 1 a 0
14:05:26 19 1 4.93583 9.72775 2.0 3.0 1 a 0
14:05:27 19 1 4.93583 9.72775 2.0 3.0 1 a 0
14:05:28 19 1 4.93583 9.72775 2.0 3.0 1 a 0
14:05:29 19 1 4.93583 9.72775 2.0 3.0 1 a 0
14:05:30 19 1 4.93583 9.72775 2.0 3.0 1 a 0
14:05:31 19 1 4.93583 9.72775 2.0 3.0 1 a 0
14:05:32 19 1 4.93583 9.72775 2.0 3.0 1 a 0
14:05:33 19 1 4.93583 9.72775 2.0 3.0 1 a 0
14:05:34 19 1 4.93583 9.72775 2.0 3.0 1 a 0
14:05:35 19 1 4.93583 9.72775 2.0 3.0 1 a 0
14:05:36 19 1 4.93583 9.72775 2.0 3.0 1 a 0
14:05:37 19 1 4.93583 9.72775 2.0 3.0 1 a 0
14:05:38 19 1 4.93583 9.72775 2.0 3.0 1 a 0
14:05:39 19 1 4.93583 9.72775 2.0 3.0 1 a 0
14:05:40 19 1 4.93583 9.72775 2.0 3.0 1 a 0
14:05:41 19 1 4.93583 9.72775 2.0 3.0 1 a 0
14:05:42 19 1 4.93583 9.72775 2.0 3.0 1 a 0
14:05:43 19 1 4.93583 9.72775 2.0 3.0 1 a 0
14:05:44 19 1 4.93583 9.72775 2.0 3.0 1 a 0
14:05:45 19 1 4.93583 9.72775 2.0 3.0 1 a 0
14:05:46 19 1 4.93583 9.72775 2.0 3.0 1 a 0
14:05:47 19 1 4.93583 9.72775 2.0 3.0 1 a 0
14:05:48 19 1 4.93583 9.72775 2.0 3.0 1 a 0
14:05:49 19 1 4.93583 9.72775 2.0 3.0 1 a 0
14:05:50 19 1 4.93583 9.72775 2.0 3.0 1 a 0
14:05:51 19 1 4.93583 9.72775 2.0 3.0 1 a 0
14:05:52 19 1 4.93583 9.72775 2.0 3.0 1 a 0
14:05:53 19 1 4.93583 9.72775 2.0 3.0 1 a 0
14:05:54 19 1 4.93583 9.72775 2.0 3.0 1 a 0
14:05:55 19 1 4.93583 9.72775 2.0 3.0 1 a 0
14:05:56 19 1 4.93583 9.72775 2.0 3.0 1 a 0
14:05:57 19 1 4.93583 9.72775 2.0 3.0 1 a 0
14:05:58 19 1 4.93583 9.72775 2.0 3.0 1 a 0
14:05:59 19 1 4.93583 9.72775 2.0 3.0 1 a 0
14:06:00 19 1 4.93583 9.72775 2.0 3.0 1 a 0
14:06:01 19 1 4.93583 9.72775 2.0 3.0 1 a 0
14:06:02 19 1 4.93583 9.72775 2.0 3.0 1 a 0
14:06:03 19 1 4.93583 9.72775 2.0 3.0 1 a 0
14:06:04 19 1 4.93583 9.72775 2.0 3.0 1 a 0
14:06:05 19 1 4.93583 9.72775 2.0 3.0 1 a 0
14:06:06 19 1 4.93583 9.72775 2.0 3.0 1 a 0
14:06:07 19 1 4.93583 9.72775 2.0 3.0 1 a 0
14:06:08 19 1 4.93583 9.72775 2.0 3.0 1 a 0
14:06:09 19 1 4.93583 9.72775 2.0 3.0 1 a 0
14:06:10 19 1 4.93583 9.72775 2.0 3.0 1 a 0
14:06:11 19 1 4.93583 9.72775 2.0 3.0 1 a 0
14:06:12 19 1 4.93583 9.72775 2.0 3.0 1 a 0
14:06:13 19 1 4.93583 9.72775 2.0 3.0 1 a 0
14:06:14 19 1 4.93583 9.72775 2.0 3.0 1 a 0
14:06:15 19 1 4.93583 9.72775 2.0 3.0 1 a 0
14:06:16 19 1 4.93583 9.72775 2.0 3.0 1 a 0
14:06:17 19 1 4.93583 9.72775 2.0 3.0 1 a 0
14:06:18 19 1 4.93583 9.72775 2.0 3.0 1 a 0
14:06:19 19 1 4.93583 9.72775 2.0 3.0 1 a 0
14:06:20 19 1 4.93583 9.72775 2.0 3.0 1 a 0
14:06:21 19 1 4.93583 9.72775 2.0 3.0 1 a 0
14:06:22 19 1 4.93583 9.72775 2.0 3.0 1 a 0
14:06:23 19 1 4.93583 9.72775 2.0 3.0 1 a 0
14:06:24 19 1 4.93583 9.72775 2.0 3.0 1 a 0
14:06:25 19 1 4.93583 9.72775 2.0 3.0 1 a 0
14:06:26 19 1 4.93583 9.72775 2.0 3.0 1 a 0
14:06:27 19 1 4.93583 9.72775 2.0 3.0 1 a 0
14:06:28 19 1 4.93583 9.72775 2.0 3.0 1 a 0
14:06:29 19 1 4.93583 9.72775 2.0 3.0 1 a 0
14:06:30 19 1 4.93583 9.72775 2.0 3.0 1 a 0
14:06:31 19 1 4.93583 9.72775 2.0 3.0 1 a 0
14:06:32 19 1 4.93583 9.72775 2.0 3.0 1 a 0
14:06:33 19 1 4.93583 9.72775 2.0 3.0 1 a 0
14:06:34 19 1 4.93583 9.72775 2.0 3.0 1 a 0
14:06:35 19 1 4.93583 9.72775 2.0 3.0 1 a 0
14:06:36 19 1 4.93583 9.72775 2.0 3.0 1 a 0
14:06:37 19 1 4.93583 9.72775 2.0 3.0 1 a 0
14:06:38 19 1 4.93583 9.72775 2.0 3.0 1 a 0
14:06:39 19 1 4.93583 9.72775 2.0 3.0 1 a 0
14:06:40 19 1 4.93583 9.72775 2.0 3.0 1 a 0
14:06:41 19 1 4.93583 9.72775 2.0 3.0 1 a 0
14:06:42 19 1 4.93583 9.72775 2.0 3.0 1 a 0
14:06:43 19 1 4.93583 9.72775 2.0 3.0 1 a 0
14:06:44 19 1 4.93583 9.72775 2.0 3.0 1 a 0
14:06:45 19 1 4.93583 9.72775 2.0 3.0 1 a 0
14:06:49 19 1 4.93583 9.72775 2.0 3.0 1 a 
14:06:50 19 1 4.93583 9.72775 2.0 3.0 1 a 
14:06:51 19 1 4.93583 9.72775 2.0 3.0 1 a 
14:06:52 19 1 4.93583 9.72775 2.0 3.0 1 a 
14:06:53 19 1 4.93583 9.72775 2.0 3.0 1 a 
14:06:54 19 1 4.93583 9.72775 2.0 3.0 1 a 
14:06:55 19 1 4.93583 9.72775 2.0 3.0 1 a 
14:06:56 19 1 4.93583 9.72775 2.0 3.0 1 a 
14:06:57 19 1 4.93583 9.72775 2.0 3.0 1 a 
14:06:58 19 1 4.93583 9.72775 2.0 3.0 1 a 
14:06:59 19 1 4.93583 9.72775 2.0 3.0 1 a 
14:07:00 19 1 4.93583 9.72775 2.0 3.0 1 a 
14:07:01 19 1 4.93583 9.72775 2.0 3.0 1 a 
14:07:02 19 1 4.93583 9.72775 2.0 3.0 1 a 
14:07:03 19 1 4.93583 9.72775 2.0 3.0 1 a 
14:07:04 19 1 4.93583 9.72775 2.0 3.0 1 a 
14:07:05 19 1 4.93583 9.72775 2.0 3.0 1 a 
14:07:06 19 1 4.93583 9.72775 2.0 3.0 1 a 
14:07:07 19 1 4.93583 9.72775 2.0 3.0 1 a 
14:07:08 19 1 4.93583 9.72775 2.0 3.0 1 a 
14:07:09 19 1 4.93583 9.72775 2.0 3.0 1 a 
14:07:10 19 1 4.93583 9.72775 2.0 3.0 1 a 
14:07:11 19 1 4.93583 9.72775 2.0 3.0 1 a 
14:07:12 19 1 4.93583 9.72775 2.0 3.0 1 a 
14:07:13 19 1 4.93583 9.72775 2.0 3.0 1 a 
14:07:14 19 1 4.93583 9.72775 2.0 3.0 1 a 
14:07:15 19 1 4.93583 9.72775 2.0 3.0 1 a 
14:07:16 19 1 4.93583 9.72775 2.0 3.0 1 a 
14:07:17 19 1 4.93583 9.72775 2.0 3.0 1 a 
14:07:18 19 1 4.93583 9.72775 2.0 3.0 1 a 
14:07:19 19 1 4.93583 9.72775 2.0 3.0 1 a 
14:07:20 19 1 4.93583 9.72775 2.0 3.0 1 a 
14:07:21 19 1 4.93583 9.72775 2.0 3.0 1 a 
14:07:22 19 1 4.93583 9.72775 2.0 3.0 1 a 
14:07:23 19 1 4.93583 9.72775 2.0 3.0 1 a 
14:07:24 19 1 4.93583 9.72775 2.0 3.0 1 a 
14:07:25 19 1 4.93583 9.72775 2.0 3.0 1 a 
14:07:26 19 1 4.93583 9.72775 2.0 3.0 1 a 
14:07:27 19 1 4.93583 9.72775 2.0 3.0 1 a 
14:07:28 19 1 4.93583 9.72775 2.0 3.0 1 a 
14:07:29 19 1 4.93583 9.72775 2.0 3.0 1 a 
14:07:30 19 1 4.93583 9.72775 2.0 3.0 1 a 
14:07:31 19 1 4.93583 9.72775 2.0 3.0 1 a 
14:07:32 19 1 4.93583 9.72775 2.0 3.0 1 a 
14:07:33 19 1 4.93583 9.72775 2.0 3.0 1 a 
14:07:34 19 1 4.93583 9.72775 2.0 3.0 1 a 
14:07:35 19 1 4.93583 9.72775 2.0 3.0 1 a 
14:07:36 19 1 4.93583 9.72775 2.0 3.0 1 a 
14:07:37 19 1 4.93583 9.72775 2.0 3.0 1 a 
14:07:38 19 1 4.93583 9.72775 2.0 3.0 1 a 
14:07:39 19 1 4.93583 9.72775 2.0 3.0 1 a 
14:07:40 19 1 4.93583 9.72775 2.0 3.0 1 a 
14:07:41 19 1 4.93583 9.72775 2.0 3.0 1 a 
14:07:42 19 1 4.93583 9.72775 2.0 3.0 1 a 
14:07:43 19 1 4.93583 9.72775 2.0 3.0 1 a 
14:07:44 19 1 4.93583 9.72775 2.0 3.0 1 a 
14:07:45 19 1 4.93583 9.72775 2.0 3.0 1 a 
14:07:46 19 1 4.93583 9.72775 2.0 3.0 1 a 
14:07:47 19 1 4.93583 9.72775 2.0 3.0 1 a 
14:07:48 19 1 4.93583 9.72775 2.0 3.0 1 a 
14:07:49 19 1 4.93583 9.72775 2.0 3.0 1 a 
14:07:50 19 1 4.93583 9.72775 2.0 3.0 1 a 
14:07:51 19 1 4.93583 9.72775 2.0 3.0 1 a 
14:07:52 19 1 4.93583 9.72775 2.0 3.0 1 a 
14:07:53 19 1 4.93583 9.72775 2.0 3.0 1 a 
14:07:54 19 1 4.93583 9.72775 2.0 3.0 1 a 
14:07:55 19 1 4.93583 9.72775 2.0 3.0 1 a 
14:07:56 19 1 4.93583 9.72775 2.0 3.0 1 a 
14:07:57 19 1 4.93583 9.72775 2.0 3.0 1 a 
14:07:58 19 1 4.93583 9.72775 2.0 3.0 1 a 
14:07:59 19 1 4.93583 9.72775 2.0 3.0 1 a 
14:08:00 19 1 4.93583 9.72775 2.0 3.0 1 a 
14:08:01 19 1 4.93583 9.72775 2.0 3.0 1 a 
14:08:02 19 1 4.93583 9.72775 2.0 3.0 1 a 
14:08:03 19 1 4.93583 9.72775 2.0 3.0 1 a 
14:08:04 19 1 4.93583 9.72775 2.0 3.0 1 a 
14:08:05 19 1 4.93583 9.72775 2.0 3.0 1 a 
14:08:06 19 1 4.93583 9.72775 2.0 3.0 1 a 
14:08:07 19 1 4.93583 9.72775 2.0 3.0 1 a 
14:08:08 19 1 4.93583 9.72775 2.0 3.0 1 a 
14:08:09 19 1 4.93583 9.72775 2.0 3.0 1 a 
14:08:10 19 1 4.93583 9.72775 2.0 3.0 1 a 
14:08:11 19 1 4.93583 9.72775 2.0 3.0 1 a 
14:08:12 19 1 4.93583 9.72775 2.0 3.0 1 a 
14:08:13 19 1 4.93583 9.72775 2.0 3.0 1 a 
14:08:14 19 1 4.93583 9.72775 2.0 3.0 1 a 
14:08:15 19 1 4.93583 9.72775 2.0 3.0 1 a 
14:08:16 19 1 4.93583 9.72775 2.0 3.0 1 a 
14:08:17 19 1 4.93583 9.72775 2.0 3.0 1 a 
14:08:18 19 1 4.93583 9.72775 2.0 3.0 1 a 
14:08:19 19 1 4.93583 9.72775 2.0 3.0 1 a 
14:08:20 19 1 4.93583 9.72775 2.0 3.0 1 a 
14:08:21 19 1 4.93583 9.72775 2.0 3.0 1 a 
14:08:22 19 1 4.93583 9.72775 2.0 3.0 1 a 
14:08:23 19 1 4.93583 9.72775 2.0 3.0 1 a 
14:08:24 19 1 4.93583 9.72775 2.0 3.0 1 a 
14:08:25 19 1 4.93583 9.72775 2.0 3.0 1 a 
14:08:26 19 1 4.93583 9.72775 2.0 3.0 1 a 
14:08:27 19 1 4.93583 9.72775 2.0 3.0 1 a 
14:08:28 19 1 4.93583 9.72775 2.0 3.0 1 a 
14:08:29 19 1 4.93583 9.72775 2.0 3.0 1 a 
14:08:30 19 1 4.93583 9.72775 2.0 3.0 1 a 
14:08:31 19 1 4.93583 9.72775 2.0 3.0 1 a 
14:08:32 19 1 4.93583 9.72775 2.0 3.0 1 a 
14:08:33 19 1 4.93583 9.72775 2.0 3.0 1 a 
14:08:34 19 1 4.93583 9.72775 2.0 3.0 1 a 
14:08:35 19 1 4.93583 9.72775 2.0 3.0 1 a 
14:08:36 19 1 4.93583 9.72775 2.0 3.0 1 a 
14:08:37 19 1 4.93583 9.72775 2.0 3.0 1 a 
14:08:38 19 1 4.93583 9.72775 2.0 3.0 1 a 
14:08:39 19 1 4.93583 9.72775 2.0 3.0 1 a 
14:08:40 19 1 4.93583 9.72775 2.0 3.0 1 a 
14:08:41 19 1 4.93583 9.72775 2.0 3.0 1 a 
14:08:42 19 1 4.93583 9.72775 2.0 3.0 1 a 
14:08:43 19 1 4.93583 9.72775 2.0 3.0 1 a 
14:08:44 19 1 4.93583 9.72775 2.0 3.0 1 a 
14:08:45 19 1 4.93583 9.72775 2.0 3.0 1 a 
14:08:46 19 1 4.93583 9.72775 2.0 3.0 1 a 
14:08:47 19 1 4.93583 9.72775 2.0 3.0 1 a 
14:08:48 19 1 4.93583 9.72775 2.0 3.0 1 a 
14:08:49 19 1 4.93583 9.72775 2.0 3.0 1 a 
14:08:50 19 1 4.93583 9.72775 2.0 3.0 1 a 
14:08:51 19 1 4.93583 9.72775 2.0 3.0 1 a 
14:08:52 19 1 4.93583 9.72775 2.0 3.0 1 a 
14:08:53 19 1 4.93583 9.72775 2.0 3.0 1 a 
14:08:54 19 1 4.93583 9.72775 2.0 3.0 1 a 
14:08:55 19 1 4.93583 9.72775 2.0 3.0 1 a 
14:08:56 19 1 4.93583 9.72775 2.0 3.0 1 a 
14:08:57 19 1 4.93583 9.72775 2.0 3.0 1 a 
14:08:58 19 1 4.93583 9.72775 2.0 3.0 1 a 
14:08:59 19 1 4.93583 9.72775 2.0 3.0 1 a 
14:09:00 19 1 4.93583 9.72775 2.0 3.0 1 a 
14:09:01 19 1 4.93583 9.72775 2.0 3.0 1 a 
14:09:02 19 1 4.93583 9.72775 2.0 3.0 1 a 
14:09:03 19 1 4.93583 9.72775 2.0 3.0 1 a 
14:09:04 19 1 4.93583 9.72775 2.0 3.0 1 a 
14:09:05 19 1 4.93583 9.72775 2.0 3.0 1 a 
14:09:06 19 1 4.93583 9.72775 2.0 3.0 1 a 
14:09:07 19 1 4.93583 9.72775 2.0 3.0 1 a 
14:09:08 19 1 4.93583 9.72775 2.0 3.0 1 a 
14:09:09 19 1 4.93583 9.72775 2.0 3.0 1 a 
14:09:10 19 1 4.93583 9.72775 2.0 3.0 1 a 
14:09:11 19 1 4.93583 9.72775 2.0 3.0 1 a 
14:09:12 19 1 4.93583 9.72775 2.0 3.0 1 a 
14:09:13 19 1 4.93583 9.72775 2.0 3.0 1 a 
14:09:14 19 1 4.93583 9.72775 2.0 3.0 1 a 
14:09:15 19 1 4.93583 9.72775 2.0 3.0 1 a 
14:09:16 19 1 4.93583 9.72775 2.0 3.0 1 a 
14:09:17 19 1 4.93583 9.72775 2.0 3.0 1 a 
14:09:18 19 1 4.93583 9.72775 2.0 3.0 1 a 
14:09:19 19 1 4.93583 9.72775 2.0 3.0 1 a 
14:09:20 19 1 4.93583 9.72775 2.0 3.0 1 a 
14:09:21 19 1 4.93583 9.72775 2.0 3.0 1 a 
14:09:22 19 1 4.93583 9.72775 2.0 3.0 1 a 
14:09:23 19 1 4.93583 9.72775 2.0 3.0 1 a 
14:09:24 19 1 4.93583 9.72775 2.0 3.0 1 a 
14:09:25 19 1 4.93583 9.72775 2.0 3.0 1 a 
14:09:26 19 1 4.93583 9.72775 2.0 3.0 1 a 
14:09:27 19 1 4.93583 9.72775 2.0 3.0 1 a 
14:09:28 19 1 4.93583 9.72775 2.0 3.0 1 a 
14:09:29 19 1 4.93583 9.72775 2.0 3.0 1 a 
14:09:30 19 1 4.93583 9.72775 2.0 3.0 1 a 
14:09:31 19 1 4.93583 9.72775 2.0 3.0 1 a 
14:09:32 19 1 4.93583 9.72775 2.0 3.0 1 a 
14:09:33 19 1 4.93583 9.72775 2.0 3.0 1 a 
14:09:34 19 1 4.93583 9.72775 2.0 3.0 1 a 
14:09:35 19 1 4.93583 9.72775 2.0 3.0 1 a 
14:09:36 19 1 4.93583 9.72775 2.0 3.0 1 a 
14:09:37 19 1 4.93583 9.72775 2.0 3.0 1 a 
14:09:38 19 1 4.93583 9.72775 2.0 3.0 1 a 
14:09:39 19 1 4.93583 9.72775 2.0 3.0 1 a 
14:10:18 19 1 4.93583 9.72775 2.0 3.0 1 a 
14:10:18 19 1 4.93583 9.72775 2.0 3.0 1 a 
14:10:18 19 1 4.93583 9.72775 2.0 3.0 1 a 
14:10:19 19 1 4.93583 9.72775 2.0 3.0 1 a 
14:10:19 19 1 4.93583 9.72775 2.0 3.0 1 a 
14:10:19 19 1 4.93583 9.72775 2.0 3.0 1 a 
14:10:20 19 1 4.93583 9.72775 2.0 3.0 1 a 
14:10:20 19 1 4.93583 9.72775 2.0 3.0 1 a 
14:10:20 19 1 4.93583 9.72775 2.0 3.0 1 a 
14:10:21 19 1 4.93583 9.72775 2.0 3.0 1 a 
14:10:21 19 1 4.93583 9.72775 2.0 3.0 1 a 
14:10:21 19 1 4.93583 9.72775 2.0 3.0 1 a 
14:10:22 time x y voltage current 
14:10:22 1 1 2 2 4 234 23 4 23 
14:10:22  
14:10:23 time x y voltage current 
14:10:23 1 1 2 2 4 234 23 4 23 
14:10:23  
14:10:24 time x y voltage current 
14:10:24 1 1 2 2 4 234 23 4 23 
14:10:24  
14:10:25 time x y voltage current 
14:10:25 1 1 2 2 4 234 23 4 23 
14:10:25  
14:10:26 time x y voltage current 
14:10:26 1 1 2 2 4 234 23 4 23 
14:10:26  
14:10:27 time x y voltage current 
14:10:27 1 1 2 2 4 234 23 4 23 
14:10:27  
14:10:28 time x y voltage current 
14:10:28 1 1 2 2 4 234 23 4 23 
14:10:28  
14:10:29 time x y voltage current 
14:10:29 1 1 2 2 4 234 23 4 23 
14:10:29  
14:10:30 time x y voltage current 
14:10:30 1 1 2 2 4 234 23 4 23 
14:10:30  
14:10:31 time x y voltage current 
14:10:31 1 1 2 2 4 234 23 4 23 
14:10:31  
14:10:32 time x y voltage current 
14:10:32 1 1 2 2 4 234 23 4 23 
14:10:32  
14:10:33 time x y voltage current 
14:10:33 1 1 2 2 4 234 23 4 23 
14:10:33  
14:10:34 time x y voltage current 
14:10:34 1 1 2 2 4 234 23 4 23 
14:10:34  
14:10:35 time x y voltage current 
14:10:35 1 1 2 2 4 234 23 4 23 
14:10:35  
