18:25:59 19 1 4.93583 9.72775 2.0 3.0 1 a 1
18:26:00 19 1 4.93583 9.72775 2.0 3.0 1 a 1
18:26:01 19 1 4.93583 9.72775 2.0 3.0 1 a 1
18:26:02 19 1 4.93583 9.72775 2.0 3.0 1 a 1
18:26:03 19 1 4.93583 9.72775 2.0 3.0 1 a 1
18:26:04 19 1 4.93583 9.72775 2.0 3.0 1 a 1
18:26:05 19 1 4.93583 9.72775 2.0 3.0 1 a 1
18:26:06 19 1 4.93583 9.72775 2.0 3.0 1 a 1
18:26:07 19 1 4.93583 9.72775 2.0 3.0 1 a 1
18:26:08 19 1 4.93583 9.72775 2.0 3.0 1 a 1
18:26:09 19 1 4.93583 9.72775 2.0 3.0 1 a 1
18:26:09 19 1 4.93583 9.72775 2.0 3.0 1 a 0
18:26:10 19 1 4.93583 9.72775 2.0 3.0 1 a 0
18:26:11 19 1 4.93583 9.72775 2.0 3.0 1 a 0
18:26:12 19 1 4.93583 9.72775 2.0 3.0 1 a 0
18:26:13 19 1 4.93583 9.72775 2.0 3.0 1 a 0
18:26:14 19 1 4.93583 9.72775 2.0 3.0 1 a 0
18:26:15 19 1 4.93583 9.72775 2.0 3.0 1 a 0
18:26:16 19 1 4.93583 9.72775 2.0 3.0 1 a 0
18:26:17 19 1 4.93583 9.72775 2.0 3.0 1 a 0
18:26:18 19 1 4.93583 9.72775 2.0 3.0 1 a 0
18:26:19 19 1 4.93583 9.72775 2.0 3.0 1 a 0
18:26:20 19 1 4.93583 9.72775 2.0 3.0 1 a 0
18:26:21 19 1 4.93583 9.72775 2.0 3.0 1 a 0
18:26:22 19 1 4.93583 9.72775 2.0 3.0 1 a 0
18:26:23 19 1 4.93583 9.72775 2.0 3.0 1 a 0
18:26:24 19 1 4.93583 9.72775 2.0 3.0 1 a 0
18:26:25 19 1 4.93583 9.72775 2.0 3.0 1 a 0
18:26:26 19 1 4.93583 9.72775 2.0 3.0 1 a 0
18:26:27 19 1 4.93583 9.72775 2.0 3.0 1 a 0
18:26:28 19 1 4.93583 9.72775 2.0 3.0 1 a 0
18:26:29 19 1 4.93583 9.72775 2.0 3.0 1 a 0
18:26:30 19 1 4.93583 9.72775 2.0 3.0 1 a 0
18:26:31 19 1 4.93583 9.72775 2.0 3.0 1 a 0
18:26:32 19 1 4.93583 9.72775 2.0 3.0 1 a 0
18:26:33 19 1 4.93583 9.72775 2.0 3.0 1 a 0
18:26:34 19 1 4.93583 9.72775 2.0 3.0 1 a 0
18:26:35 19 1 4.93583 9.72775 2.0 3.0 1 a 0
18:26:36 19 1 4.93583 9.72775 2.0 3.0 1 a 0
18:26:37 19 1 4.93583 9.72775 2.0 3.0 1 a 0
18:26:38 19 1 4.93583 9.72775 2.0 3.0 1 a 0
18:26:39 19 1 4.93583 9.72775 2.0 3.0 1 a 0
18:26:40 19 1 4.93583 9.72775 2.0 3.0 1 a 0
18:26:41 19 1 4.93583 9.72775 2.0 3.0 1 a 0
18:26:42 19 1 4.93583 9.72775 2.0 3.0 1 a 0
18:26:43 19 1 4.93583 9.72775 2.0 3.0 1 a 0
18:26:44 19 1 4.93583 9.72775 2.0 3.0 1 a 0
18:26:45 19 1 4.93583 9.72775 2.0 3.0 1 a 0
18:26:46 19 1 4.93583 9.72775 2.0 3.0 1 a 0
18:26:47 19 1 4.93583 9.72775 2.0 3.0 1 a 0
18:26:48 19 1 4.93583 9.72775 2.0 3.0 1 a 0
18:26:49 19 1 4.93583 9.72775 2.0 3.0 1 a 0
18:26:50 19 1 4.93583 9.72775 2.0 3.0 1 a 0
18:26:51 19 1 4.93583 9.72775 2.0 3.0 1 a 0
18:26:52 19 1 4.93583 9.72775 2.0 3.0 1 a 0
18:26:53 19 1 4.93583 9.72775 2.0 3.0 1 a 0
18:26:54 19 1 4.93583 9.72775 2.0 3.0 1 a 0
18:26:55 19 1 4.93583 9.72775 2.0 3.0 1 a 0
18:26:56 19 1 4.93583 9.72775 2.0 3.0 1 a 0
18:26:57 19 1 4.93583 9.72775 2.0 3.0 1 a 0
18:26:58 19 1 4.93583 9.72775 2.0 3.0 1 a 0
18:26:59 19 1 4.93583 9.72775 2.0 3.0 1 a 0
18:27:00 19 1 4.93583 9.72775 2.0 3.0 1 a 0
18:27:01 19 1 4.93583 9.72775 2.0 3.0 1 a 0
18:27:02 19 1 4.93583 9.72775 2.0 3.0 1 a 0
18:27:03 19 1 4.93583 9.72775 2.0 3.0 1 a 0
18:27:04 19 1 4.93583 9.72775 2.0 3.0 1 a 0
18:27:05 19 1 4.93583 9.72775 2.0 3.0 1 a 0
18:27:06 19 1 4.93583 9.72775 2.0 3.0 1 a 0
18:27:07 19 1 4.93583 9.72775 2.0 3.0 1 a 0
18:27:08 19 1 4.93583 9.72775 2.0 3.0 1 a 0
18:27:09 19 1 4.93583 9.72775 2.0 3.0 1 a 0
18:27:10 19 1 4.93583 9.72775 2.0 3.0 1 a 0
18:27:11 19 1 4.93583 9.72775 2.0 3.0 1 a 0
18:27:12 19 1 4.93583 9.72775 2.0 3.0 1 a 0
18:27:13 19 1 4.93583 9.72775 2.0 3.0 1 a 0
18:27:14 19 1 4.93583 9.72775 2.0 3.0 1 a 0
18:27:15 19 1 4.93583 9.72775 2.0 3.0 1 a 0
18:27:16 19 1 4.93583 9.72775 2.0 3.0 1 a 0
18:27:17 19 1 4.93583 9.72775 2.0 3.0 1 a 0
18:27:18 19 1 4.93583 9.72775 2.0 3.0 1 a 0
18:27:46 19 1 4.93583 9.72775 2.0 3.0 1 a 0
18:27:47 19 1 4.93583 9.72775 2.0 3.0 1 a 0
18:27:48 19 1 4.93583 9.72775 2.0 3.0 1 a 0
18:27:49 19 1 4.93583 9.72775 2.0 3.0 1 a 0
18:27:50 19 1 4.93583 9.72775 2.0 3.0 1 a 0
18:27:51 19 1 4.93583 9.72775 2.0 3.0 1 a 0
18:27:52 19 1 4.93583 9.72775 2.0 3.0 1 a 0
18:27:53 19 1 4.93583 9.72775 2.0 3.0 1 a 0
18:27:54 19 1 4.93583 9.72775 2.0 3.0 1 a 0
18:27:55 19 1 4.93583 9.72775 2.0 3.0 1 a 0
18:27:56 19 1 4.93583 9.72775 2.0 3.0 1 a 0
18:28:07 19 1 4.93583 9.72775 2.0 3.0 1 a 0
18:28:08 19 1 4.93583 9.72775 2.0 3.0 1 a 0
18:28:09 19 1 4.93583 9.72775 2.0 3.0 1 a 0
18:28:10 19 1 4.93583 9.72775 2.0 3.0 1 a 0
18:28:11 19 1 4.93583 9.72775 2.0 3.0 1 a 0
18:28:12 19 1 4.93583 9.72775 2.0 3.0 1 a 0
18:28:13 19 1 4.93583 9.72775 2.0 3.0 1 a 0
18:28:14 19 1 4.93583 9.72775 2.0 3.0 1 a 0
18:28:15 19 1 4.93583 9.72775 2.0 3.0 1 a 0
18:28:16 19 1 4.93583 9.72775 2.0 3.0 1 a 0
18:28:17 19 1 4.93583 9.72775 2.0 3.0 1 a 0
18:28:18 19 1 4.93583 9.72775 2.0 3.0 1 a 0
18:28:19 19 1 4.93583 9.72775 2.0 3.0 1 a 0
18:28:20 19 1 4.93583 9.72775 2.0 3.0 1 a 0
18:28:21 19 1 4.93583 9.72775 2.0 3.0 1 a 0
18:28:22 19 1 4.93583 9.72775 2.0 3.0 1 a 0
18:28:23 19 1 4.93583 9.72775 2.0 3.0 1 a 0
18:28:24 19 1 4.93583 9.72775 2.0 3.0 1 a 0
18:28:25 19 1 4.93583 9.72775 2.0 3.0 1 a 0
18:28:26 19 1 4.93583 9.72775 2.0 3.0 1 a 0
18:28:27 19 1 4.93583 9.72775 2.0 3.0 1 a 0
18:28:28 19 1 4.93583 9.72775 2.0 3.0 1 a 0
18:28:29 19 1 4.93583 9.72775 2.0 3.0 1 a 0
18:28:30 19 1 4.93583 9.72775 2.0 3.0 1 a 0
18:28:31 19 1 4.93583 9.72775 2.0 3.0 1 a 0
18:28:32 19 1 4.93583 9.72775 2.0 3.0 1 a 0
18:28:33 19 1 4.93583 9.72775 2.0 3.0 1 a 0
18:28:34 19 1 4.93583 9.72775 2.0 3.0 1 a 0
18:28:35 19 1 4.93583 9.72775 2.0 3.0 1 a 0
18:28:36 19 1 4.93583 9.72775 2.0 3.0 1 a 0
18:28:37 19 1 4.93583 9.72775 2.0 3.0 1 a 0
18:28:38 19 1 4.93583 9.72775 2.0 3.0 1 a 0
18:28:39 19 1 4.93583 9.72775 2.0 3.0 1 a 0
18:28:40 19 1 4.93583 9.72775 2.0 3.0 1 a 0
18:28:41 19 1 4.93583 9.72775 2.0 3.0 1 a 0
18:28:42 19 1 4.93583 9.72775 2.0 3.0 1 a 0
18:28:43 19 1 4.93583 9.72775 2.0 3.0 1 a 0
18:28:44 19 1 4.93583 9.72775 2.0 3.0 1 a 0
18:28:45 19 1 4.93583 9.72775 2.0 3.0 1 a 0
18:28:46 19 1 4.93583 9.72775 2.0 3.0 1 a 0
18:28:47 19 1 4.93583 9.72775 2.0 3.0 1 a 0
18:28:48 19 1 4.93583 9.72775 2.0 3.0 1 a 0
18:28:49 19 1 4.93583 9.72775 2.0 3.0 1 a 0
18:28:50 19 1 4.93583 9.72775 2.0 3.0 1 a 0
18:28:51 19 1 4.93583 9.72775 2.0 3.0 1 a 0
18:28:52 19 1 4.93583 9.72775 2.0 3.0 1 a 0
18:28:54 19 1 4.93583 9.72775 2.0 3.0 1 a 0
18:28:55 19 1 4.93583 9.72775 2.0 3.0 1 a 0
18:28:56 19 1 4.93583 9.72775 2.0 3.0 1 a 0
18:28:57 19 1 4.93583 9.72775 2.0 3.0 1 a 0
18:28:58 19 1 4.93583 9.72775 2.0 3.0 1 a 0
18:28:59 19 1 4.93583 9.72775 2.0 3.0 1 a 0
18:29:00 19 1 4.93583 9.72775 2.0 3.0 1 a 0
18:29:01 19 1 4.93583 9.72775 2.0 3.0 1 a 0
18:29:02 19 1 4.93583 9.72775 2.0 3.0 1 a 0
18:29:03 19 1 4.93583 9.72775 2.0 3.0 1 a 0
18:29:04 19 1 4.93583 9.72775 2.0 3.0 1 a 0
18:29:05 19 1 4.93583 9.72775 2.0 3.0 1 a 0
18:29:06 19 1 4.93583 9.72775 2.0 3.0 1 a 0
18:29:08 19 1 4.93583 9.72775 2.0 3.0 1 a 0
18:29:08 19 1 4.93583 9.72775 2.0 3.0 1 a 0
18:29:09 19 1 4.93583 9.72775 2.0 3.0 1 a 0
18:29:10 19 1 4.93583 9.72775 2.0 3.0 1 a 0
18:29:11 19 1 4.93583 9.72775 2.0 3.0 1 a 0
18:29:12 19 1 4.93583 9.72775 2.0 3.0 1 a 0
18:29:13 19 1 4.93583 9.72775 2.0 3.0 1 a 0
18:29:14 19 1 4.93583 9.72775 2.0 3.0 1 a 0
18:29:15 19 1 4.93583 9.72775 2.0 3.0 1 a 0
18:29:16 19 1 4.93583 9.72775 2.0 3.0 1 a 0
18:29:17 19 1 4.93583 9.72775 2.0 3.0 1 a 0
18:29:18 19 1 4.93583 9.72775 2.0 3.0 1 a 0
18:29:19 19 1 4.93583 9.72775 2.0 3.0 1 a 0
18:29:20 19 1 4.93583 9.72775 2.0 3.0 1 a 0
18:29:21 19 1 4.93583 9.72775 2.0 3.0 1 a 0
18:29:22 19 1 4.93583 9.72775 2.0 3.0 1 a 0
18:29:23 19 1 4.93583 9.72775 2.0 3.0 1 a 0
18:29:24 19 1 4.93583 9.72775 2.0 3.0 1 a 0
18:29:25 19 1 4.93583 9.72775 2.0 3.0 1 a 0
18:29:26 19 1 4.93583 9.72775 2.0 3.0 1 a 0
18:29:27 19 1 4.93583 9.72775 2.0 3.0 1 a 0
18:29:28 19 1 4.93583 9.72775 2.0 3.0 1 a 0
18:29:29 19 1 4.93583 9.72775 2.0 3.0 1 a 0
18:29:30 19 1 4.93583 9.72775 2.0 3.0 1 a 0
18:29:31 19 1 4.93583 9.72775 2.0 3.0 1 a 0
18:29:32 19 1 4.93583 9.72775 2.0 3.0 1 a 0
18:29:33 19 1 4.93583 9.72775 2.0 3.0 1 a 0
18:29:34 19 1 4.93583 9.72775 2.0 3.0 1 a 0
18:29:35 19 1 4.93583 9.72775 2.0 3.0 1 a 0
18:29:36 19 1 4.93583 9.72775 2.0 3.0 1 a 0
18:29:37 19 1 4.93583 9.72775 2.0 3.0 1 a 0
18:29:38 19 1 4.93583 9.72775 2.0 3.0 1 a 0
18:29:39 19 1 4.93583 9.72775 2.0 3.0 1 a 0
18:29:40 19 1 4.93583 9.72775 2.0 3.0 1 a 0
18:29:41 19 1 4.93583 9.72775 2.0 3.0 1 a 0
18:29:42 19 1 4.93583 9.72775 2.0 3.0 1 a 0
18:29:43 19 1 4.93583 9.72775 2.0 3.0 1 a 0
18:29:44 19 1 4.93583 9.72775 2.0 3.0 1 a 0
18:29:45 19 1 4.93583 9.72775 2.0 3.0 1 a 0
18:29:46 19 1 4.93583 9.72775 2.0 3.0 1 a 0
18:29:47 19 1 4.93583 9.72775 2.0 3.0 1 a 0
18:29:48 19 1 4.93583 9.72775 2.0 3.0 1 a 0
18:29:49 19 1 4.93583 9.72775 2.0 3.0 1 a 0
18:29:50 19 1 4.93583 9.72775 2.0 3.0 1 a 0
18:29:51 19 1 4.93583 9.72775 2.0 3.0 1 a 0
18:29:52 19 1 4.93583 9.72775 2.0 3.0 1 a 0
18:29:53 19 1 4.93583 9.72775 2.0 3.0 1 a 0
18:29:54 19 1 4.93583 9.72775 2.0 3.0 1 a 0
18:29:55 19 1 4.93583 9.72775 2.0 3.0 1 a 0
18:29:56 19 1 4.93583 9.72775 2.0 3.0 1 a 0
18:29:57 19 1 4.93583 9.72775 2.0 3.0 1 a 0
18:29:58 19 1 4.93583 9.72775 2.0 3.0 1 a 0
18:29:59 19 1 4.93583 9.72775 2.0 3.0 1 a 0
18:30:00 19 1 4.93583 9.72775 2.0 3.0 1 a 0
18:30:01 19 1 4.93583 9.72775 2.0 3.0 1 a 0
18:30:02 19 1 4.93583 9.72775 2.0 3.0 1 a 0
18:30:03 19 1 4.93583 9.72775 2.0 3.0 1 a 0
18:30:04 19 1 4.93583 9.72775 2.0 3.0 1 a 0
18:30:05 19 1 4.93583 9.72775 2.0 3.0 1 a 0
18:30:06 19 1 4.93583 9.72775 2.0 3.0 1 a 0
18:30:07 19 1 4.93583 9.72775 2.0 3.0 1 a 0
18:30:08 19 1 4.93583 9.72775 2.0 3.0 1 a 0
18:30:09 19 1 4.93583 9.72775 2.0 3.0 1 a 0
18:30:10 19 1 4.93583 9.72775 2.0 3.0 1 a 0
18:30:11 19 1 4.93583 9.72775 2.0 3.0 1 a 0
18:30:12 19 1 4.93583 9.72775 2.0 3.0 1 a 0
18:30:13 19 1 4.93583 9.72775 2.0 3.0 1 a 0
18:30:14 19 1 4.93583 9.72775 2.0 3.0 1 a 0
18:30:15 19 1 4.93583 9.72775 2.0 3.0 1 a 0
18:30:16 19 1 4.93583 9.72775 2.0 3.0 1 a 0
18:30:17 19 1 4.93583 9.72775 2.0 3.0 1 a 0
18:30:18 19 1 4.93583 9.72775 2.0 3.0 1 a 0
18:30:19 19 1 4.93583 9.72775 2.0 3.0 1 a 0
18:30:20 19 1 4.93583 9.72775 2.0 3.0 1 a 0
18:30:21 19 1 4.93583 9.72775 2.0 3.0 1 a 0
18:30:22 19 1 4.93583 9.72775 2.0 3.0 1 a 0
18:30:23 19 1 4.93583 9.72775 2.0 3.0 1 a 0
18:30:24 19 1 4.93583 9.72775 2.0 3.0 1 a 0
18:30:25 19 1 4.93583 9.72775 2.0 3.0 1 a 0
18:30:26 19 1 4.93583 9.72775 2.0 3.0 1 a 0
18:30:27 19 1 4.93583 9.72775 2.0 3.0 1 a 0
18:30:28 19 1 4.93583 9.72775 2.0 3.0 1 a 0
18:30:29 19 1 4.93583 9.72775 2.0 3.0 1 a 0
18:30:30 19 1 4.93583 9.72775 2.0 3.0 1 a 0
18:30:31 19 1 4.93583 9.72775 2.0 3.0 1 a 0
18:30:32 19 1 4.93583 9.72775 2.0 3.0 1 a 0
18:30:33 19 1 4.93583 9.72775 2.0 3.0 1 a 0
18:30:34 19 1 4.93583 9.72775 2.0 3.0 1 a 0
18:30:35 19 1 4.93583 9.72775 2.0 3.0 1 a 0
18:30:36 19 1 4.93583 9.72775 2.0 3.0 1 a 0
18:30:37 19 1 4.93583 9.72775 2.0 3.0 1 a 0
18:30:38 19 1 4.93583 9.72775 2.0 3.0 1 a 0
18:30:39 19 1 4.93583 9.72775 2.0 3.0 1 a 0
18:30:40 19 1 4.93583 9.72775 2.0 3.0 1 a 0
18:30:41 19 1 4.93583 9.72775 2.0 3.0 1 a 0
18:30:42 19 1 4.93583 9.72775 2.0 3.0 1 a 0
18:30:43 19 1 4.93583 9.72775 2.0 3.0 1 a 0
18:30:44 19 1 4.93583 9.72775 2.0 3.0 1 a 0
18:30:45 19 1 4.93583 9.72775 2.0 3.0 1 a 0
18:30:46 19 1 4.93583 9.72775 2.0 3.0 1 a 0
18:30:47 19 1 4.93583 9.72775 2.0 3.0 1 a 0
18:30:48 19 1 4.93583 9.72775 2.0 3.0 1 a 0
18:30:49 19 1 4.93583 9.72775 2.0 3.0 1 a 0
18:30:50 19 1 4.93583 9.72775 2.0 3.0 1 a 0
18:30:51 19 1 4.93583 9.72775 2.0 3.0 1 a 0
18:30:52 19 1 4.93583 9.72775 2.0 3.0 1 a 0
18:30:53 19 1 4.93583 9.72775 2.0 3.0 1 a 0
18:30:54 19 1 4.93583 9.72775 2.0 3.0 1 a 0
18:30:55 19 1 4.93583 9.72775 2.0 3.0 1 a 0
18:30:56 19 1 4.93583 9.72775 2.0 3.0 1 a 0
18:30:57 19 1 4.93583 9.72775 2.0 3.0 1 a 0
18:30:58 19 1 4.93583 9.72775 2.0 3.0 1 a 0
18:30:59 19 1 4.93583 9.72775 2.0 3.0 1 a 0
18:31:00 19 1 4.93583 9.72775 2.0 3.0 1 a 0
18:31:01 19 1 4.93583 9.72775 2.0 3.0 1 a 0
18:31:02 19 1 4.93583 9.72775 2.0 3.0 1 a 0
18:31:03 19 1 4.93583 9.72775 2.0 3.0 1 a 0
18:31:04 19 1 4.93583 9.72775 2.0 3.0 1 a 0
18:31:05 19 1 4.93583 9.72775 2.0 3.0 1 a 0
18:31:06 19 1 4.93583 9.72775 2.0 3.0 1 a 0
18:31:07 19 1 4.93583 9.72775 2.0 3.0 1 a 0
18:31:08 19 1 4.93583 9.72775 2.0 3.0 1 a 0
18:31:09 19 1 4.93583 9.72775 2.0 3.0 1 a 0
18:31:10 19 1 4.93583 9.72775 2.0 3.0 1 a 0
18:31:11 19 1 4.93583 9.72775 2.0 3.0 1 a 0
18:31:12 19 1 4.93583 9.72775 2.0 3.0 1 a 0
18:31:13 19 1 4.93583 9.72775 2.0 3.0 1 a 0
18:31:14 19 1 4.93583 9.72775 2.0 3.0 1 a 0
18:31:15 19 1 4.93583 9.72775 2.0 3.0 1 a 0
18:31:16 19 1 4.93583 9.72775 2.0 3.0 1 a 0
18:31:17 19 1 4.93583 9.72775 2.0 3.0 1 a 0
18:31:18 19 1 4.93583 9.72775 2.0 3.0 1 a 0
18:31:19 19 1 4.93583 9.72775 2.0 3.0 1 a 0
18:31:20 19 1 4.93583 9.72775 2.0 3.0 1 a 0
18:31:21 19 1 4.93583 9.72775 2.0 3.0 1 a 0
18:31:22 19 1 4.93583 9.72775 2.0 3.0 1 a 0
18:31:23 19 1 4.93583 9.72775 2.0 3.0 1 a 0
18:31:24 19 1 4.93583 9.72775 2.0 3.0 1 a 0
18:31:25 19 1 4.93583 9.72775 2.0 3.0 1 a 0
18:31:26 19 1 4.93583 9.72775 2.0 3.0 1 a 0
18:31:27 19 1 4.93583 9.72775 2.0 3.0 1 a 0
18:31:28 19 1 4.93583 9.72775 2.0 3.0 1 a 0
18:31:29 19 1 4.93583 9.72775 2.0 3.0 1 a 0
18:31:30 19 1 4.93583 9.72775 2.0 3.0 1 a 0
18:31:32 19 1 4.93583 9.72775 2.0 3.0 1 a 0
18:31:33 19 1 4.93583 9.72775 2.0 3.0 1 a 0
18:31:34 19 1 4.93583 9.72775 2.0 3.0 1 a 0
18:31:35 19 1 4.93583 9.72775 2.0 3.0 1 a 0
18:31:36 19 1 4.93583 9.72775 2.0 3.0 1 a 0
18:31:37 19 1 4.93583 9.72775 2.0 3.0 1 a 0
18:31:38 19 1 4.93583 9.72775 2.0 3.0 1 a 0
18:31:39 19 1 4.93583 9.72775 2.0 3.0 1 a 0
18:31:40 19 1 4.93583 9.72775 2.0 3.0 1 a 0
18:31:41 19 1 4.93583 9.72775 2.0 3.0 1 a 0
18:31:42 19 1 4.93583 9.72775 2.0 3.0 1 a 0
18:31:43 19 1 4.93583 9.72775 2.0 3.0 1 a 0
18:31:44 19 1 4.93583 9.72775 2.0 3.0 1 a 0
18:31:45 19 1 4.93583 9.72775 2.0 3.0 1 a 0
18:31:46 19 1 4.93583 9.72775 2.0 3.0 1 a 0
18:31:47 19 1 4.93583 9.72775 2.0 3.0 1 a 0
18:31:48 19 1 4.93583 9.72775 2.0 3.0 1 a 0
18:31:49 19 1 4.93583 9.72775 2.0 3.0 1 a 0
18:31:50 19 1 4.93583 9.72775 2.0 3.0 1 a 0
18:31:51 19 1 4.93583 9.72775 2.0 3.0 1 a 0
18:31:52 19 1 4.93583 9.72775 2.0 3.0 1 a 0
18:31:53 19 1 4.93583 9.72775 2.0 3.0 1 a 0
18:31:54 19 1 4.93583 9.72775 2.0 3.0 1 a 0
18:31:55 19 1 4.93583 9.72775 2.0 3.0 1 a 0
18:31:56 19 1 4.93583 9.72775 2.0 3.0 1 a 0
18:31:57 19 1 4.93583 9.72775 2.0 3.0 1 a 0
18:31:58 19 1 4.93583 9.72775 2.0 3.0 1 a 0
18:31:59 19 1 4.93583 9.72775 2.0 3.0 1 a 0
18:32:00 19 1 4.93583 9.72775 2.0 3.0 1 a 0
18:32:01 19 1 4.93583 9.72775 2.0 3.0 1 a 0
18:32:02 19 1 4.93583 9.72775 2.0 3.0 1 a 0
18:32:03 19 1 4.93583 9.72775 2.0 3.0 1 a 0
18:32:04 19 1 4.93583 9.72775 2.0 3.0 1 a 0
18:32:07 19 1 4.93583 9.72775 2.0 3.0 1 a 0
18:32:08 19 1 4.93583 9.72775 2.0 3.0 1 a 0
18:32:09 19 1 4.93583 9.72775 2.0 3.0 1 a 0
18:32:09 19 1 4.93583 9.72775 2.0 3.0 1 a 0
18:32:10 19 1 4.93583 9.72775 2.0 3.0 1 a 0
18:32:11 19 1 4.93583 9.72775 2.0 3.0 1 a 0
18:32:12 19 1 4.93583 9.72775 2.0 3.0 1 a 0
18:32:13 19 1 4.93583 9.72775 2.0 3.0 1 a 0
18:32:14 19 1 4.93583 9.72775 2.0 3.0 1 a 0
18:32:15 19 1 4.93583 9.72775 2.0 3.0 1 a 0
18:32:16 19 1 4.93583 9.72775 2.0 3.0 1 a 0
18:32:17 19 1 4.93583 9.72775 2.0 3.0 1 a 0
18:32:18 19 1 4.93583 9.72775 2.0 3.0 1 a 0
18:32:19 19 1 4.93583 9.72775 2.0 3.0 1 a 0
18:32:20 19 1 4.93583 9.72775 2.0 3.0 1 a 0
18:32:21 19 1 4.93583 9.72775 2.0 3.0 1 a 0
18:32:22 19 1 4.93583 9.72775 2.0 3.0 1 a 0
18:32:23 19 1 4.93583 9.72775 2.0 3.0 1 a 0
18:32:24 19 1 4.93583 9.72775 2.0 3.0 1 a 0
18:32:25 19 1 4.93583 9.72775 2.0 3.0 1 a 0
18:32:26 19 1 4.93583 9.72775 2.0 3.0 1 a 0
18:32:27 19 1 4.93583 9.72775 2.0 3.0 1 a 0
18:32:28 19 1 4.93583 9.72775 2.0 3.0 1 a 0
18:32:29 19 1 4.93583 9.72775 2.0 3.0 1 a 0
18:32:30 19 1 4.93583 9.72775 2.0 3.0 1 a 0
18:32:31 19 1 4.93583 9.72775 2.0 3.0 1 a 0
18:32:32 19 1 4.93583 9.72775 2.0 3.0 1 a 0
18:32:33 19 1 4.93583 9.72775 2.0 3.0 1 a 0
18:32:34 19 1 4.93583 9.72775 2.0 3.0 1 a 0
18:32:35 19 1 4.93583 9.72775 2.0 3.0 1 a 0
18:32:36 19 1 4.93583 9.72775 2.0 3.0 1 a 0
18:32:37 19 1 4.93583 9.72775 2.0 3.0 1 a 0
18:32:38 19 1 4.93583 9.72775 2.0 3.0 1 a 0
18:32:39 19 1 4.93583 9.72775 2.0 3.0 1 a 0
18:32:40 19 1 4.93583 9.72775 2.0 3.0 1 a 0
18:32:41 19 1 4.93583 9.72775 2.0 3.0 1 a 0
18:32:42 19 1 4.93583 9.72775 2.0 3.0 1 a 0
18:32:43 19 1 4.93583 9.72775 2.0 3.0 1 a 0
18:32:44 19 1 4.93583 9.72775 2.0 3.0 1 a 0
18:32:45 19 1 4.93583 9.72775 2.0 3.0 1 a 0
18:32:46 19 1 4.93583 9.72775 2.0 3.0 1 a 0
18:32:47 19 1 4.93583 9.72775 2.0 3.0 1 a 0
18:32:48 19 1 4.93583 9.72775 2.0 3.0 1 a 0
18:32:49 19 1 4.93583 9.72775 2.0 3.0 1 a 0
18:32:50 19 1 4.93583 9.72775 2.0 3.0 1 a 0
18:32:51 19 1 4.93583 9.72775 2.0 3.0 1 a 0
18:32:52 19 1 4.93583 9.72775 2.0 3.0 1 a 0
18:32:53 19 1 4.93583 9.72775 2.0 3.0 1 a 0
18:32:54 19 1 4.93583 9.72775 2.0 3.0 1 a 0
18:32:55 19 1 4.93583 9.72775 2.0 3.0 1 a 0
18:32:56 19 1 4.93583 9.72775 2.0 3.0 1 a 0
18:32:57 19 1 4.93583 9.72775 2.0 3.0 1 a 0
18:32:58 19 1 4.93583 9.72775 2.0 3.0 1 a 0
18:32:59 19 1 4.93583 9.72775 2.0 3.0 1 a 0
18:37:26 19 1 4.93583 9.72775 2.0 3.0 1 a 0
18:37:27 19 1 4.93583 9.72775 2.0 3.0 1 a 0
18:37:28 19 1 4.93583 9.72775 2.0 3.0 1 a 0
18:37:29 19 1 4.93583 9.72775 2.0 3.0 1 a 0
18:37:29 19 1 4.93583 9.72775 2.0 3.0 1 a 0
18:37:30 19 1 4.93583 9.72775 2.0 3.0 1 a 0
18:37:31 19 1 4.93583 9.72775 2.0 3.0 1 a 0
18:37:32 19 1 4.93583 9.72775 2.0 3.0 1 a 0
18:37:33 19 1 4.93583 9.72775 2.0 3.0 1 a 0
18:37:34 19 1 4.93583 9.72775 2.0 3.0 1 a 0
18:37:35 19 1 4.93583 9.72775 2.0 3.0 1 a 0
18:37:36 19 1 4.93583 9.72775 2.0 3.0 1 a 0
18:37:37 19 1 4.93583 9.72775 2.0 3.0 1 a 0
18:37:38 19 1 4.93583 9.72775 2.0 3.0 1 a 0
18:37:39 19 1 4.93583 9.72775 2.0 3.0 1 a 0
18:37:40 19 1 4.93583 9.72775 2.0 3.0 1 a 0
18:37:41 19 1 4.93583 9.72775 2.0 3.0 1 a 0
18:37:42 19 1 4.93583 9.72775 2.0 3.0 1 a 0
18:37:43 19 1 4.93583 9.72775 2.0 3.0 1 a 0
18:37:44 19 1 4.93583 9.72775 2.0 3.0 1 a 0
18:37:45 19 1 4.93583 9.72775 2.0 3.0 1 a 0
18:37:46 19 1 4.93583 9.72775 2.0 3.0 1 a 0
18:37:47 19 1 4.93583 9.72775 2.0 3.0 1 a 0
18:37:48 19 1 4.93583 9.72775 2.0 3.0 1 a 0
18:37:49 19 1 4.93583 9.72775 2.0 3.0 1 a 0
18:37:50 19 1 4.93583 9.72775 2.0 3.0 1 a 0
18:37:51 19 1 4.93583 9.72775 2.0 3.0 1 a 0
18:37:52 19 1 4.93583 9.72775 2.0 3.0 1 a 0
18:37:53 19 1 4.93583 9.72775 2.0 3.0 1 a 0
18:37:54 19 1 4.93583 9.72775 2.0 3.0 1 a 0
18:37:55 19 1 4.93583 9.72775 2.0 3.0 1 a 0
18:37:56 19 1 4.93583 9.72775 2.0 3.0 1 a 0
18:37:57 19 1 4.93583 9.72775 2.0 3.0 1 a 0
18:37:58 19 1 4.93583 9.72775 2.0 3.0 1 a 0
18:37:59 19 1 4.93583 9.72775 2.0 3.0 1 a 0
18:38:00 19 1 4.93583 9.72775 2.0 3.0 1 a 0
18:38:01 19 1 4.93583 9.72775 2.0 3.0 1 a 0
18:38:02 19 1 4.93583 9.72775 2.0 3.0 1 a 0
18:38:03 19 1 4.93583 9.72775 2.0 3.0 1 a 0
18:38:04 19 1 4.93583 9.72775 2.0 3.0 1 a 0
18:38:05 19 1 4.93583 9.72775 2.0 3.0 1 a 0
18:38:06 19 1 4.93583 9.72775 2.0 3.0 1 a 0
18:38:07 19 1 4.93583 9.72775 2.0 3.0 1 a 0
18:38:08 19 1 4.93583 9.72775 2.0 3.0 1 a 0
18:38:09 19 1 4.93583 9.72775 2.0 3.0 1 a 0
18:38:10 19 1 4.93583 9.72775 2.0 3.0 1 a 0
18:38:11 19 1 4.93583 9.72775 2.0 3.0 1 a 0
18:38:12 19 1 4.93583 9.72775 2.0 3.0 1 a 0
18:38:13 19 1 4.93583 9.72775 2.0 3.0 1 a 0
18:38:14 19 1 4.93583 9.72775 2.0 3.0 1 a 0
18:38:15 19 1 4.93583 9.72775 2.0 3.0 1 a 0
18:38:16 19 1 4.93583 9.72775 2.0 3.0 1 a 0
18:38:17 19 1 4.93583 9.72775 2.0 3.0 1 a 0
18:38:18 19 1 4.93583 9.72775 2.0 3.0 1 a 0
18:38:19 19 1 4.93583 9.72775 2.0 3.0 1 a 0
18:38:20 19 1 4.93583 9.72775 2.0 3.0 1 a 0
18:38:21 19 1 4.93583 9.72775 2.0 3.0 1 a 0
18:38:22 19 1 4.93583 9.72775 2.0 3.0 1 a 0
18:38:23 19 1 4.93583 9.72775 2.0 3.0 1 a 0
18:38:24 19 1 4.93583 9.72775 2.0 3.0 1 a 0
18:38:25 19 1 4.93583 9.72775 2.0 3.0 1 a 0
18:38:26 19 1 4.93583 9.72775 2.0 3.0 1 a 0
18:38:27 19 1 4.93583 9.72775 2.0 3.0 1 a 0
18:38:28 19 1 4.93583 9.72775 2.0 3.0 1 a 0
18:38:29 19 1 4.93583 9.72775 2.0 3.0 1 a 0
18:38:30 19 1 4.93583 9.72775 2.0 3.0 1 a 0
18:38:31 19 1 4.93583 9.72775 2.0 3.0 1 a 0
18:38:32 19 1 4.93583 9.72775 2.0 3.0 1 a 0
18:38:33 19 1 4.93583 9.72775 2.0 3.0 1 a 0
18:38:34 19 1 4.93583 9.72775 2.0 3.0 1 a 0
18:38:35 19 1 4.93583 9.72775 2.0 3.0 1 a 0
18:38:36 19 1 4.93583 9.72775 2.0 3.0 1 a 0
18:38:37 19 1 4.93583 9.72775 2.0 3.0 1 a 0
18:38:38 19 1 4.93583 9.72775 2.0 3.0 1 a 0
18:38:39 19 1 4.93583 9.72775 2.0 3.0 1 a 0
18:38:40 19 1 4.93583 9.72775 2.0 3.0 1 a 0
18:38:41 19 1 4.93583 9.72775 2.0 3.0 1 a 0
18:38:42 19 1 4.93583 9.72775 2.0 3.0 1 a 0
18:38:43 19 1 4.93583 9.72775 2.0 3.0 1 a 0
18:38:44 19 1 4.93583 9.72775 2.0 3.0 1 a 0
18:38:45 19 1 4.93583 9.72775 2.0 3.0 1 a 0
18:38:46 19 1 4.93583 9.72775 2.0 3.0 1 a 0
18:38:47 19 1 4.93583 9.72775 2.0 3.0 1 a 0
18:38:48 19 1 4.93583 9.72775 2.0 3.0 1 a 0
18:38:49 19 1 4.93583 9.72775 2.0 3.0 1 a 0
18:38:50 19 1 4.93583 9.72775 2.0 3.0 1 a 0
18:38:51 19 1 4.93583 9.72775 2.0 3.0 1 a 0
18:38:52 19 1 4.93583 9.72775 2.0 3.0 1 a 0
18:38:53 19 1 4.93583 9.72775 2.0 3.0 1 a 0
18:38:54 19 1 4.93583 9.72775 2.0 3.0 1 a 0
18:38:55 19 1 4.93583 9.72775 2.0 3.0 1 a 0
18:38:56 19 1 4.93583 9.72775 2.0 3.0 1 a 0
18:38:57 19 1 4.93583 9.72775 2.0 3.0 1 a 0
18:38:58 19 1 4.93583 9.72775 2.0 3.0 1 a 0
18:38:59 19 1 4.93583 9.72775 2.0 3.0 1 a 0
18:39:00 19 1 4.93583 9.72775 2.0 3.0 1 a 0
18:39:01 19 1 4.93583 9.72775 2.0 3.0 1 a 0
18:39:02 19 1 4.93583 9.72775 2.0 3.0 1 a 0
18:39:03 19 1 4.93583 9.72775 2.0 3.0 1 a 0
18:39:41 19 1 4.93583 9.72775 2.0 3.0 1 a 0
18:39:42 19 1 4.93583 9.72775 2.0 3.0 1 a 0
18:39:43 19 1 4.93583 9.72775 2.0 3.0 1 a 0
18:39:44 19 1 4.93583 9.72775 2.0 3.0 1 a 0
18:39:45 19 1 4.93583 9.72775 2.0 3.0 1 a 0
18:39:46 19 1 4.93583 9.72775 2.0 3.0 1 a 0
18:39:47 19 1 4.93583 9.72775 2.0 3.0 1 a 0
18:39:48 19 1 4.93583 9.72775 2.0 3.0 1 a 0
18:39:49 19 1 4.93583 9.72775 2.0 3.0 1 a 0
18:39:50 19 1 4.93583 9.72775 2.0 3.0 1 a 0
18:39:51 19 1 4.93583 9.72775 2.0 3.0 1 a 0
18:39:52 19 1 4.93583 9.72775 2.0 3.0 1 a 0
18:39:53 19 1 4.93583 9.72775 2.0 3.0 1 a 0
18:39:54 19 1 4.93583 9.72775 2.0 3.0 1 a 0
18:39:55 19 1 4.93583 9.72775 2.0 3.0 1 a 0
18:39:56 19 1 4.93583 9.72775 2.0 3.0 1 a 0
18:39:57 19 1 4.93583 9.72775 2.0 3.0 1 a 0
18:39:58 19 1 4.93583 9.72775 2.0 3.0 1 a 0
18:39:59 19 1 4.93583 9.72775 2.0 3.0 1 a 0
18:40:00 19 1 4.93583 9.72775 2.0 3.0 1 a 0
18:40:01 19 1 4.93583 9.72775 2.0 3.0 1 a 0
18:40:02 19 1 4.93583 9.72775 2.0 3.0 1 a 0
18:40:03 19 1 4.93583 9.72775 2.0 3.0 1 a 0
18:40:04 19 1 4.93583 9.72775 2.0 3.0 1 a 0
18:40:05 19 1 4.93583 9.72775 2.0 3.0 1 a 0
18:40:06 19 1 4.93583 9.72775 2.0 3.0 1 a 0
18:40:07 19 1 4.93583 9.72775 2.0 3.0 1 a 0
