10:26:33  1
10:26:34  1
10:26:35  1
10:26:36  1
10:26:38  1
10:26:38  1
10:26:39  1
10:26:40  1
10:26:42  1
10:26:42  1
10:26:44  1
10:26:44  1
10:26:46  1
10:26:47  1
10:26:48  1
10:26:49  1
10:26:50  1
10:26:51  1
10:26:52  1
10:26:53  1
10:26:53  1
10:26:54  1
10:26:55  1
10:26:57  1
10:26:57  1
10:27:00  1
10:27:01  1
10:27:02  1
10:27:03  1
10:27:04  1
10:27:05  1
10:27:06  1
10:27:07  1
10:27:08  1
10:27:09  1
10:27:10  1
10:27:11  1
10:27:12  1
10:27:13  1
10:27:14  1
10:27:15  1
10:27:16  1
10:27:17  1
10:27:18  1
10:27:19  1
10:27:20  1
10:27:21  1
10:27:22  1
10:27:23  1
10:27:24  1
10:27:25  1
10:27:26  1
10:27:27  1
10:27:28  1
10:27:29  1
10:27:30  1
10:27:31  1
10:27:32  1
10:27:34  1
10:27:34  1
10:27:35  1
10:27:36  1
10:27:37  1
10:27:38  1
10:27:39  1
10:27:40  1
10:27:41  1
10:27:43  1
10:27:44  1
10:27:45  1
10:27:46  1
10:27:47  1
10:27:48  1
10:27:49  1
10:27:50  1
10:27:51  1
10:27:52  1
10:27:53  1
10:27:54  1
10:27:55  1
10:27:56  1
10:27:57  1
10:27:58  1
10:27:59  1
10:28:00  1
10:28:01  1
10:28:02  1
10:28:03  1
10:28:04  1
10:28:05  1
10:28:06  1
10:28:07  1
10:28:08  1
10:28:09  1
10:28:10  1
10:28:11  1
10:28:12  1
10:28:13  1
10:28:14  1
10:28:15  1
10:28:16  1
10:28:17  1
10:28:18  1
10:28:19  1
10:28:20  1
10:28:22  1
10:28:23  1
10:28:24  1
10:28:25  1
10:28:26  1
10:28:27  1
10:28:28  1
10:28:29  1
10:28:30  1
10:28:31  1
10:28:32  1
10:28:33  1
10:28:34  1
10:28:35  1
10:28:36  1
10:28:37  1
10:28:38  1
10:28:39  1
10:28:40  1
10:28:41  1
10:28:42  1
10:28:43  1
10:28:44  1
10:28:45  1
10:28:46  1
10:28:47  1
10:28:48  1
10:28:49  1
10:28:50  1
10:28:51  1
10:28:53  1
10:28:54  1
10:28:55  1
10:28:56  1
10:28:57  1
10:28:58  1
10:28:59  1
10:29:00  1
10:29:01  1
10:29:02  1
10:29:03  1
10:29:04  1
10:29:05  1
10:29:06  1
10:29:07  1
10:29:08  1
10:29:09  1
10:29:10  1
10:29:11  1
10:29:12  1
10:29:13  1
10:29:14  1
10:29:15  1
10:29:16  1
10:29:17  1
10:29:18  1
10:29:19  1
10:29:20  1
10:29:21  1
10:29:22  1
10:29:42  1
10:29:43  1
10:29:44  1
10:29:45  1
10:29:46  1
10:29:47  1
10:29:48  1
10:58:09  1
10:58:11  1
10:58:13  1
10:58:14  1
10:58:15  1
10:58:16  1
10:58:17  1
10:58:18  1
10:58:20  1
10:58:20  1
10:58:22  1
10:58:22  1
10:58:23  1
10:58:24  1
10:58:25  1
10:58:26  1
10:58:27  1
10:58:28  1
10:58:30  1
10:58:31  1
10:58:31  1
10:58:33  1
10:58:33  1
10:58:35  1
10:58:36  1
10:58:37  1
10:58:38  1
10:58:39  1
10:58:42  1
10:58:43  1
10:58:43  1
10:58:45  1
10:58:46  1
10:58:47  1
10:58:49  1
10:58:50  1
10:58:51  1
10:58:52  1
10:58:53  1
10:58:54  1
10:58:55  1
10:58:56  1
10:58:57  1
10:58:58  1
10:58:59  1
10:59:00  1
10:59:01  1
10:59:02  1
10:59:03  1
10:59:04  1
10:59:05  1
10:59:06  1
10:59:07  1
10:59:08  1
10:59:09  1
10:59:10  1
10:59:11  1
10:59:12  1
10:59:13  1
10:59:14  1
10:59:16  1
10:59:17  1
10:59:18  1
10:59:19  1
10:59:20  1
10:59:21  1
10:59:22  1
10:59:23  1
10:59:24  1
10:59:25  1
10:59:26  1
10:59:27  1
10:59:28  1
10:59:29  1
10:59:31  1
10:59:32  1
11:16:48  1
11:16:49  1
11:16:50  1
11:16:51  1
11:16:52  1
11:16:53  1
11:16:54  1
11:16:56  1
11:16:57  1
11:16:58  1
11:16:59  1
11:17:00  1
11:17:01  1
11:17:02  1
11:17:03  1
11:17:04  1
11:17:05  1
11:17:06  1
11:17:07  1
11:17:08  1
11:17:09  1
11:17:10  1
11:17:11  1
11:17:12  1
11:17:13  1
11:17:14  1
11:17:17  1
11:17:19  1
11:17:20  1
11:17:21  1
11:17:23  1
11:17:23  1
11:17:25  1
11:17:25  1
11:17:26  1
11:17:28  1
11:17:30  1
11:17:31  1
11:17:32  1
11:17:33  1
11:17:35  1
11:17:36  1
11:17:37  1
11:17:38  1
11:17:39  1
11:17:40  1
11:17:41  1
11:26:29  1
11:26:30  1
11:26:31  1
11:26:32  1
11:26:33  1
11:26:34  1
