12:47:37 1707257 1 47.8505 84.0238 1 10 1 a 1
12:47:46 1707286 1 2.44082 68.5439 1 10 1 a 1
12:47:51 1707302 1 90.7085 27.4745 1 10 1 a 1
12:47:56 1707319 1 3.34095 2.21453 1 10 1 a 1
12:47:57 1707324 1 76.776 22.4023 1 10 1 a 1
12:47:59 1707329 1 18.5552 91.7536 1 10 1 a 1
12:48:02 1707337 1 56.1219 4.27264 1 10 1 a 1
12:48:03 1707344 1 96.6948 0.524252 1 10 1 a 1
12:48:04 1707346 1 43.9838 20.7163 1 10 1 a 1
12:48:05 1707351 1 51.6266 48.2108 1 10 1 a 1
12:48:06 1707353 1 52.4835 94.2577 1 10 1 a 1
12:48:08 1707361 1 22.0483 23.4668 1 10 1 a 1
12:48:09 1707363 1 27.0188 28.8192 1 10 1 a 1
12:48:10 1707367 1 28.3064 89.8113 1 10 1 a 1
12:48:11 1707370 1 73.9514 5.34058 1 10 1 a 1
12:48:12 1707373 1 99.0562 33.4059 1 10 1 a 1
12:48:15 1707382 1 10.9828 17.9657 1 10 1 a 1
12:48:15 1707384 1 98.7555 27.6842 1 10 1 a 1
12:48:18 1707390 1 67.3543 29.9372 1 10 1 a 1
12:48:21 1707403 1 26.4771 58.5447 1 10 1 a 1
12:48:22 1707407 1 83.9483 38.3371 1 10 1 a 1
12:48:24 1707412 1 51.4038 41.0001 1 10 1 a 1
12:48:25 1707418 1 29.1025 49.0862 1 10 1 a 1
12:48:28 1707427 1 48.9892 15.107 1 10 1 a 1
12:48:30 1707431 1 66.8525 39.1135 1 10 1 a 1
12:48:31 1707436 1 6.70444 41.3879 1 10 1 a 1
12:48:32 1707439 1 11.4913 60.7747 1 10 1 a 1
12:48:33 1707441 1 93.9363 33.5662 1 10 1 a 1
12:48:35 1707449 1 68.7212 32.0239 1 10 1 a 1
12:48:36 1707452 1 97.2126 97.9653 1 10 1 a 1
12:48:37 1707457 1 24.975 81.7333 1 10 1 a 1
12:48:38 1707459 1 16.2045 57.0148 1 10 1 a 1
12:48:39 1707462 1 57.3813 21.2848 1 10 1 a 1
12:48:41 1707469 1 68.6558 49.9627 1 10 1 a 1
12:48:42 1707473 1 59.5081 12.2771 1 10 1 a 1
12:48:43 1707476 1 29.0793 88.8848 1 10 1 a 1
12:48:44 1707479 1 37.318 87.2647 1 10 1 a 1
12:48:45 1707483 1 56.4884 79.0678 1 10 1 a 1
12:48:48 1707493 1 96.6043 49.8383 1 10 1 a 1
12:48:49 1707496 1 54.1216 84.9415 1 10 1 a 1
12:48:51 1707501 1 53.1144 97.7562 1 10 1 a 1
12:48:52 1707504 1 4.31018 48.4634 1 10 1 a 1
12:48:52 1707506 1 99.2474 54.2833 1 10 1 a 1
12:48:54 1707512 1 10.799 27.7697 1 10 1 a 1
12:48:55 1707517 1 33.079 64.9233 1 10 1 a 1
12:48:57 1707523 1 86.6771 9.00024 1 10 1 a 1
12:48:58 1707528 1 2.82649 99.9317 1 10 1 a 1
12:49:00 1707534 1 40.2527 0.229844 1 10 1 a 1
12:49:01 1707537 1 36.5273 17.9309 1 10 1 a 1
12:49:02 1707541 1 66.9207 99.9252 1 10 1 a 1
12:49:03 1707544 1 81.8447 18.4374 1 10 1 a 1
12:49:05 1707548 1 55.9443 16.2034 1 10 1 a 1
12:49:06 1707551 1 84.9632 98.372 1 10 1 a 1
12:49:08 1707557 1 43.2561 36.1597 1 10 1 a 1
12:49:09 1707563 1 0.493241 53.2821 1 10 1 a 1
12:49:10 1707565 1 49.479 34.6749 1 10 1 a 1
12:49:11 1707570 1 92.5839 2.76052 1 10 1 a 1
12:49:13 1707575 1 8.85029 16.1912 1 10 1 a 1
12:49:15 1707581 1 64.9253 98.0351 1 10 1 a 1
12:49:16 1707587 1 34.6583 68.322 1 10 1 a 1
12:49:17 1707589 1 26.6082 50.2453 1 10 1 a 1
12:49:18 1707592 1 45.429 60.5771 1 10 1 a 1
12:49:20 1707599 1 55.445 97.9078 1 10 1 a 1
12:49:21 1707603 1 36.8634 60.3393 1 10 1 a 1
12:49:23 1707608 1 37.5982 0.217174 1 10 1 a 1
12:49:24 1707613 1 13.0356 92.6843 1 10 1 a 1
12:49:27 1707621 1 46.423 7.50263 1 10 1 a 1
12:49:28 1707627 1 16.7301 85.2424 1 10 1 a 1
12:49:29 1707630 1 98.2463 68.5188 1 10 1 a 1
12:49:31 1707634 1 25.9519 65.2812 1 10 1 a 1
12:49:32 1707640 1 47.5475 60.4113 1 10 1 a 1
12:49:33 1707644 1 30.7808 53.8605 1 10 1 a 1
12:49:35 1707648 1 76.6918 79.637 1 10 1 a 1
12:49:36 1707651 1 37.1681 34.2147 1 10 1 a 1
12:49:37 1707654 1 73.0838 53.5149 1 10 1 a 1
12:49:39 1707663 1 82.8 7.2964 1 10 1 a 1
12:49:40 1707665 1 9.94013 27.5463 1 10 1 a 1
12:49:41 1707671 1 20.0184 53.7497 1 10 1 a 1
12:49:43 1707676 1 21.2777 0.9568 1 10 1 a 1
12:49:45 1707683 1 50.3609 42.5302 1 10 1 a 1
12:49:47 1707689 1 63.6111 11.8742 1 10 1 a 1
12:49:48 1707693 1 90.4157 94.2679 1 10 1 a 1
12:49:49 1707697 1 66.3786 34.9401 1 10 1 a 1
12:49:50 1707699 1 77.4703 33.0408 1 10 1 a 1
12:49:53 1707708 1 52.8619 67.7679 1 10 1 a 1
12:49:53 1707710 1 17.3622 9.10128 1 10 1 a 1
12:49:54 1707713 1 71.0154 74.9163 1 10 1 a 1
12:49:55 1707716 1 67.8731 43.0131 1 10 1 a 1
12:49:58 1707724 1 39.3354 87.8942 1 10 1 a 1
12:49:59 1707730 1 12.274 83.9361 1 10 1 a 1
12:50:01 1707735 1 16.1797 82.503 1 10 1 a 1
12:50:04 1707744 1 34.5568 29.718 1 10 1 a 1
12:50:05 1707748 1 39.3999 56.3214 1 10 1 a 1
12:50:05 1707751 1 22.4282 72.8697 1 10 1 a 1
12:50:07 1707754 1 98.3651 57.5464 1 10 1 a 1
12:50:08 1707758 1 79.9852 60.4616 1 10 1 a 1
12:50:09 1707761 1 61.3728 3.83371 1 10 1 a 1
12:50:10 1707765 1 50.0642 54.1328 1 10 1 a 1
12:50:11 1707768 1 3.07071 31.6134 1 10 1 a 1
12:50:12 1707771 1 55.4819 74.5079 1 10 1 a 1
12:50:13 1707775 1 36.2387 12.8455 1 10 1 a 1
12:50:14 1707780 1 6.93941 31.5818 1 10 1 a 1
12:50:15 1707782 1 4.07417 11.7697 1 10 1 a 1
12:50:16 1707785 1 8.58069 32.543 1 10 1 a 1
12:50:18 1707791 1 61.7785 27.0598 1 10 1 a 1
12:50:20 1707800 1 41.4729 31.3375 1 10 1 a 1
12:50:23 1707810 1 50.6641 8.70436 1 10 1 a 1
12:50:24 1707813 1 77.8139 8.61305 1 10 1 a 1
12:50:29 1707828 1 23.8892 26.074 1 10 1 a 1
12:50:30 1707832 1 43.3842 20.613 1 10 1 a 1
12:50:31 1707835 1 19.0076 43.0628 1 10 1 a 1
12:50:32 1707837 1 48.7834 6.36634 1 10 1 a 1
12:50:33 1707841 1 97.5625 35.6561 1 10 1 a 1
12:50:35 1707848 1 3.09231 42.9555 1 10 1 a 1
12:50:36 1707853 1 38.571 44.4497 1 10 1 a 1
12:50:39 1707862 1 13.9599 26.8713 1 10 1 a 1
12:50:40 1707866 1 47.8819 97.0411 1 10 1 a 1
12:50:41 1707868 1 57.3503 18.3947 1 10 1 a 1
12:50:43 1707876 1 29.188 10.4935 1 10 1 a 1
12:50:44 1707880 1 42.3332 45.7153 1 10 1 a 1
12:50:45 1707882 1 42.7564 34.6345 1 10 1 a 1
12:50:46 1707886 1 83.7328 22.5445 1 10 1 a 1
12:50:47 1707889 1 23.3551 71.5108 1 10 1 a 1
12:50:49 1707897 1 65.0909 12.8456 1 10 1 a 1
12:50:51 1707901 1 40.7473 22.368 1 10 1 a 1
12:50:53 1707907 1 43.0995 38.2342 1 10 1 a 1
12:50:53 1707910 1 31.6471 69.2856 1 10 1 a 1
12:50:56 1707914 1 32.4755 27.5342 1 10 1 a 1
12:50:57 1707920 1 69.3185 39.2715 1 10 1 a 1
12:50:58 1707925 1 55.9539 24.5628 1 10 1 a 1
12:50:59 1707927 1 26.299 33.8895 1 10 1 a 1
12:51:01 1707934 1 79.545 78.7748 1 10 1 a 1
12:51:02 1707939 1 99.5531 84.9866 1 10 1 a 1
12:51:03 1707941 1 9.54939 65.1305 1 10 1 a 1
12:51:04 1707944 1 76.7291 84.694 1 10 1 a 1
12:51:05 1707948 1 91.4812 10.9483 1 10 1 a 1
12:51:06 1707951 1 19.8898 7.76934 1 10 1 a 1
12:51:07 1707955 1 27.7189 29.2728 1 10 1 a 1
12:51:09 1707961 1 94.9899 61.866 1 10 1 a 1
12:51:10 1707965 1 64.2818 42.7112 1 10 1 a 1
12:51:11 1707969 1 16.7715 40.7264 1 10 1 a 1
12:51:12 1707973 1 56.8712 54.8754 1 10 1 a 1
12:51:13 1707976 1 31.7937 99.7111 1 10 1 a 1
12:51:15 1707982 1 75.2772 87.9308 1 10 1 a 1
12:51:16 1707986 1 34.4298 71.9153 1 10 1 a 1
12:51:17 1707989 1 71.064 94.1434 1 10 1 a 1
12:51:18 1707993 1 61.5471 17.2473 1 10 1 a 1
12:51:19 1707996 1 79.4764 49.4367 1 10 1 a 1
12:51:22 1708005 1 20.236 61.9542 1 10 1 a 1
12:51:23 1708010 1 39.851 64.6859 1 10 1 a 1
12:51:25 1708015 1 99.6186 37.3892 1 10 1 a 1
12:51:26 1708017 1 34.3074 97.6584 1 10 1 a 1
12:51:28 1708021 1 62.225 91.5408 1 10 1 a 1
12:51:30 1708031 1 92.8576 34.8055 1 10 1 a 1
12:51:31 1708036 1 0.201902 59.8485 1 10 1 a 1
12:51:32 1708038 1 12.0067 24.6977 1 10 1 a 1
12:51:34 1708044 1 58.8485 17.2603 1 10 1 a 1
12:51:35 1708049 1 87.0732 51.1361 1 10 1 a 1
12:51:36 1708052 1 44.5453 55.0048 1 10 1 a 1
12:51:37 1708056 1 13.288 31.3312 1 10 1 a 1
12:51:39 1708063 1 73.9812 17.3357 1 10 1 a 1
12:51:42 1708071 1 44.5718 78.4897 1 10 1 a 1
12:51:45 1708081 1 84.4564 40.0021 1 10 1 a 1
12:51:46 1708085 1 32.1288 34.0831 1 10 1 a 1
12:51:48 1708091 1 46.6521 10.4924 1 10 1 a 1
12:51:51 1708099 1 14.04 43.583 1 10 1 a 1
12:51:52 1708105 1 48.7004 87.0651 1 10 1 a 1
12:51:53 1708107 1 97.5575 19.4774 1 10 1 a 1
12:51:54 1708111 1 73.5985 25.2766 1 10 1 a 1
12:51:55 1708115 1 65.2149 31.2929 1 10 1 a 1
12:51:58 1708125 1 13.3044 93.9337 1 10 1 a 1
12:51:59 1708129 1 11.5986 84.3487 1 10 1 a 1
12:52:00 1708132 1 19.6946 23.8893 1 10 1 a 1
12:52:01 1708136 1 51.4006 36.2954 1 10 1 a 1
12:52:03 1708141 1 83.2338 10.4061 1 10 1 a 1
12:52:05 1708148 1 54.1269 1.56933 1 10 1 a 1
12:52:06 1708153 1 51.1237 67.7379 1 10 1 a 1
12:52:07 1708156 1 56.8722 40.2718 1 10 1 a 1
12:52:09 1708162 1 28.3826 44.3076 1 10 1 a 1
12:52:11 1708167 1 50.321 58.3025 1 10 1 a 1
12:52:12 1708170 1 48.7905 83.0784 1 10 1 a 1
12:52:13 1708174 1 58.791 42.5131 1 10 1 a 1
12:52:14 1708177 1 25.206 69.0406 1 10 1 a 1
12:52:15 1708182 1 7.11618 50.9505 1 10 1 a 1
12:52:16 1708184 1 52.3952 2.693 1 10 1 a 1
12:52:17 1708187 1 6.84842 9.12161 1 10 1 a 1
12:52:19 1708194 1 17.5587 69.5744 1 10 1 a 1
12:52:23 1708206 1 17.2861 87.5384 1 10 1 a 1
12:52:24 1708212 1 16.7905 32.1566 1 10 1 a 1
12:52:25 1708215 1 16.1912 77.2913 1 10 1 a 1
12:52:26 1708219 1 73.9509 26.9517 1 10 1 a 1
12:52:28 1708224 1 17.155 18.0039 1 10 1 a 1
12:52:29 1708228 1 92.8871 48.4949 1 10 1 a 1
12:52:34 1708245 1 56.1501 52.8683 1 10 1 a 1
12:52:38 1708258 1 13.8436 28.7225 1 10 1 a 1
12:52:39 1708260 1 86.1738 70.1147 1 10 1 a 1
12:52:40 1708266 1 89.3721 19.2621 1 10 1 a 1
12:52:41 1708267 1 24.2894 68.0551 1 10 1 a 1
12:52:42 1708271 1 41.2276 89.8694 1 10 1 a 1
12:52:46 1708285 1 68.5754 83.9287 1 10 1 a 1
12:52:47 1708288 1 41.6277 17.7465 1 10 1 a 1
12:52:48 1708293 1 31.5354 23.0559 1 10 1 a 1
12:52:50 1708297 1 1.75279 47.7467 1 10 1 a 1
12:52:50 1708299 1 6.59894 85.1518 1 10 1 a 1
12:52:51 1708302 1 84.9773 42.8785 1 10 1 a 1
12:52:52 1708306 1 82.5149 77.676 1 10 1 a 1
12:52:54 1708311 1 10.9131 34.9135 1 10 1 a 1
12:52:54 1708313 1 82.6602 75.5599 1 10 1 a 1
12:52:55 1708316 1 64.4335 29.7921 1 10 1 a 1
12:52:58 1708326 1 62.6178 99.7806 1 10 1 a 1
12:53:00 1708330 1 58.8415 70.4373 1 10 1 a 1
12:53:01 1708334 1 24.1798 48.7017 1 10 1 a 1
12:53:02 1708338 1 85.3274 11.8976 1 10 1 a 1
12:53:07 1708355 1 31.5765 96.1046 1 10 1 a 1
12:53:08 1708358 1 55.2884 51.1366 1 10 1 a 1
12:53:09 1708361 1 63.9286 30.2233 1 10 1 a 1
12:53:11 1708367 1 60.9507 37.0563 1 10 1 a 1
12:53:12 1708372 1 83.7945 64.444 1 10 1 a 1
12:53:14 1708376 1 95.746 33.1993 1 10 1 a 1
12:53:16 1708386 1 89.9055 1.07419 1 10 1 a 1
12:53:18 1708391 1 2.14083 31.1311 1 10 1 a 1
12:53:20 1708397 1 36.2516 47.3764 1 10 1 a 1
12:53:22 1708401 1 17.6083 36.0753 1 10 1 a 1
12:53:23 1708407 1 22.685 19.8646 1 10 1 a 1
12:53:24 1708410 1 42.9677 63.4477 1 10 1 a 1
12:53:25 1708415 1 0.717827 27.0153 1 10 1 a 1
12:53:26 1708418 1 93.1758 72.866 1 10 1 a 1
12:53:28 1708425 1 33.5339 60.7291 1 10 1 a 1
12:53:29 1708429 1 18.3732 59.6441 1 10 1 a 1
12:53:30 1708432 1 37.4171 49.7501 1 10 1 a 1
12:53:32 1708438 1 84.4198 37.977 1 10 1 a 1
12:53:33 1708442 1 92.7602 46.1297 1 10 1 a 1
12:53:35 1708448 1 67.6124 38.8474 1 10 1 a 1
12:53:36 1708452 1 70.0793 26.3453 1 10 1 a 1
12:53:37 1708456 1 84.5014 19.5904 1 10 1 a 1
12:53:39 1708460 1 77.2449 80.0233 1 10 1 a 1
12:53:39 1708462 1 97.8856 88.9761 1 10 1 a 1
12:53:42 1708470 1 38.6846 17.0601 1 10 1 a 1
12:53:44 1708478 1 72.1314 65.4115 1 10 1 a 1
12:53:44 1708480 1 51.9698 48.4016 1 10 1 a 1
12:53:46 1708484 1 23.5627 54.0318 1 10 1 a 1
12:53:47 1708487 1 85.4333 7.74232 1 10 1 a 1
12:53:49 1708494 1 96.4205 84.2929 1 10 1 a 1
12:53:50 1708497 1 36.1615 45.0914 1 10 1 a 1
12:53:52 1708504 1 68.7984 72.7924 1 10 1 a 1
12:53:53 1708508 1 76.7032 60.0059 1 10 1 a 1
12:53:56 1708517 1 26.2716 3.89812 1 10 1 a 1
12:53:58 1708525 1 11.8759 95.9201 1 10 1 a 1
12:54:00 1708530 1 64.9117 70.4856 1 10 1 a 1
12:54:05 1708549 1 33.2173 20.6657 1 10 1 a 1
12:54:08 1708558 1 82.3035 81.6047 1 10 1 a 1
12:54:09 1708561 1 23.4298 24.3911 1 10 1 a 1
12:54:10 1708564 1 53.5317 2.2942 1 10 1 a 1
12:54:12 1708572 1 18.3048 14.5245 1 10 1 a 1
12:54:13 1708574 1 96.1292 15.9173 1 10 1 a 1
12:54:14 1708579 1 97.1708 64.4846 1 10 1 a 1
12:54:15 1708581 1 2.50797 52.9695 1 10 1 a 1
12:54:19 1708593 1 47.1126 52.9172 1 10 1 a 1
12:54:20 1708599 1 32.1955 8.10558 1 10 1 a 1
12:54:21 1708602 1 11.4311 20.0401 1 10 1 a 1
12:54:22 1708606 1 61.0481 82.998 1 10 1 a 1
12:54:23 1708609 1 55.9297 63.8777 1 10 1 a 1
12:54:25 1708613 1 46.5957 51.993 1 10 1 a 1
12:54:27 1708620 1 14.746 12.1188 1 10 1 a 1
12:54:28 1708623 1 78.8065 14.8785 1 10 1 a 1
12:54:29 1708627 1 65.0655 1.30909 1 10 1 a 1
12:54:30 1708630 1 90.4525 13.4006 1 10 1 a 1
12:54:31 1708636 1 74.1556 29.2557 1 10 1 a 1
12:54:33 1708641 1 66.6699 0.80289 1 10 1 a 1
12:54:34 1708644 1 43.3967 55.414 1 10 1 a 1
12:54:36 1708650 1 37.0383 43.4448 1 10 1 a 1
12:54:37 1708655 1 64.9264 32.9832 1 10 1 a 1
12:54:39 1708662 1 40.7727 81.1513 1 10 1 a 1
12:54:40 1708665 1 51.4373 93.1912 1 10 1 a 1
12:54:42 1708672 1 74.7658 43.7605 1 10 1 a 1
12:54:43 1708676 1 97.9267 85.4034 1 10 1 a 1
12:54:44 1708679 1 90.4782 22.7075 1 10 1 a 1
12:54:45 1708683 1 26.3162 33.1528 1 10 1 a 1
12:54:49 1708693 1 62.765 57.376 1 10 1 a 1
12:54:50 1708697 1 36.3916 91.5683 1 10 1 a 1
12:54:51 1708700 1 67.267 34.8652 1 10 1 a 1
12:54:52 1708704 1 3.01964 98.0823 1 10 1 a 1
12:54:53 1708708 1 22.5131 15.9893 1 10 1 a 1
12:54:54 1708711 1 10.1196 64.3912 1 10 1 a 1
12:54:57 1708720 1 27.0543 51.7921 1 10 1 a 1
12:54:58 1708725 1 9.63924 19.6618 1 10 1 a 1
12:55:00 1708731 1 51.9749 36.2391 1 10 1 a 1
12:55:01 1708736 1 47.9528 69.3225 1 10 1 a 1
12:55:05 1708747 1 54.8513 88.6951 1 10 1 a 1
12:55:06 1708750 1 57.7808 12.8521 1 10 1 a 1
12:55:07 1708755 1 40.1287 82.8026 1 10 1 a 1
12:55:08 1708756 1 47.7577 13.9821 1 10 1 a 1
12:55:09 1708760 1 54.7065 27.5789 1 10 1 a 1
12:55:10 1708766 1 82.6814 6.28033 1 10 1 a 1
12:55:12 1708770 1 61.0442 90.9217 1 10 1 a 1
12:55:13 1708775 1 46.5997 12.7535 1 10 1 a 1
12:55:14 1708778 1 78.2903 14.2265 1 10 1 a 1
12:55:17 1708785 1 24.4444 26.0943 1 10 1 a 1
12:55:18 1708789 1 55.004 78.739 1 10 1 a 1
12:55:18 1708792 1 36.6231 60.6349 1 10 1 a 1
12:55:19 1708795 1 98.0946 58.9171 1 10 1 a 1
12:55:22 1708803 1 91.1532 37.2296 1 10 1 a 1
12:55:22 1708806 1 47.7609 7.46118 1 10 1 a 1
12:55:24 1708811 1 1.8745 18.5157 1 10 1 a 1
12:55:26 1708817 1 37.3509 81.5921 1 10 1 a 1
12:55:29 1708826 1 3.49529 55.1795 1 10 1 a 1
12:55:30 1708830 1 26.3404 67.1811 1 10 1 a 1
12:55:31 1708834 1 57.7485 91.8087 1 10 1 a 1
12:55:32 1708837 1 54.8318 68.8506 1 10 1 a 1
12:55:35 1708846 1 27.6323 29.7687 1 10 1 a 1
12:55:35 1708848 1 59.0131 54.4456 1 10 1 a 1
12:55:36 1708852 1 46.3111 4.00308 1 10 1 a 1
12:55:37 1708855 1 33.7297 33.3822 1 10 1 a 1
12:55:38 1708859 1 11.479 54.0865 1 10 1 a 1
12:55:39 1708862 1 79.1228 25.6087 1 10 1 a 1
12:55:40 1708866 1 86.2208 4.06889 1 10 1 a 1
12:55:42 1708869 1 75.9181 73.7129 1 10 1 a 1
12:55:43 1708873 1 56.2615 43.2281 1 10 1 a 1
12:55:44 1708876 1 17.0947 41.4647 1 10 1 a 1
12:55:45 1708880 1 36.4895 89.2511 1 10 1 a 1
12:55:46 1708883 1 55.2422 1.39195 1 10 1 a 1
12:55:47 1708887 1 90.4055 93.673 1 10 1 a 1
12:55:48 1708890 1 14.4076 34.2156 1 10 1 a 1
12:55:49 1708894 1 60.2387 62.0733 1 10 1 a 1
12:55:50 1708897 1 19.4386 44.6443 1 10 1 a 1
12:55:51 1708901 1 24.6121 46.6494 1 10 1 a 1
12:55:52 1708904 1 61.6846 77.2234 1 10 1 a 1
12:55:53 1708908 1 25.6177 35.3142 1 10 1 a 1
12:55:54 1708911 1 82.5846 48.7118 1 10 1 a 1
12:55:55 1708915 1 68.3681 82.5452 1 10 1 a 1
12:55:56 1708918 1 7.99773 69.5169 1 10 1 a 1
12:55:57 1708922 1 48.1385 53.3689 1 10 1 a 1
12:55:58 1708926 1 94.9263 42.1971 1 10 1 a 1
12:56:00 1708929 1 96.9867 20.9243 1 10 1 a 1
12:56:01 1708933 1 91.9391 66.3326 1 10 1 a 1
12:56:02 1708936 1 37.7714 81.7894 1 10 1 a 1
12:56:03 1708940 1 27.5709 19.2785 1 10 1 a 1
12:56:04 1708943 1 0.49579 5.69597 1 10 1 a 1
12:56:05 1708947 1 68.428 21.1721 1 10 1 a 1
12:56:06 1708950 1 13.4359 23.5197 1 10 1 a 1
12:56:07 1708954 1 73.3554 96.7831 1 10 1 a 1
12:56:08 1708957 1 23.4235 77.5373 1 10 1 a 1
12:56:09 1708961 1 32.1115 84.239 1 10 1 a 1
12:56:10 1708964 1 60.9066 92.9159 1 10 1 a 1
12:56:11 1708968 1 2.44373 62.667 1 10 1 a 1
12:56:12 1708971 1 76.7254 75.5117 1 10 1 a 1
12:56:13 1708975 1 11.4048 45.47 1 10 1 a 1
12:56:14 1708978 1 44.0558 35.1201 1 10 1 a 1
12:56:15 1708982 1 37.895 4.85481 1 10 1 a 1
12:56:16 1708986 1 54.9494 92.8633 1 10 1 a 1
12:56:17 1708989 1 75.3482 17.0804 1 10 1 a 1
12:56:19 1708993 1 24.0295 74.3251 1 10 1 a 1
12:56:20 1708996 1 69.213 58.5924 1 10 1 a 1
12:56:21 1709000 1 94.5314 63.5846 1 10 1 a 1
12:56:22 1709003 1 5.17198 49.4601 1 10 1 a 1
12:56:23 1709007 1 45.7228 97.5425 1 10 1 a 1
12:56:24 1709010 1 82.5577 51.155 1 10 1 a 1
12:56:25 1709014 1 70.1346 6.32551 1 10 1 a 1
12:56:26 1709018 1 22.5293 19.3186 1 10 1 a 1
12:56:27 1709022 1 71.4494 91.9816 1 10 1 a 1
12:56:28 1709025 1 41.529 44.2916 1 10 1 a 1
12:56:29 1709028 1 49.7053 54.9411 1 10 1 a 1
12:56:30 1709031 1 84.5058 31.1767 1 10 1 a 1
12:56:31 1709035 1 97.9031 17.8099 1 10 1 a 1
12:56:32 1709039 1 39.9605 97.8774 1 10 1 a 1
12:56:34 1709042 1 27.1632 38.2314 1 10 1 a 1
12:56:35 1709046 1 16.6017 81.2141 1 10 1 a 1
12:56:36 1709049 1 12.9055 97.8375 1 10 1 a 1
12:56:37 1709053 1 99.3762 91.1141 1 10 1 a 1
12:56:38 1709057 1 10.0198 47.9894 1 10 1 a 1
12:56:39 1709060 1 23.0389 21.5661 1 10 1 a 1
12:56:40 1709063 1 93.1296 82.6466 1 10 1 a 1
12:56:41 1709067 1 74.4884 71.8143 1 10 1 a 1
12:56:42 1709071 1 83.0909 34.0274 1 10 1 a 1
12:56:43 1709074 1 74.3306 6.87458 1 10 1 a 1
12:56:44 1709078 1 34.6592 30.1397 1 10 1 a 1
12:56:45 1709081 1 2.70217 53.0186 1 10 1 a 1
12:56:46 1709085 1 34.031 64.2564 1 10 1 a 1
12:56:47 1709088 1 10.2327 80.3006 1 10 1 a 1
12:56:48 1709092 1 22.3106 18.9428 1 10 1 a 1
12:56:50 1709096 1 55.0559 40.1008 1 10 1 a 1
12:56:51 1709099 1 32.7235 68.3465 1 10 1 a 1
12:56:52 1709102 1 83.8764 30.8868 1 10 1 a 1
12:56:53 1709106 1 78.8175 60.605 1 10 1 a 1
12:56:54 1709110 1 21.5194 95.4964 1 10 1 a 1
12:56:55 1709113 1 22.1145 52.8886 1 10 1 a 1
12:56:56 1709117 1 56.6943 5.46891 1 10 1 a 1
12:56:57 1709120 1 58.5543 78.2503 1 10 1 a 1
12:56:58 1709124 1 69.0686 96.5976 1 10 1 a 1
12:56:59 1709127 1 67.1633 27.6912 1 10 1 a 1
12:57:00 1709131 1 94.5003 65.7084 1 10 1 a 1
12:57:01 1709135 1 36.2902 79.7562 1 10 1 a 1
12:57:02 1709138 1 38.8184 55.6277 1 10 1 a 1
12:57:03 1709142 1 14.2189 65.6384 1 10 1 a 1
12:57:04 1709145 1 55.6612 99.0322 1 10 1 a 1
12:57:05 1709149 1 50.436 22.5581 1 10 1 a 1
12:57:07 1709152 1 17.2912 19.4422 1 10 1 a 1
12:57:08 1709156 1 3.10165 62.4717 1 10 1 a 1
12:57:09 1709159 1 44.6243 83.0263 1 10 1 a 1
12:57:10 1709163 1 60.6785 51.8032 1 10 1 a 1
12:57:11 1709167 1 45.0689 15.1318 1 10 1 a 1
12:57:12 1709170 1 38.4127 35.2381 1 10 1 a 1
12:57:13 1709174 1 13.7221 3.45915 1 10 1 a 1
12:57:14 1709177 1 60.5577 54.1917 1 10 1 a 1
12:57:15 1709181 1 9.81072 30.1912 1 10 1 a 1
12:57:16 1709184 1 43.4884 16.5644 1 10 1 a 1
12:57:17 1709188 1 92.917 82.2504 1 10 1 a 1
12:57:18 1709192 1 75.0827 77.1341 1 10 1 a 1
12:57:19 1709195 1 33.207 30.7207 1 10 1 a 1
12:57:20 1709199 1 40.1782 41.3858 1 10 1 a 1
12:57:22 1709202 1 87.335 46.7023 1 10 1 a 1
12:57:23 1709206 1 83.624 3.46743 1 10 1 a 1
12:57:24 1709209 1 71.4931 78.9717 1 10 1 a 1
12:57:25 1709213 1 14.4288 45.6152 1 10 1 a 1
12:57:26 1709216 1 19.1222 10.2878 1 10 1 a 1
12:57:27 1709220 1 97.7998 73.6001 1 10 1 a 1
12:57:28 1709224 1 52.4837 11.6235 1 10 1 a 1
12:57:29 1709227 1 77.2867 64.0414 1 10 1 a 1
12:57:30 1709231 1 93.4152 65.4447 1 10 1 a 1
12:57:31 1709234 1 66.0092 58.611 1 10 1 a 1
12:57:32 1709238 1 55.2048 85.3632 1 10 1 a 1
12:57:33 1709242 1 49.9216 34.8619 1 10 1 a 1
12:57:34 1709245 1 60.6358 72.8999 1 10 1 a 1
12:57:37 1709253 1 10.3471 10.1126 1 10 1 a 1
12:57:38 1709256 1 80.8832 75.3762 1 10 1 a 1
12:57:39 1709260 1 56.7773 58.2998 1 10 1 a 1
12:57:40 1709264 1 58.3065 85.6 1 10 1 a 1
12:57:41 1709267 1 28.2324 44.9323 1 10 1 a 1
12:57:42 1709270 1 15.8743 72.846 1 10 1 a 1
12:57:43 1709274 1 93.4683 25.2262 1 10 1 a 1
12:57:44 1709278 1 53.0512 21.7421 1 10 1 a 1
12:57:45 1709281 1 38.5216 97.3666 1 10 1 a 1
12:57:46 1709284 1 5.33349 97.3439 1 10 1 a 1
12:57:47 1709288 1 2.21283 45.5276 1 10 1 a 1
12:57:48 1709292 1 77.1391 36.6151 1 10 1 a 1
12:57:50 1709296 1 31.7965 80.0697 1 10 1 a 1
12:57:51 1709299 1 51.8569 52.1572 1 10 1 a 1
12:57:52 1709302 1 77.6024 91.3302 1 10 1 a 1
12:57:53 1709306 1 40.3309 21.423 1 10 1 a 1
12:57:54 1709309 1 47.6604 16.3954 1 10 1 a 1
12:57:55 1709313 1 80.7343 16.1018 1 10 1 a 1
12:57:56 1709317 1 26.1334 9.28222 1 10 1 a 1
12:57:57 1709320 1 85.627 64.5937 1 10 1 a 1
12:57:58 1709324 1 51.3628 91.0882 1 10 1 a 1
12:57:59 1709327 1 67.4356 49.5748 1 10 1 a 1
12:58:00 1709331 1 91.4665 12.4409 1 10 1 a 1
12:58:02 1709335 1 78.3259 20.671 1 10 1 a 1
12:58:02 1709338 1 95.0644 90.0566 1 10 1 a 1
12:58:03 1709342 1 8.48138 57.3638 1 10 1 a 1
12:58:04 1709345 1 34.4192 86.2947 1 10 1 a 1
12:58:06 1709349 1 94.7019 78.5297 1 10 1 a 1
12:58:07 1709352 1 28.7774 45.8295 1 10 1 a 1
12:58:08 1709356 1 39.5466 60.1972 1 10 1 a 1
12:58:09 1709360 1 66.181 78.6346 1 10 1 a 1
12:58:10 1709363 1 62.9974 48.0061 1 10 1 a 1
12:58:11 1709367 1 66.5563 59.5046 1 10 1 a 1
12:58:12 1709371 1 24.4828 47.8377 1 10 1 a 1
12:58:14 1709375 1 54.4683 58.6243 1 10 1 a 1
12:58:14 1709378 1 71.9826 98.4311 1 10 1 a 1
12:58:15 1709381 1 60.4291 86.8576 1 10 1 a 1
12:58:16 1709385 1 2.53227 69.9571 1 10 1 a 1
12:58:18 1709389 1 28.51 22.4133 1 10 1 a 1
12:58:19 1709392 1 46.8359 16.4712 1 10 1 a 1
12:58:20 1709396 1 64.7127 79.8139 1 10 1 a 1
12:58:21 1709399 1 83.3073 68.4653 1 10 1 a 1
12:58:22 1709403 1 14.4212 42.8247 1 10 1 a 1
12:58:23 1709407 1 96.076 72.7453 1 10 1 a 1
12:58:24 1709411 1 48.6818 23.4165 1 10 1 a 1
12:58:25 1709414 1 10.8246 94.9508 1 10 1 a 1
12:58:26 1709417 1 62.0704 93.645 1 10 1 a 1
12:58:27 1709421 1 54.1634 45.3322 1 10 1 a 1
12:58:28 1709425 1 88.3794 0.712119 1 10 1 a 1
12:58:30 1709429 1 8.91436 54.4579 1 10 1 a 1
12:58:31 1709432 1 79.391 61.3139 1 10 1 a 1
12:58:32 1709435 1 70.6022 57.2283 1 10 1 a 1
12:58:33 1709439 1 2.04976 17.0133 1 10 1 a 1
12:58:34 1709443 1 62.222 71.1238 1 10 1 a 1
12:58:35 1709446 1 46.0779 24.8252 1 10 1 a 1
12:58:36 1709450 1 66.6496 36.129 1 10 1 a 1
12:58:37 1709453 1 1.30517 35.8996 1 10 1 a 1
12:58:38 1709458 1 12.4925 47.7424 1 10 1 a 1
12:58:39 1709461 1 98.4682 64.9567 1 10 1 a 1
12:58:40 1709464 1 43.3525 55.9523 1 10 1 a 1
12:58:41 1709468 1 17.7952 21.293 1 10 1 a 1
12:58:42 1709471 1 56.8176 18.4321 1 10 1 a 1
12:58:43 1709475 1 15.0381 8.95922 1 10 1 a 1
12:58:45 1709479 1 21.8347 75.1899 1 10 1 a 1
12:58:46 1709482 1 8.78543 5.17991 1 10 1 a 1
12:58:47 1709486 1 96.0149 5.56493 1 10 1 a 1
12:58:48 1709489 1 33.361 37.9833 1 10 1 a 1
12:58:49 1709494 1 85.2 6.1744 1 10 1 a 1
12:58:50 1709497 1 17.869 89.6834 1 10 1 a 1
12:58:51 1709500 1 37.4466 65.0114 1 10 1 a 1
12:58:52 1709504 1 15.7109 75.2643 1 10 1 a 1
12:58:53 1709508 1 24.2636 32.8646 1 10 1 a 1
12:58:54 1709511 1 14.9574 19.937 1 10 1 a 1
12:58:56 1709516 1 90.8959 84.3502 1 10 1 a 1
12:58:57 1709519 1 79.9516 6.51258 1 10 1 a 1
12:58:58 1709522 1 39.8193 12.1128 1 10 1 a 1
12:59:00 1709530 1 39.4584 52.4051 1 10 1 a 1
12:59:01 1709534 1 6.68255 71.7782 1 10 1 a 1
12:59:02 1709536 1 8.19238 97.6575 1 10 1 a 1
12:59:03 1709540 1 44.6102 85.6413 1 10 1 a 1
12:59:04 1709544 1 56.2913 33.7533 1 10 1 a 1
12:59:05 1709547 1 26.104 22.9136 1 10 1 a 1
12:59:06 1709551 1 19.0347 97.9012 1 10 1 a 1
12:59:08 1709555 1 46.7155 54.1795 1 10 1 a 1
12:59:08 1709558 1 28.1971 68.4998 1 10 1 a 1
12:59:09 1709561 1 80.2381 88.4115 1 10 1 a 1
12:59:11 1709565 1 79.623 13.9816 1 10 1 a 1
12:59:12 1709569 1 20.501 65.8518 1 10 1 a 1
12:59:13 1709573 1 77.2463 80.8932 1 10 1 a 1
12:59:14 1709576 1 36.6388 45.6197 1 10 1 a 1
12:59:15 1709579 1 77.8772 76.2347 1 10 1 a 1
12:59:16 1709585 1 78.2923 75.698 1 10 1 a 1
12:59:17 1709587 1 35.1501 7.29889 1 10 1 a 1
12:59:18 1709590 1 2.91261 53.5737 1 10 1 a 1
12:59:19 1709594 1 65.8868 23.913 1 10 1 a 1
12:59:20 1709598 1 19.7052 63.1409 1 10 1 a 1
12:59:21 1709601 1 55.2979 5.13009 1 10 1 a 1
12:59:23 1709606 1 54.1947 87.7388 1 10 1 a 1
12:59:24 1709608 1 23.4047 91.3442 1 10 1 a 1
12:59:25 1709612 1 49.5396 43.4504 1 10 1 a 1
12:59:26 1709616 1 12.557 4.14261 1 10 1 a 1
12:59:27 1709619 1 23.867 97.4351 1 10 1 a 1
12:59:28 1709623 1 82.8815 5.97902 1 10 1 a 1
12:59:29 1709627 1 51.7724 68.8978 1 10 1 a 1
12:59:30 1709630 1 70.267 86.9873 1 10 1 a 1
12:59:31 1709634 1 86.5521 45.8756 1 10 1 a 1
12:59:32 1709637 1 91.3441 23.2854 1 10 1 a 1
12:59:33 1709641 1 29.7951 81.0087 1 10 1 a 1
12:59:35 1709645 1 45.4235 37.8484 1 10 1 a 1
12:59:36 1709648 1 6.92378 42.6809 1 10 1 a 1
12:59:37 1709652 1 21.3903 46.6708 1 10 1 a 1
12:59:38 1709657 1 63.5556 73.3527 1 10 1 a 1
12:59:39 1709659 1 26.269 9.87568 1 10 1 a 1
12:59:40 1709663 1 42.7141 73.6657 1 10 1 a 1
12:59:41 1709666 1 29.6437 22.4682 1 10 1 a 1
12:59:42 1709670 1 63.2717 38.2043 1 10 1 a 1
12:59:43 1709674 1 49.6001 69.2457 1 10 1 a 1
12:59:44 1709677 1 27.659 7.68013 1 10 1 a 1
12:59:45 1709681 1 77.9329 94.6178 1 10 1 a 1
12:59:46 1709685 1 30.1301 51.5604 1 10 1 a 1
12:59:48 1709688 1 38.8505 64.1611 1 10 1 a 1
12:59:49 1709692 1 81.2117 67.2209 1 10 1 a 1
12:59:50 1709695 1 26.7324 2.56804 1 10 1 a 1
12:59:51 1709700 1 95.762 53.0386 1 10 1 a 1
12:59:52 1709703 1 76.9506 94.6016 1 10 1 a 1
12:59:53 1709707 1 44.4461 71.8342 1 10 1 a 1
12:59:54 1709710 1 89.8422 47 1 10 1 a 1
12:59:55 1709714 1 70.0203 7.42281 1 10 1 a 1
12:59:56 1709717 1 52.6731 16.2126 1 10 1 a 1
12:59:57 1709721 1 93.6311 28.4822 1 10 1 a 1
12:59:58 1709724 1 64.5485 20.584 1 10 1 a 1
13:00:00 1709728 1 90.9239 40.6055 1 10 1 a 1
13:00:01 1709732 1 59.67 79.3997 1 10 1 a 1
13:00:02 1709736 1 29.3829 63.6667 1 10 1 a 1
13:00:03 1709739 1 52.1789 66.2924 1 10 1 a 1
13:00:04 1709743 1 83.099 40.5883 1 10 1 a 1
13:00:05 1709746 1 10.881 28.2592 1 10 1 a 1
13:00:06 1709750 1 34.1166 87.0922 1 10 1 a 1
13:00:07 1709754 1 14.613 61.5419 1 10 1 a 1
13:00:08 1709757 1 74.7287 97.1295 1 10 1 a 1
13:00:09 1709761 1 99.0405 34.222 1 10 1 a 1
13:00:10 1709764 1 71.5385 21.8296 1 10 1 a 1
13:00:11 1709768 1 94.3479 78.5176 1 10 1 a 1
13:00:13 1709772 1 70.457 94.5686 1 10 1 a 1
13:00:14 1709775 1 20.342 75.7374 1 10 1 a 1
13:00:15 1709779 1 4.30054 63.8593 1 10 1 a 1
13:00:16 1709782 1 51.5684 38.6691 1 10 1 a 1
13:00:17 1709786 1 48.3265 74.7171 1 10 1 a 1
13:00:18 1709790 1 51.7966 25.8352 1 10 1 a 1
13:00:19 1709793 1 42.5508 37.5385 1 10 1 a 1
13:00:20 1709797 1 4.15655 94.5713 1 10 1 a 1
13:00:21 1709801 1 84.0143 74.9952 1 10 1 a 1
13:00:22 1709804 1 58.2099 99.272 1 10 1 a 1
13:00:23 1709808 1 65.8478 65.9763 1 10 1 a 1
13:00:25 1709811 1 46.6318 55.8306 1 10 1 a 1
13:00:26 1709816 1 86.2544 0.537216 1 10 1 a 1
13:00:27 1709819 1 95.7041 87.5322 1 10 1 a 1
13:00:28 1709822 1 15.2229 20.9642 1 10 1 a 1
13:00:29 1709826 1 67.3806 15.6615 1 10 1 a 1
13:00:30 1709830 1 96.8901 53.8319 1 10 1 a 1
13:00:31 1709833 1 39.481 83.6914 1 10 1 a 1
13:00:32 1709838 1 89.7266 15.6733 1 10 1 a 1
13:00:33 1709841 1 76.4352 41.1734 1 10 1 a 1
13:00:34 1709844 1 38.0344 26.0364 1 10 1 a 1
13:00:36 1709848 1 54.3801 57.5501 1 10 1 a 1
13:00:37 1709854 1 51.6191 80.069 1 10 1 a 1
13:00:39 1709859 1 49.6292 70.8118 1 10 1 a 1
13:00:41 1709866 1 2.5358 4.78288 1 10 1 a 1
13:00:42 1709870 1 30.6705 32.4002 1 10 1 a 1
13:00:43 1709873 1 78.2573 65.9211 1 10 1 a 1
13:00:44 1709877 1 82.2243 38.2806 1 10 1 a 1
13:00:45 1709881 1 21.7213 93.5983 1 10 1 a 1
13:00:46 1709884 1 31.088 62.1406 1 10 1 a 1
13:00:48 1709888 1 61.7112 8.01778 1 10 1 a 1
13:00:49 1709892 1 72.8077 4.60002 1 10 1 a 1
13:00:50 1709895 1 86.7128 73.3415 1 10 1 a 1
13:00:51 1709899 1 20.6622 20.0085 1 10 1 a 1
13:00:52 1709903 1 5.35432 19.3462 1 10 1 a 1
13:00:54 1709909 1 41.1884 29.9699 1 10 1 a 1
13:00:54 1709910 1 57.5623 27.9011 1 10 1 a 1
13:00:55 1709913 1 37.8393 25.2556 1 10 1 a 1
13:00:56 1709917 1 52.0389 96.4052 1 10 1 a 1
13:00:58 1709921 1 13.553 85.6514 1 10 1 a 1
13:00:59 1709924 1 0.791455 28.9457 1 10 1 a 1
13:01:00 1709928 1 30.7809 80.6289 1 10 1 a 1
13:01:01 1709932 1 90.7328 48.4286 1 10 1 a 1
13:01:02 1709935 1 87.3948 62.1749 1 10 1 a 1
13:01:03 1709939 1 33.3291 50.0947 1 10 1 a 1
13:01:04 1709943 1 14.5582 81.8578 1 10 1 a 1
13:01:05 1709946 1 96.6976 0.268292 1 10 1 a 1
13:01:06 1709950 1 13.2604 4.11638 1 10 1 a 1
13:01:07 1709954 1 0.103625 79.1939 1 10 1 a 1
13:01:09 1709958 1 64.1486 0.567414 1 10 1 a 1
13:01:09 1709961 1 67.0127 30.2609 1 10 1 a 1
13:01:11 1709965 1 10.0385 52.3743 1 10 1 a 1
13:01:12 1709968 1 91.2522 38.023 1 10 1 a 1
13:01:13 1709972 1 15.3335 41.998 1 10 1 a 1
13:01:14 1709976 1 17.0066 42.5102 1 10 1 a 1
13:01:15 1709979 1 79.3491 97.5345 1 10 1 a 1
13:01:16 1709983 1 40.6169 7.37208 1 10 1 a 1
13:01:17 1709987 1 84.2649 56.3343 1 10 1 a 1
13:01:18 1709991 1 15.4089 19.4998 1 10 1 a 1
13:01:19 1709994 1 45.8796 22.6783 1 10 1 a 1
13:01:20 1709998 1 1.75476 42.014 1 10 1 a 1
13:01:22 1710001 1 79.1515 21.5926 1 10 1 a 1
13:01:23 1710005 1 24.9976 57.9507 1 10 1 a 1
13:01:24 1710009 1 91.1256 8.08478 1 10 1 a 1
13:01:25 1710012 1 60.5925 13.8555 1 10 1 a 1
13:01:26 1710016 1 53.5534 23.3435 1 10 1 a 1
13:01:27 1710019 1 28.2734 42.2174 1 10 1 a 1
13:01:28 1710023 1 53.6619 55.8827 1 10 1 a 1
13:01:29 1710027 1 97.3802 6.28456 1 10 1 a 1
13:01:30 1710031 1 82.6119 53.911 1 10 1 a 1
13:01:32 1710034 1 76.6464 24.7403 1 10 1 a 1
13:01:33 1710038 1 42.931 54.8129 1 10 1 a 1
13:01:34 1710042 1 67.9647 80.5658 1 10 1 a 1
13:01:35 1710045 1 4.39672 62.0133 1 10 1 a 1
13:01:36 1710049 1 92.1267 4.32072 1 10 1 a 1
13:01:37 1710053 1 86.8315 65.5145 1 10 1 a 1
13:01:38 1710056 1 5.94176 90.0294 1 10 1 a 1
13:01:39 1710060 1 3.33378 36.5492 1 10 1 a 1
13:01:41 1710065 1 55.5529 59.7113 1 10 1 a 1
13:01:43 1710071 1 90.9963 82.0302 1 10 1 a 1
13:01:44 1710075 1 42.7812 9.00288 1 10 1 a 1
13:01:45 1710078 1 47.234 50.9352 1 10 1 a 1
13:01:46 1710082 1 41.225 4.37903 1 10 1 a 1
13:01:47 1710086 1 74.1066 55.048 1 10 1 a 1
13:01:48 1710089 1 24.5719 83.2612 1 10 1 a 1
13:01:49 1710093 1 41.0433 51.6325 1 10 1 a 1
13:01:50 1710097 1 40.7881 36.6777 1 10 1 a 1
13:01:51 1710100 1 46.128 60.0403 1 10 1 a 1
13:01:53 1710105 1 75.9417 36.0797 1 10 1 a 1
13:01:54 1710108 1 5.83912 69.9701 1 10 1 a 1
13:01:55 1710111 1 31.604 5.89438 1 10 1 a 1
13:01:56 1710115 1 31.4152 40.4472 1 10 1 a 1
13:01:57 1710119 1 6.36978 50.6048 1 10 1 a 1
13:01:58 1710122 1 50.5173 15.6113 1 10 1 a 1
13:01:59 1710126 1 96.5178 82.3681 1 10 1 a 1
13:02:00 1710130 1 83.0502 92.5831 1 10 1 a 1
13:02:01 1710133 1 95.3405 70.3001 1 10 1 a 1
13:02:02 1710137 1 78.9796 34.5391 1 10 1 a 1
13:02:03 1710141 1 4.80506 78.9435 1 10 1 a 1
13:02:05 1710144 1 51.2121 91.279 1 10 1 a 1
13:02:06 1710148 1 67.6021 11.254 1 10 1 a 1
13:02:07 1710152 1 70.2224 90.7203 1 10 1 a 1
13:02:08 1710155 1 2.20502 62.7325 1 10 1 a 1
13:02:09 1710159 1 66.8956 64.9447 1 10 1 a 1
13:02:10 1710163 1 18.3564 79.7585 1 10 1 a 1
13:02:11 1710167 1 36.3246 92.9402 1 10 1 a 1
13:02:12 1710171 1 38.0272 54.3505 1 10 1 a 1
13:02:14 1710174 1 51.4903 9.35387 1 10 1 a 1
13:02:15 1710178 1 88.5828 79.841 1 10 1 a 1
13:02:16 1710181 1 54.2958 62.6433 1 10 1 a 1
13:02:17 1710185 1 63.1086 48.7405 1 10 1 a 1
13:02:18 1710189 1 35.4041 32.3294 1 10 1 a 1
13:02:19 1710193 1 75.2929 71.705 1 10 1 a 1
13:02:20 1710196 1 59.883 40.958 1 10 1 a 1
13:02:21 1710200 1 88.3106 3.63158 1 10 1 a 1
13:02:22 1710203 1 44.9187 85.6065 1 10 1 a 1
13:02:23 1710207 1 1.35267 73.1047 1 10 1 a 1
13:02:25 1710211 1 89.5404 7.85302 1 10 1 a 1
13:02:26 1710214 1 26.6846 1.08496 1 10 1 a 1
13:02:27 1710218 1 74.7261 78.7393 1 10 1 a 1
13:02:28 1710222 1 77.8481 5.84109 1 10 1 a 1
13:02:29 1710226 1 98.4308 1.98399 1 10 1 a 1
13:02:30 1710229 1 74.8687 8.98928 1 10 1 a 1
13:02:31 1710233 1 14.1573 76.4974 1 10 1 a 1
13:02:32 1710237 1 44.6511 0.122384 1 10 1 a 1
13:02:33 1710241 1 61.9259 32.1902 1 10 1 a 1
