10:26:33 19 1 4.93583 9.72775 2.0 3.0 1 a 1
10:26:34 19 1 4.93583 9.72775 2.0 3.0 1 a 1
10:26:35 19 1 4.93583 9.72775 2.0 3.0 1 a 1
10:26:36 19 1 4.93583 9.72775 2.0 3.0 1 a 1
10:26:37 19 1 4.93583 9.72775 2.0 3.0 1 a 1
10:26:38 19 1 4.93583 9.72775 2.0 3.0 1 a 1
10:26:39 19 1 4.93583 9.72775 2.0 3.0 1 a 1
10:26:40 19 1 4.93583 9.72775 2.0 3.0 1 a 1
10:26:41 19 1 4.93583 9.72775 2.0 3.0 1 a 1
10:26:42 19 1 4.93583 9.72775 2.0 3.0 1 a 1
10:26:43 19 1 4.93583 9.72775 2.0 3.0 1 a 1
10:26:44 19 1 4.93583 9.72775 2.0 3.0 1 a 0
10:26:46 19 1 4.93583 9.72775 2.0 3.0 1 a 0
10:26:47 19 1 4.93583 9.72775 2.0 3.0 1 a 0
10:26:48 19 1 4.93583 9.72775 2.0 3.0 1 a 0
10:26:49 19 1 4.93583 9.72775 2.0 3.0 1 a 0
10:26:49 19 1 4.93583 9.72775 2.0 3.0 1 a 0
10:26:50 19 1 4.93583 9.72775 2.0 3.0 1 a 0
10:26:51 19 1 4.93583 9.72775 2.0 3.0 1 a 0
10:26:52 19 1 4.93583 9.72775 2.0 3.0 1 a 0
10:26:53 19 1 4.93583 9.72775 2.0 3.0 1 a 0
10:26:54 19 1 4.93583 9.72775 2.0 3.0 1 a 0
10:26:55 19 1 4.93583 9.72775 2.0 3.0 1 a 0
10:26:56 19 1 4.93583 9.72775 2.0 3.0 1 a 0
10:26:57 19 1 4.93583 9.72775 2.0 3.0 1 a 0
10:26:59 19 1 4.93583 9.72775 2.0 3.0 1 a 0
10:27:00 19 1 4.93583 9.72775 2.0 3.0 1 a 0
10:27:01 19 1 4.93583 9.72775 2.0 3.0 1 a 0
10:27:02 19 1 4.93583 9.72775 2.0 3.0 1 a 0
10:27:03 19 1 4.93583 9.72775 2.0 3.0 1 a 0
10:27:04 19 1 4.93583 9.72775 2.0 3.0 1 a 0
10:27:06 19 1 4.93583 9.72775 2.0 3.0 1 a 0
10:27:07 19 1 4.93583 9.72775 2.0 3.0 1 a 0
10:27:08 19 1 4.93583 9.72775 2.0 3.0 1 a 0
10:27:09 19 1 4.93583 9.72775 2.0 3.0 1 a 0
10:27:10 19 1 4.93583 9.72775 2.0 3.0 1 a 0
10:27:11 19 1 4.93583 9.72775 2.0 3.0 1 a 0
10:27:12 19 1 4.93583 9.72775 2.0 3.0 1 a 0
10:27:13 19 1 4.93583 9.72775 2.0 3.0 1 a 0
10:27:14 19 1 4.93583 9.72775 2.0 3.0 1 a 0
10:27:15 19 1 4.93583 9.72775 2.0 3.0 1 a 0
10:27:16 19 1 4.93583 9.72775 2.0 3.0 1 a 0
10:27:17 19 1 4.93583 9.72775 2.0 3.0 1 a 0
10:27:18 19 1 4.93583 9.72775 2.0 3.0 1 a 0
10:27:19 19 1 4.93583 9.72775 2.0 3.0 1 a 0
10:27:20 19 1 4.93583 9.72775 2.0 3.0 1 a 0
10:27:21 19 1 4.93583 9.72775 2.0 3.0 1 a 0
10:27:22 19 1 4.93583 9.72775 2.0 3.0 1 a 0
10:27:23 19 1 4.93583 9.72775 2.0 3.0 1 a 0
10:27:24 19 1 4.93583 9.72775 2.0 3.0 1 a 0
10:27:25 19 1 4.93583 9.72775 2.0 3.0 1 a 0
10:27:26 19 1 4.93583 9.72775 2.0 3.0 1 a 0
10:27:27 19 1 4.93583 9.72775 2.0 3.0 1 a 0
10:27:28 19 1 4.93583 9.72775 2.0 3.0 1 a 0
10:27:29 19 1 4.93583 9.72775 2.0 3.0 1 a 0
10:27:30 19 1 4.93583 9.72775 2.0 3.0 1 a 0
10:27:31 19 1 4.93583 9.72775 2.0 3.0 1 a 0
10:27:32 19 1 4.93583 9.72775 2.0 3.0 1 a 0
10:27:33 19 1 4.93583 9.72775 2.0 3.0 1 a 0
10:27:34 19 1 4.93583 9.72775 2.0 3.0 1 a 0
10:27:35 19 1 4.93583 9.72775 2.0 3.0 1 a 0
10:27:36 19 1 4.93583 9.72775 2.0 3.0 1 a 0
10:27:37 19 1 4.93583 9.72775 2.0 3.0 1 a 0
10:27:38 19 1 4.93583 9.72775 2.0 3.0 1 a 0
10:27:39 19 1 4.93583 9.72775 2.0 3.0 1 a 0
10:27:40 19 1 4.93583 9.72775 2.0 3.0 1 a 0
10:27:41 19 1 4.93583 9.72775 2.0 3.0 1 a 0
10:27:42 19 1 4.93583 9.72775 2.0 3.0 1 a 0
10:27:43 19 1 4.93583 9.72775 2.0 3.0 1 a 0
10:27:44 19 1 4.93583 9.72775 2.0 3.0 1 a 0
10:27:45 19 1 4.93583 9.72775 2.0 3.0 1 a 0
10:27:46 19 1 4.93583 9.72775 2.0 3.0 1 a 0
10:27:47 19 1 4.93583 9.72775 2.0 3.0 1 a 0
10:27:48 19 1 4.93583 9.72775 2.0 3.0 1 a 0
10:27:50 19 1 4.93583 9.72775 2.0 3.0 1 a 0
10:27:51 19 1 4.93583 9.72775 2.0 3.0 1 a 0
10:27:52 19 1 4.93583 9.72775 2.0 3.0 1 a 0
10:27:53 19 1 4.93583 9.72775 2.0 3.0 1 a 0
10:27:54 19 1 4.93583 9.72775 2.0 3.0 1 a 0
10:27:55 19 1 4.93583 9.72775 2.0 3.0 1 a 0
10:27:56 19 1 4.93583 9.72775 2.0 3.0 1 a 0
10:27:57 19 1 4.93583 9.72775 2.0 3.0 1 a 0
10:27:58 19 1 4.93583 9.72775 2.0 3.0 1 a 0
10:27:59 19 1 4.93583 9.72775 2.0 3.0 1 a 0
10:28:00 19 1 4.93583 9.72775 2.0 3.0 1 a 0
10:28:01 19 1 4.93583 9.72775 2.0 3.0 1 a 0
10:28:02 19 1 4.93583 9.72775 2.0 3.0 1 a 0
10:28:03 19 1 4.93583 9.72775 2.0 3.0 1 a 0
10:28:04 19 1 4.93583 9.72775 2.0 3.0 1 a 0
10:28:05 19 1 4.93583 9.72775 2.0 3.0 1 a 0
10:28:06 19 1 4.93583 9.72775 2.0 3.0 1 a 0
10:28:07 19 1 4.93583 9.72775 2.0 3.0 1 a 0
10:28:08 19 1 4.93583 9.72775 2.0 3.0 1 a 0
10:28:09 19 1 4.93583 9.72775 2.0 3.0 1 a 0
10:28:10 19 1 4.93583 9.72775 2.0 3.0 1 a 0
10:28:11 19 1 4.93583 9.72775 2.0 3.0 1 a 0
10:28:12 19 1 4.93583 9.72775 2.0 3.0 1 a 0
10:28:13 19 1 4.93583 9.72775 2.0 3.0 1 a 0
10:28:14 19 1 4.93583 9.72775 2.0 3.0 1 a 0
10:28:15 19 1 4.93583 9.72775 2.0 3.0 1 a 0
10:28:16 19 1 4.93583 9.72775 2.0 3.0 1 a 0
10:28:17 19 1 4.93583 9.72775 2.0 3.0 1 a 0
10:28:18 19 1 4.93583 9.72775 2.0 3.0 1 a 0
10:28:19 19 1 4.93583 9.72775 2.0 3.0 1 a 0
10:28:20 19 1 4.93583 9.72775 2.0 3.0 1 a 0
10:28:21 19 1 4.93583 9.72775 2.0 3.0 1 a 0
10:28:22 19 1 4.93583 9.72775 2.0 3.0 1 a 0
10:28:23 19 1 4.93583 9.72775 2.0 3.0 1 a 0
10:28:24 19 1 4.93583 9.72775 2.0 3.0 1 a 0
10:28:25 19 1 4.93583 9.72775 2.0 3.0 1 a 0
10:28:26 19 1 4.93583 9.72775 2.0 3.0 1 a 0
10:28:27 19 1 4.93583 9.72775 2.0 3.0 1 a 0
10:28:29 19 1 4.93583 9.72775 2.0 3.0 1 a 0
10:28:30 19 1 4.93583 9.72775 2.0 3.0 1 a 0
10:28:31 19 1 4.93583 9.72775 2.0 3.0 1 a 0
10:28:32 19 1 4.93583 9.72775 2.0 3.0 1 a 0
10:28:33 19 1 4.93583 9.72775 2.0 3.0 1 a 0
10:28:34 19 1 4.93583 9.72775 2.0 3.0 1 a 0
10:28:35 19 1 4.93583 9.72775 2.0 3.0 1 a 0
10:28:36 19 1 4.93583 9.72775 2.0 3.0 1 a 0
10:28:37 19 1 4.93583 9.72775 2.0 3.0 1 a 0
10:28:38 19 1 4.93583 9.72775 2.0 3.0 1 a 0
10:28:39 19 1 4.93583 9.72775 2.0 3.0 1 a 0
10:28:40 19 1 4.93583 9.72775 2.0 3.0 1 a 0
10:28:41 19 1 4.93583 9.72775 2.0 3.0 1 a 0
10:28:42 19 1 4.93583 9.72775 2.0 3.0 1 a 0
10:28:43 19 1 4.93583 9.72775 2.0 3.0 1 a 0
10:28:44 19 1 4.93583 9.72775 2.0 3.0 1 a 0
10:28:45 19 1 4.93583 9.72775 2.0 3.0 1 a 0
10:28:46 19 1 4.93583 9.72775 2.0 3.0 1 a 0
10:28:47 19 1 4.93583 9.72775 2.0 3.0 1 a 0
10:28:48 19 1 4.93583 9.72775 2.0 3.0 1 a 0
10:28:49 19 1 4.93583 9.72775 2.0 3.0 1 a 0
10:28:50 19 1 4.93583 9.72775 2.0 3.0 1 a 0
10:28:51 19 1 4.93583 9.72775 2.0 3.0 1 a 0
10:28:52 19 1 4.93583 9.72775 2.0 3.0 1 a 0
10:28:53 19 1 4.93583 9.72775 2.0 3.0 1 a 0
10:28:54 19 1 4.93583 9.72775 2.0 3.0 1 a 0
10:28:55 19 1 4.93583 9.72775 2.0 3.0 1 a 0
10:28:56 19 1 4.93583 9.72775 2.0 3.0 1 a 0
10:28:57 19 1 4.93583 9.72775 2.0 3.0 1 a 0
10:28:58 19 1 4.93583 9.72775 2.0 3.0 1 a 0
10:28:59 19 1 4.93583 9.72775 2.0 3.0 1 a 0
10:29:01 19 1 4.93583 9.72775 2.0 3.0 1 a 0
10:29:02 19 1 4.93583 9.72775 2.0 3.0 1 a 0
10:29:03 19 1 4.93583 9.72775 2.0 3.0 1 a 0
10:29:04 19 1 4.93583 9.72775 2.0 3.0 1 a 0
10:29:05 19 1 4.93583 9.72775 2.0 3.0 1 a 0
10:29:06 19 1 4.93583 9.72775 2.0 3.0 1 a 0
10:29:07 19 1 4.93583 9.72775 2.0 3.0 1 a 0
10:29:08 19 1 4.93583 9.72775 2.0 3.0 1 a 0
10:29:09 19 1 4.93583 9.72775 2.0 3.0 1 a 0
10:29:10 19 1 4.93583 9.72775 2.0 3.0 1 a 0
10:29:11 19 1 4.93583 9.72775 2.0 3.0 1 a 0
10:29:12 19 1 4.93583 9.72775 2.0 3.0 1 a 0
10:29:13 19 1 4.93583 9.72775 2.0 3.0 1 a 0
10:29:14 19 1 4.93583 9.72775 2.0 3.0 1 a 0
10:29:15 19 1 4.93583 9.72775 2.0 3.0 1 a 0
10:29:16 19 1 4.93583 9.72775 2.0 3.0 1 a 0
10:29:17 19 1 4.93583 9.72775 2.0 3.0 1 a 0
10:29:18 19 1 4.93583 9.72775 2.0 3.0 1 a 0
10:29:19 19 1 4.93583 9.72775 2.0 3.0 1 a 0
10:29:20 19 1 4.93583 9.72775 2.0 3.0 1 a 0
10:29:21 19 1 4.93583 9.72775 2.0 3.0 1 a 0
10:29:22 19 1 4.93583 9.72775 2.0 3.0 1 a 0
10:29:42 19 1 4.93583 9.72775 2.0 3.0 1 a 0
10:29:43 19 1 4.93583 9.72775 2.0 3.0 1 a 0
10:29:44 19 1 4.93583 9.72775 2.0 3.0 1 a 0
10:29:45 19 1 4.93583 9.72775 2.0 3.0 1 a 0
10:29:46 19 1 4.93583 9.72775 2.0 3.0 1 a 0
10:29:47 19 1 4.93583 9.72775 2.0 3.0 1 a 0
10:29:48 19 1 4.93583 9.72775 2.0 3.0 1 a 0
10:58:09 19 1 4.93583 9.72775 2.0 3.0 1 a 0
10:58:10 19 1 4.93583 9.72775 2.0 3.0 1 a 0
10:58:13 19 1 4.93583 9.72775 2.0 3.0 1 a 0
10:58:14 19 1 4.93583 9.72775 2.0 3.0 1 a 0
10:58:15 19 1 4.93583 9.72775 2.0 3.0 1 a 0
10:58:16 19 1 4.93583 9.72775 2.0 3.0 1 a 0
10:58:17 19 1 4.93583 9.72775 2.0 3.0 1 a 0
10:58:18 19 1 4.93583 9.72775 2.0 3.0 1 a 0
10:58:19 19 1 4.93583 9.72775 2.0 3.0 1 a 0
10:58:20 19 1 4.93583 9.72775 2.0 3.0 1 a 0
10:58:21 19 1 4.93583 9.72775 2.0 3.0 1 a 0
10:58:22 19 1 4.93583 9.72775 2.0 3.0 1 a 0
10:58:23 19 1 4.93583 9.72775 2.0 3.0 1 a 0
10:58:24 19 1 4.93583 9.72775 2.0 3.0 1 a 0
10:58:25 19 1 4.93583 9.72775 2.0 3.0 1 a 0
10:58:26 19 1 4.93583 9.72775 2.0 3.0 1 a 0
10:58:27 19 1 4.93583 9.72775 2.0 3.0 1 a 0
10:58:28 19 1 4.93583 9.72775 2.0 3.0 1 a 0
10:58:29 19 1 4.93583 9.72775 2.0 3.0 1 a 0
10:58:30 19 1 4.93583 9.72775 2.0 3.0 1 a 0
10:58:31 19 1 4.93583 9.72775 2.0 3.0 1 a 0
10:58:32 19 1 4.93583 9.72775 2.0 3.0 1 a 0
10:58:33 19 1 4.93583 9.72775 2.0 3.0 1 a 0
10:58:34 19 1 4.93583 9.72775 2.0 3.0 1 a 0
10:58:35 19 1 4.93583 9.72775 2.0 3.0 1 a 0
10:58:37 19 1 4.93583 9.72775 2.0 3.0 1 a 0
10:58:38 19 1 4.93583 9.72775 2.0 3.0 1 a 0
10:58:39 19 1 4.93583 9.72775 2.0 3.0 1 a 0
10:58:41 19 1 4.93583 9.72775 2.0 3.0 1 a 0
10:58:42 19 1 4.93583 9.72775 2.0 3.0 1 a 0
10:58:43 19 1 4.93583 9.72775 2.0 3.0 1 a 0
10:58:44 19 1 4.93583 9.72775 2.0 3.0 1 a 0
10:58:45 19 1 4.93583 9.72775 2.0 3.0 1 a 0
10:58:46 19 1 4.93583 9.72775 2.0 3.0 1 a 0
10:58:49 19 1 4.93583 9.72775 2.0 3.0 1 a 0
10:58:50 19 1 4.93583 9.72775 2.0 3.0 1 a 0
10:58:51 19 1 4.93583 9.72775 2.0 3.0 1 a 0
10:58:52 19 1 4.93583 9.72775 2.0 3.0 1 a 0
10:58:53 19 1 4.93583 9.72775 2.0 3.0 1 a 0
10:58:54 19 1 4.93583 9.72775 2.0 3.0 1 a 0
10:58:55 19 1 4.93583 9.72775 2.0 3.0 1 a 0
10:58:56 19 1 4.93583 9.72775 2.0 3.0 1 a 0
10:58:57 19 1 4.93583 9.72775 2.0 3.0 1 a 0
10:58:58 19 1 4.93583 9.72775 2.0 3.0 1 a 0
10:58:59 19 1 4.93583 9.72775 2.0 3.0 1 a 0
10:59:00 19 1 4.93583 9.72775 2.0 3.0 1 a 0
10:59:01 19 1 4.93583 9.72775 2.0 3.0 1 a 0
10:59:02 19 1 4.93583 9.72775 2.0 3.0 1 a 0
10:59:03 19 1 4.93583 9.72775 2.0 3.0 1 a 0
10:59:04 19 1 4.93583 9.72775 2.0 3.0 1 a 0
10:59:05 19 1 4.93583 9.72775 2.0 3.0 1 a 0
10:59:06 19 1 4.93583 9.72775 2.0 3.0 1 a 0
10:59:07 19 1 4.93583 9.72775 2.0 3.0 1 a 0
10:59:08 19 1 4.93583 9.72775 2.0 3.0 1 a 0
10:59:09 19 1 4.93583 9.72775 2.0 3.0 1 a 0
10:59:10 19 1 4.93583 9.72775 2.0 3.0 1 a 0
10:59:11 19 1 4.93583 9.72775 2.0 3.0 1 a 0
10:59:12 19 1 4.93583 9.72775 2.0 3.0 1 a 0
10:59:13 19 1 4.93583 9.72775 2.0 3.0 1 a 0
10:59:14 19 1 4.93583 9.72775 2.0 3.0 1 a 0
10:59:16 19 1 4.93583 9.72775 2.0 3.0 1 a 0
10:59:17 19 1 4.93583 9.72775 2.0 3.0 1 a 0
10:59:18 19 1 4.93583 9.72775 2.0 3.0 1 a 0
10:59:19 19 1 4.93583 9.72775 2.0 3.0 1 a 0
10:59:20 19 1 4.93583 9.72775 2.0 3.0 1 a 0
10:59:21 19 1 4.93583 9.72775 2.0 3.0 1 a 0
10:59:22 19 1 4.93583 9.72775 2.0 3.0 1 a 0
10:59:23 19 1 4.93583 9.72775 2.0 3.0 1 a 0
10:59:24 19 1 4.93583 9.72775 2.0 3.0 1 a 0
10:59:25 19 1 4.93583 9.72775 2.0 3.0 1 a 0
10:59:26 19 1 4.93583 9.72775 2.0 3.0 1 a 0
10:59:27 19 1 4.93583 9.72775 2.0 3.0 1 a 0
10:59:28 19 1 4.93583 9.72775 2.0 3.0 1 a 0
10:59:29 19 1 4.93583 9.72775 2.0 3.0 1 a 0
10:59:30 19 1 4.93583 9.72775 2.0 3.0 1 a 0
10:59:31 19 1 4.93583 9.72775 2.0 3.0 1 a 0
11:16:48 19 1 4.93583 9.72775 2.0 3.0 1 a 0
11:16:49 19 1 4.93583 9.72775 2.0 3.0 1 a 0
11:16:50 19 1 4.93583 9.72775 2.0 3.0 1 a 0
11:16:51 19 1 4.93583 9.72775 2.0 3.0 1 a 0
11:16:52 19 1 4.93583 9.72775 2.0 3.0 1 a 0
11:16:53 19 1 4.93583 9.72775 2.0 3.0 1 a 0
11:16:54 19 1 4.93583 9.72775 2.0 3.0 1 a 0
11:16:56 19 1 4.93583 9.72775 2.0 3.0 1 a 0
11:16:57 19 1 4.93583 9.72775 2.0 3.0 1 a 0
11:16:58 19 1 4.93583 9.72775 2.0 3.0 1 a 0
11:16:59 19 1 4.93583 9.72775 2.0 3.0 1 a 0
11:17:00 19 1 4.93583 9.72775 2.0 3.0 1 a 0
11:17:01 19 1 4.93583 9.72775 2.0 3.0 1 a 0
11:17:02 19 1 4.93583 9.72775 2.0 3.0 1 a 0
11:17:03 19 1 4.93583 9.72775 2.0 3.0 1 a 0
11:17:04 19 1 4.93583 9.72775 2.0 3.0 1 a 0
11:17:05 19 1 4.93583 9.72775 2.0 3.0 1 a 0
11:17:06 19 1 4.93583 9.72775 2.0 3.0 1 a 0
11:17:07 19 1 4.93583 9.72775 2.0 3.0 1 a 0
11:17:08 19 1 4.93583 9.72775 2.0 3.0 1 a 0
11:17:09 19 1 4.93583 9.72775 2.0 3.0 1 a 0
11:17:10 19 1 4.93583 9.72775 2.0 3.0 1 a 0
11:17:11 19 1 4.93583 9.72775 2.0 3.0 1 a 0
11:17:12 19 1 4.93583 9.72775 2.0 3.0 1 a 0
11:17:13 19 1 4.93583 9.72775 2.0 3.0 1 a 0
11:17:14 19 1 4.93583 9.72775 2.0 3.0 1 a 0
11:17:17 19 1 4.93583 9.72775 2.0 3.0 1 a 0
11:17:18 19 1 4.93583 9.72775 2.0 3.0 1 a 0
11:17:20 19 1 4.93583 9.72775 2.0 3.0 1 a 0
11:17:21 19 1 4.93583 9.72775 2.0 3.0 1 a 0
11:17:22 19 1 4.93583 9.72775 2.0 3.0 1 a 0
11:17:23 19 1 4.93583 9.72775 2.0 3.0 1 a 0
11:17:24 19 1 4.93583 9.72775 2.0 3.0 1 a 0
11:17:25 19 1 4.93583 9.72775 2.0 3.0 1 a 0
11:17:26 19 1 4.93583 9.72775 2.0 3.0 1 a 0
11:17:27 19 1 4.93583 9.72775 2.0 3.0 1 a 0
11:17:29 19 1 4.93583 9.72775 2.0 3.0 1 a 0
11:17:30 19 1 4.93583 9.72775 2.0 3.0 1 a 0
11:17:31 19 1 4.93583 9.72775 2.0 3.0 1 a 0
11:17:32 19 1 4.93583 9.72775 2.0 3.0 1 a 0
11:17:34 19 1 4.93583 9.72775 2.0 3.0 1 a 0
11:17:35 19 1 4.93583 9.72775 2.0 3.0 1 a 0
11:17:36 19 1 4.93583 9.72775 2.0 3.0 1 a 0
11:17:37 19 1 4.93583 9.72775 2.0 3.0 1 a 0
11:17:39 19 1 4.93583 9.72775 2.0 3.0 1 a 0
11:17:39 19 1 4.93583 9.72775 2.0 3.0 1 a 0
11:17:40 19 1 4.93583 9.72775 2.0 3.0 1 a 0
11:26:29 19 1 4.93583 9.72775 2.0 3.0 1 a 0
11:26:30 19 1 4.93583 9.72775 2.0 3.0 1 a 0
11:26:31 19 1 4.93583 9.72775 2.0 3.0 1 a 0
11:26:32 19 1 4.93583 9.72775 2.0 3.0 1 a 0
11:26:33 19 1 4.93583 9.72775 2.0 3.0 1 a 0
11:26:34 19 1 4.93583 9.72775 2.0 3.0 1 a 0
