12:47:37  1
12:47:46  1
12:47:51  1
12:47:56  1
12:47:57  1
12:47:59  1
12:48:03  1
12:48:04  1
12:48:04  1
12:48:06  1
12:48:06  1
12:48:09  1
12:48:09  1
12:48:10  1
12:48:11  1
12:48:12  1
12:48:15  1
12:48:15  1
12:48:18  1
12:48:21  1
12:48:23  1
12:48:24  1
12:48:26  1
12:48:29  1
12:48:30  1
12:48:31  1
12:48:32  1
12:48:34  1
12:48:35  1
12:48:36  1
12:48:37  1
12:48:38  1
12:48:39  1
12:48:41  1
12:48:42  1
12:48:44  1
12:48:44  1
12:48:46  1
12:48:48  1
12:48:49  1
12:48:51  1
12:48:52  1
12:48:52  1
12:48:54  1
12:48:55  1
12:48:57  1
12:48:59  1
12:49:01  1
12:49:02  1
12:49:03  1
12:49:04  1
12:49:05  1
12:49:06  1
12:49:08  1
12:49:09  1
12:49:10  1
12:49:12  1
12:49:13  1
12:49:15  1
12:49:16  1
12:49:17  1
12:49:18  1
12:49:20  1
12:49:21  1
12:49:23  1
12:49:24  1
12:49:27  1
12:49:28  1
12:49:30  1
12:49:31  1
12:49:32  1
12:49:34  1
12:49:35  1
12:49:36  1
12:49:38  1
12:49:39  1
12:49:40  1
12:49:42  1
12:49:43  1
12:49:46  1
12:49:47  1
12:49:48  1
12:49:50  1
12:49:50  1
12:49:53  1
12:49:53  1
12:49:54  1
12:49:55  1
12:49:58  1
12:49:59  1
12:50:01  1
12:50:04  1
12:50:05  1
12:50:06  1
12:50:07  1
12:50:08  1
12:50:09  1
12:50:10  1
12:50:11  1
12:50:12  1
12:50:13  1
12:50:14  1
12:50:16  1
12:50:16  1
12:50:19  1
12:50:21  1
12:50:23  1
12:50:24  1
12:50:29  1
12:50:30  1
12:50:31  1
12:50:32  1
12:50:33  1
12:50:35  1
12:50:37  1
12:50:39  1
12:50:40  1
12:50:41  1
12:50:43  1
12:50:45  1
12:50:45  1
12:50:46  1
12:50:47  1
12:50:50  1
12:50:51  1
12:50:53  1
12:50:53  1
12:50:56  1
12:50:57  1
12:50:58  1
12:50:59  1
12:51:01  1
12:51:02  1
12:51:03  1
12:51:04  1
12:51:05  1
12:51:06  1
12:51:07  1
12:51:09  1
12:51:10  1
12:51:12  1
12:51:12  1
12:51:13  1
12:51:15  1
12:51:16  1
12:51:17  1
12:51:18  1
12:51:19  1
12:51:22  1
12:51:24  1
12:51:25  1
12:51:26  1
12:51:28  1
12:51:30  1
12:51:31  1
12:51:32  1
12:51:34  1
12:51:35  1
12:51:36  1
12:51:38  1
12:51:39  1
12:51:43  1
12:51:45  1
12:51:46  1
12:51:48  1
12:51:51  1
12:51:52  1
12:51:53  1
12:51:54  1
12:51:55  1
12:51:58  1
12:51:59  1
12:52:00  1
12:52:01  1
12:52:03  1
12:52:05  1
12:52:07  1
12:52:07  1
12:52:09  1
12:52:11  1
12:52:12  1
12:52:13  1
12:52:14  1
12:52:15  1
12:52:16  1
12:52:17  1
12:52:19  1
12:52:23  1
12:52:24  1
12:52:25  1
12:52:26  1
12:52:28  1
12:52:29  1
12:52:35  1
12:52:38  1
12:52:39  1
12:52:40  1
12:52:41  1
12:52:42  1
12:52:46  1
12:52:47  1
12:52:49  1
12:52:50  1
12:52:50  1
12:52:51  1
12:52:52  1
12:52:54  1
12:52:55  1
12:52:56  1
12:52:59  1
12:53:00  1
12:53:01  1
12:53:02  1
12:53:07  1
12:53:08  1
12:53:10  1
12:53:11  1
12:53:12  1
12:53:15  1
12:53:16  1
12:53:18  1
12:53:20  1
12:53:22  1
12:53:23  1
12:53:24  1
12:53:25  1
12:53:26  1
12:53:28  1
12:53:29  1
12:53:31  1
12:53:32  1
12:53:34  1
12:53:35  1
12:53:37  1
12:53:37  1
12:53:39  1
12:53:39  1
12:53:42  1
12:53:44  1
12:53:45  1
12:53:46  1
12:53:47  1
12:53:49  1
12:53:50  1
12:53:52  1
12:53:53  1
12:53:57  1
12:53:58  1
12:54:00  1
12:54:05  1
12:54:08  1
12:54:09  1
12:54:11  1
12:54:12  1
12:54:13  1
12:54:14  1
12:54:15  1
12:54:19  1
12:54:20  1
12:54:21  1
12:54:23  1
12:54:23  1
12:54:26  1
12:54:27  1
12:54:28  1
12:54:29  1
12:54:30  1
12:54:32  1
12:54:33  1
12:54:34  1
12:54:36  1
12:54:38  1
12:54:39  1
12:54:40  1
12:54:42  1
12:54:43  1
12:54:45  1
12:54:46  1
12:54:49  1
12:54:50  1
12:54:51  1
12:54:52  1
12:54:53  1
12:54:54  1
12:54:57  1
12:54:58  1
12:55:01  1
12:55:01  1
12:55:05  1
12:55:06  1
12:55:07  1
12:55:08  1
12:55:09  1
12:55:11  1
12:55:12  1
12:55:13  1
12:55:14  1
12:55:17  1
12:55:18  1
12:55:18  1
12:55:19  1
12:55:22  1
12:55:23  1
12:55:25  1
12:55:26  1
12:55:29  1
12:55:30  1
12:55:31  1
12:55:32  1
12:55:35  1
12:55:35  1
12:55:36  1
12:55:37  1
12:55:38  1
12:55:39  1
12:55:41  1
12:55:42  1
12:55:43  1
12:55:44  1
12:55:45  1
12:55:46  1
12:55:47  1
12:55:48  1
12:55:49  1
12:55:50  1
12:55:51  1
12:55:52  1
12:55:53  1
12:55:54  1
12:55:55  1
12:55:56  1
12:55:57  1
12:55:59  1
12:56:00  1
12:56:01  1
12:56:02  1
12:56:03  1
12:56:04  1
12:56:05  1
12:56:06  1
12:56:07  1
12:56:08  1
12:56:09  1
12:56:10  1
12:56:11  1
12:56:12  1
12:56:13  1
12:56:14  1
12:56:16  1
12:56:17  1
12:56:18  1
12:56:19  1
12:56:20  1
12:56:21  1
12:56:22  1
12:56:23  1
12:56:24  1
12:56:25  1
12:56:26  1
12:56:27  1
12:56:28  1
12:56:29  1
12:56:30  1
12:56:31  1
12:56:32  1
12:56:34  1
12:56:35  1
12:56:36  1
12:56:37  1
12:56:38  1
12:56:39  1
12:56:40  1
12:56:41  1
12:56:42  1
12:56:43  1
12:56:44  1
12:56:45  1
12:56:46  1
12:56:47  1
12:56:49  1
12:56:50  1
12:56:51  1
12:56:52  1
12:56:53  1
12:56:54  1
12:56:55  1
12:56:56  1
12:56:57  1
12:56:58  1
12:56:59  1
12:57:00  1
12:57:01  1
12:57:02  1
12:57:03  1
12:57:05  1
12:57:06  1
12:57:07  1
12:57:08  1
12:57:09  1
12:57:10  1
12:57:11  1
12:57:12  1
12:57:13  1
12:57:14  1
12:57:15  1
12:57:16  1
12:57:17  1
12:57:18  1
12:57:19  1
12:57:21  1
12:57:22  1
12:57:23  1
12:57:24  1
12:57:25  1
12:57:26  1
12:57:27  1
12:57:28  1
12:57:29  1
12:57:30  1
12:57:31  1
12:57:32  1
12:57:34  1
12:57:35  1
12:57:37  1
12:57:38  1
12:57:39  1
12:57:40  1
12:57:41  1
12:57:42  1
12:57:43  1
12:57:44  1
12:57:45  1
12:57:46  1
12:57:47  1
12:57:48  1
12:57:50  1
12:57:51  1
12:57:52  1
12:57:53  1
12:57:54  1
12:57:55  1
12:57:56  1
12:57:57  1
12:57:58  1
12:57:59  1
12:58:00  1
12:58:02  1
12:58:03  1
12:58:04  1
12:58:05  1
12:58:06  1
12:58:07  1
12:58:08  1
12:58:09  1
12:58:10  1
12:58:11  1
12:58:12  1
12:58:14  1
12:58:14  1
12:58:15  1
12:58:17  1
12:58:18  1
12:58:19  1
12:58:20  1
12:58:21  1
12:58:22  1
12:58:23  1
12:58:25  1
12:58:25  1
12:58:26  1
12:58:27  1
12:58:28  1
12:58:30  1
12:58:31  1
12:58:32  1
12:58:33  1
12:58:34  1
12:58:35  1
12:58:36  1
12:58:37  1
12:58:38  1
12:58:40  1
12:58:40  1
12:58:41  1
12:58:43  1
12:58:44  1
12:58:45  1
12:58:46  1
12:58:47  1
12:58:48  1
12:58:49  1
12:58:50  1
12:58:51  1
12:58:52  1
12:58:54  1
12:58:54  1
12:58:56  1
12:58:57  1
12:58:58  1
12:59:00  1
12:59:01  1
12:59:02  1
12:59:03  1
12:59:04  1
12:59:05  1
12:59:06  1
12:59:08  1
12:59:09  1
12:59:10  1
12:59:11  1
12:59:12  1
12:59:13  1
12:59:14  1
12:59:15  1
12:59:17  1
12:59:17  1
12:59:18  1
12:59:19  1
12:59:20  1
12:59:21  1
12:59:23  1
12:59:24  1
12:59:25  1
12:59:26  1
12:59:27  1
12:59:28  1
12:59:29  1
12:59:30  1
12:59:31  1
12:59:32  1
12:59:33  1
12:59:35  1
12:59:36  1
12:59:37  1
12:59:38  1
12:59:39  1
12:59:40  1
12:59:41  1
12:59:42  1
12:59:43  1
12:59:44  1
12:59:46  1
12:59:47  1
12:59:48  1
12:59:49  1
12:59:50  1
12:59:51  1
12:59:52  1
12:59:53  1
12:59:54  1
12:59:55  1
12:59:56  1
12:59:57  1
12:59:59  1
13:00:00  1
13:00:01  1
13:00:02  1
13:00:03  1
13:00:04  1
13:00:05  1
13:00:06  1
13:00:07  1
13:00:09  1
13:00:10  1
13:00:10  1
13:00:12  1
13:00:13  1
13:00:14  1
13:00:15  1
13:00:16  1
13:00:17  1
13:00:18  1
13:00:19  1
13:00:20  1
13:00:22  1
13:00:22  1
13:00:24  1
13:00:25  1
13:00:26  1
13:00:27  1
13:00:28  1
13:00:29  1
13:00:30  1
13:00:31  1
13:00:33  1
13:00:34  1
13:00:35  1
13:00:36  1
13:00:37  1
13:00:40  1
13:00:41  1
13:00:42  1
13:00:43  1
13:00:44  1
13:00:46  1
13:00:47  1
13:00:48  1
13:00:49  1
13:00:50  1
13:00:51  1
13:00:52  1
13:00:54  1
13:00:54  1
13:00:55  1
13:00:56  1
13:00:58  1
13:00:59  1
13:01:00  1
13:01:01  1
13:01:02  1
13:01:03  1
13:01:04  1
13:01:05  1
13:01:06  1
13:01:07  1
13:01:09  1
13:01:10  1
13:01:11  1
13:01:12  1
13:01:13  1
13:01:14  1
13:01:15  1
13:01:16  1
13:01:17  1
13:01:19  1
13:01:20  1
13:01:21  1
13:01:22  1
13:01:23  1
13:01:24  1
13:01:25  1
13:01:26  1
13:01:27  1
13:01:28  1
13:01:29  1
13:01:31  1
13:01:32  1
13:01:33  1
13:01:34  1
13:01:35  1
13:01:36  1
13:01:37  1
13:01:38  1
13:01:39  1
13:01:41  1
13:01:43  1
13:01:44  1
13:01:45  1
13:01:46  1
13:01:47  1
13:01:48  1
13:01:49  1
13:01:50  1
13:01:51  1
13:01:53  1
13:01:54  1
13:01:55  1
13:01:56  1
13:01:57  1
13:01:58  1
13:01:59  1
13:02:00  1
13:02:01  1
13:02:02  1
13:02:04  1
13:02:05  1
13:02:06  1
13:02:07  1
13:02:08  1
13:02:09  1
13:02:10  1
13:02:11  1
13:02:13  1
13:02:14  1
13:02:15  1
13:02:16  1
13:02:17  1
13:02:18  1
13:02:19  1
13:02:20  1
13:02:21  1
13:02:22  1
13:02:23  1
13:02:25  1
13:02:26  1
13:02:27  1
13:02:28  1
13:02:29  1
13:02:30  1
13:02:31  1
13:02:32  1
13:02:34  1
