10:26:33 1391479 1 61.0742 34.845 1 10 1 a 1
10:26:34 1391481 1 39.4613 90.0623 1 10 1 a 1
10:26:35 1391485 1 61.634 52.6581 1 10 1 a 1
10:26:36 1391488 1 68.6985 69.0334 1 10 1 a 1
10:26:37 1391493 1 13.7443 23.1825 1 10 1 a 1
10:26:38 1391495 1 58.0275 98.0547 1 10 1 a 1
10:26:39 1391498 1 47.7383 98.6408 1 10 1 a 1
10:26:40 1391502 1 71.3529 64.26 1 10 1 a 1
10:26:42 1391506 1 64.3562 91.2493 1 10 1 a 1
10:26:42 1391509 1 48.6427 93.574 1 10 1 a 1
10:26:43 1391513 1 37.1932 51.8973 1 10 1 a 1
10:26:44 1391516 1 63.2344 72.2558 1 10 1 a 1
10:26:46 1391520 1 27.4019 45.4655 1 10 1 a 1
10:26:47 1391524 1 55.4068 65.8611 1 10 1 a 1
10:26:48 1391528 1 57.7616 78.1638 1 10 1 a 1
10:26:49 1391531 1 12.1836 10.795 1 10 1 a 1
10:26:49 1391532 1 86.5908 40.7228 1 10 1 a 1
10:26:51 1391537 1 87.2678 2.20123 1 10 1 a 1
10:26:52 1391540 1 70.3472 81.4016 1 10 1 a 1
10:26:52 1391543 1 19.5688 17.1791 1 10 1 a 1
10:26:53 1391545 1 53.3272 81.4535 1 10 1 a 1
10:26:54 1391548 1 6.23368 37.6308 1 10 1 a 1
10:26:55 1391552 1 38.8241 57.1189 1 10 1 a 1
10:26:57 1391557 1 74.8308 61.1727 1 10 1 a 1
10:26:57 1391558 1 34.6236 94.3996 1 10 1 a 1
10:27:00 1391566 1 91.4228 47.6161 1 10 1 a 1
10:27:01 1391570 1 6.33175 18.1595 1 10 1 a 1
10:27:01 1391573 1 69.2597 31.6776 1 10 1 a 1
10:27:02 1391576 1 79.2905 50.1642 1 10 1 a 1
10:27:04 1391580 1 95.5735 57.6689 1 10 1 a 1
10:27:05 1391584 1 56.3499 71.2667 1 10 1 a 1
10:27:06 1391587 1 70.7687 86.4803 1 10 1 a 1
10:27:07 1391590 1 87.6399 18.352 1 10 1 a 1
10:27:08 1391593 1 43.4108 60.8989 1 10 1 a 1
10:27:09 1391598 1 13.2356 9.57057 1 10 1 a 1
10:27:10 1391600 1 80.8373 72.6486 1 10 1 a 1
10:27:11 1391603 1 56.7438 95.076 1 10 1 a 1
10:27:12 1391607 1 97.6345 61.77 1 10 1 a 1
10:27:13 1391610 1 64.3601 55.7997 1 10 1 a 1
10:27:14 1391614 1 93.2394 27.9012 1 10 1 a 1
10:27:15 1391618 1 16.7877 1.08408 1 10 1 a 1
10:27:16 1391620 1 75.9858 53.3006 1 10 1 a 1
10:27:17 1391625 1 51.3143 93.5959 1 10 1 a 1
10:27:18 1391627 1 38.9397 8.14162 1 10 1 a 1
10:27:19 1391631 1 93.6408 99.0033 1 10 1 a 1
10:27:20 1391635 1 91.917 15.051 1 10 1 a 1
10:27:21 1391637 1 84.2905 32.1322 1 10 1 a 1
10:27:22 1391641 1 93.4954 78.4565 1 10 1 a 1
10:27:23 1391644 1 2.98744 6.6389 1 10 1 a 1
10:27:24 1391648 1 68.9168 47.2982 1 10 1 a 1
10:27:25 1391651 1 23.0329 80.1598 1 10 1 a 1
10:27:26 1391655 1 0.459928 91.6019 1 10 1 a 1
10:27:27 1391658 1 26.3905 56.6566 1 10 1 a 1
10:27:28 1391662 1 35.8456 31.2631 1 10 1 a 1
10:27:29 1391665 1 12.7444 15.64 1 10 1 a 1
10:27:30 1391669 1 28.2892 65.7243 1 10 1 a 1
10:27:31 1391672 1 22.7044 27.3847 1 10 1 a 1
10:27:32 1391675 1 78.4729 47.3368 1 10 1 a 1
10:27:33 1391678 1 40.5549 13.6981 1 10 1 a 1
10:27:34 1391682 1 87.8372 30.5558 1 10 1 a 1
10:27:35 1391685 1 96.6622 56.4673 1 10 1 a 1
10:27:36 1391689 1 18.5046 65.4145 1 10 1 a 1
10:27:37 1391692 1 6.26921 31.5479 1 10 1 a 1
10:27:38 1391695 1 65.9402 9.35241 1 10 1 a 1
10:27:39 1391699 1 96.1565 69.8997 1 10 1 a 1
10:27:40 1391702 1 46.8072 59.1323 1 10 1 a 1
10:27:41 1391705 1 93.5948 70.8252 1 10 1 a 1
10:27:42 1391709 1 63.6041 83.1401 1 10 1 a 1
10:27:43 1391712 1 30.2407 63.7832 1 10 1 a 1
10:27:44 1391716 1 65.1802 57.7595 1 10 1 a 1
10:27:45 1391719 1 40.1678 34.9717 1 10 1 a 1
10:27:47 1391723 1 65.1265 78.0028 1 10 1 a 1
10:27:48 1391726 1 58.2749 53.6355 1 10 1 a 1
10:27:49 1391729 1 50.0084 42.1596 1 10 1 a 1
10:27:50 1391734 1 99.3902 46.8525 1 10 1 a 1
10:27:51 1391737 1 85.5723 20.7238 1 10 1 a 1
10:27:52 1391740 1 79.4294 59.8696 1 10 1 a 1
10:27:53 1391743 1 26.2198 30.9238 1 10 1 a 1
10:27:54 1391746 1 57.6291 18.8975 1 10 1 a 1
10:27:55 1391751 1 30.6013 27.6906 1 10 1 a 1
10:27:56 1391753 1 48.4144 65.5825 1 10 1 a 1
10:27:57 1391757 1 84.006 20.5156 1 10 1 a 1
10:27:58 1391760 1 86.4539 24.5227 1 10 1 a 1
10:27:59 1391764 1 32.15 93.7144 1 10 1 a 1
10:28:00 1391767 1 6.91602 78.2671 1 10 1 a 1
10:28:01 1391771 1 90.7299 9.48204 1 10 1 a 1
10:28:02 1391774 1 84.9616 81.4371 1 10 1 a 1
10:28:03 1391777 1 15.4985 49.38 1 10 1 a 1
10:28:04 1391781 1 20.2036 87.6658 1 10 1 a 1
10:28:05 1391785 1 0.932586 84.9215 1 10 1 a 1
10:28:06 1391788 1 66.3983 24.4012 1 10 1 a 1
10:28:07 1391791 1 22.7753 11.7981 1 10 1 a 1
10:28:08 1391795 1 73.3952 44.7304 1 10 1 a 1
10:28:09 1391798 1 20.7183 98.329 1 10 1 a 1
10:28:10 1391802 1 93.5781 82.4934 1 10 1 a 1
10:28:11 1391805 1 11.3362 12.7329 1 10 1 a 1
10:28:12 1391808 1 72.3854 85.7091 1 10 1 a 1
10:28:13 1391812 1 75.653 44.1567 1 10 1 a 1
10:28:14 1391815 1 99.5397 50.5971 1 10 1 a 1
10:28:15 1391818 1 70.123 36.9676 1 10 1 a 1
10:28:16 1391822 1 45.5823 14.2815 1 10 1 a 1
10:28:17 1391825 1 84.9979 33.6633 1 10 1 a 1
10:28:18 1391829 1 34.5659 83.401 1 10 1 a 1
10:28:19 1391832 1 21.7351 73.1753 1 10 1 a 1
10:28:20 1391835 1 68.8757 53.076 1 10 1 a 1
10:28:21 1391839 1 83.1047 72.8982 1 10 1 a 1
10:28:22 1391842 1 64.8612 39.4274 1 10 1 a 1
10:28:24 1391846 1 70.3855 23.1756 1 10 1 a 1
10:28:25 1391850 1 21.0113 52.8544 1 10 1 a 1
10:28:26 1391852 1 11.4805 8.23219 1 10 1 a 1
10:28:27 1391856 1 56.9103 63.8477 1 10 1 a 1
10:28:28 1391860 1 31.2139 16.7254 1 10 1 a 1
10:28:29 1391863 1 93.72 36.252 1 10 1 a 1
10:28:30 1391868 1 10.548 41.6209 1 10 1 a 1
10:28:31 1391870 1 30.4286 83.7079 1 10 1 a 1
10:28:32 1391873 1 9.11034 50.8307 1 10 1 a 1
10:28:33 1391876 1 53.3837 26.516 1 10 1 a 1
10:28:34 1391880 1 61.3574 72.2826 1 10 1 a 1
10:28:35 1391884 1 35.1608 60.3657 1 10 1 a 1
10:28:36 1391887 1 52.9283 91.6292 1 10 1 a 1
10:28:37 1391890 1 98.6969 12.5401 1 10 1 a 1
10:28:38 1391894 1 74.6421 74.9021 1 10 1 a 1
10:28:39 1391897 1 27.91 21.7831 1 10 1 a 1
10:28:40 1391900 1 22.2198 31.3466 1 10 1 a 1
10:28:41 1391904 1 56.1342 0.382507 1 10 1 a 1
10:28:42 1391908 1 85.0484 52.277 1 10 1 a 1
10:28:43 1391911 1 95.6901 74.3637 1 10 1 a 1
10:28:44 1391914 1 85.4542 3.07631 1 10 1 a 1
10:28:45 1391918 1 66.3552 31.89 1 10 1 a 1
10:28:46 1391921 1 77.3205 45.1952 1 10 1 a 1
10:28:47 1391925 1 71.2971 63.6882 1 10 1 a 1
10:28:48 1391928 1 90.5873 34.1987 1 10 1 a 1
10:28:49 1391931 1 83.7154 71.698 1 10 1 a 1
10:28:50 1391935 1 7.16634 21.8453 1 10 1 a 1
10:28:51 1391938 1 68.719 64.2145 1 10 1 a 1
10:28:52 1391942 1 79.2714 6.96819 1 10 1 a 1
10:28:53 1391945 1 45.9002 78.442 1 10 1 a 1
10:28:55 1391949 1 8.19636 76.8713 1 10 1 a 1
10:28:55 1391952 1 99.8495 65.7571 1 10 1 a 1
10:28:56 1391955 1 73.7966 70.3243 1 10 1 a 1
10:28:58 1391959 1 85.9296 90.848 1 10 1 a 1
10:28:59 1391962 1 61.4454 19.4299 1 10 1 a 1
10:29:00 1391966 1 10.6133 24.3317 1 10 1 a 1
10:29:01 1391969 1 79.0313 20.0603 1 10 1 a 1
10:29:02 1391973 1 66.8119 45.2219 1 10 1 a 1
10:29:03 1391976 1 84.5714 5.35992 1 10 1 a 1
10:29:04 1391979 1 94.7606 25.2157 1 10 1 a 1
10:29:05 1391985 1 54.8565 86.2328 1 10 1 a 1
10:29:06 1391986 1 1.73275 45.2411 1 10 1 a 1
10:29:07 1391990 1 56.5273 78.5655 1 10 1 a 1
10:29:08 1391993 1 87.1155 8.71521 1 10 1 a 1
10:29:09 1391997 1 66.4874 46.9593 1 10 1 a 1
10:29:10 1392001 1 52.2867 86.9984 1 10 1 a 1
10:29:11 1392004 1 93.0463 26.7675 1 10 1 a 1
10:29:12 1392007 1 90.6723 89.2584 1 10 1 a 1
10:29:13 1392011 1 16.1236 61.9158 1 10 1 a 1
10:29:14 1392014 1 18.9718 90.6305 1 10 1 a 1
10:29:15 1392018 1 44.1658 75.508 1 10 1 a 1
10:29:16 1392022 1 35.4403 77.4581 1 10 1 a 1
10:29:17 1392024 1 55.2459 94.8405 1 10 1 a 1
10:29:18 1392028 1 93.9895 85.7008 1 10 1 a 1
10:29:19 1392032 1 63.6357 8.43479 1 10 1 a 1
10:29:20 1392035 1 45.0137 86.2183 1 10 1 a 1
10:29:21 1392038 1 9.25756 90.6937 1 10 1 a 1
10:29:22 1392042 1 11.9653 56.239 1 10 1 a 1
10:29:42 1392107 1 78.9632 33.7238 1 10 1 a 1
10:29:43 1392110 1 30.3424 67.93 1 10 1 a 1
10:29:44 1392114 1 19.9159 32.3219 1 10 1 a 1
10:29:45 1392118 1 26.5262 94.2632 1 10 1 a 1
10:29:46 1392121 1 73.2735 3.62991 1 10 1 a 1
10:29:47 1392124 1 75.3954 41.5237 1 10 1 a 1
10:29:48 1392127 1 89.7642 34.1522 1 10 1 a 1
10:58:09 1397790 1 31.1307 75.1266 1 10 1 a 1
10:58:10 1397794 1 70.1426 76.2463 1 10 1 a 1
10:58:13 1397803 1 62.5391 8.87492 1 10 1 a 1
10:58:14 1397806 1 17.3413 73.9394 1 10 1 a 1
10:58:15 1397809 1 89.3744 89.621 1 10 1 a 1
10:58:16 1397813 1 85.5769 42.2277 1 10 1 a 1
10:58:17 1397816 1 66.504 43.7994 1 10 1 a 1
10:58:18 1397820 1 53.0805 15.9188 1 10 1 a 1
10:58:19 1397823 1 23.3079 9.33654 1 10 1 a 1
10:58:20 1397826 1 49.6765 88.961 1 10 1 a 1
10:58:21 1397830 1 97.7321 29.3264 1 10 1 a 1
10:58:22 1397833 1 79.7422 81.1582 1 10 1 a 1
10:58:23 1397837 1 20.9031 9.90007 1 10 1 a 1
10:58:24 1397840 1 56.8933 18.1941 1 10 1 a 1
10:58:25 1397843 1 86.9173 67.0926 1 10 1 a 1
10:58:26 1397847 1 96.4768 11.9449 1 10 1 a 1
10:58:27 1397850 1 80.3421 72.1418 1 10 1 a 1
10:58:28 1397854 1 49.2356 29.5208 1 10 1 a 1
10:58:29 1397857 1 12.6987 54.87 1 10 1 a 1
10:58:30 1397860 1 9.10865 33.4583 1 10 1 a 1
10:58:31 1397864 1 10.9438 52.9756 1 10 1 a 1
10:58:32 1397867 1 91.6701 95.1574 1 10 1 a 1
10:58:33 1397870 1 31.475 13.5044 1 10 1 a 1
10:58:34 1397874 1 9.8676 56.0226 1 10 1 a 1
10:58:35 1397877 1 66.9039 72.6435 1 10 1 a 1
10:58:37 1397883 1 0.0269288 24.4395 1 10 1 a 1
10:58:38 1397887 1 21.0712 33.47 1 10 1 a 1
10:58:39 1397890 1 11.1538 10.6207 1 10 1 a 1
10:58:41 1397897 1 30.8137 92.6625 1 10 1 a 1
10:58:42 1397901 1 8.01731 56.1306 1 10 1 a 1
10:58:43 1397904 1 84.2197 58.6422 1 10 1 a 1
10:58:44 1397907 1 96.0082 59.7108 1 10 1 a 1
10:58:45 1397911 1 47.6479 45.0215 1 10 1 a 1
10:58:47 1397914 1 9.30219 54.786 1 10 1 a 1
10:58:49 1397921 1 81.0493 69.6718 1 10 1 a 1
10:58:50 1397925 1 61.0782 80.954 1 10 1 a 1
10:58:51 1397928 1 87.1876 63.6595 1 10 1 a 1
10:58:52 1397931 1 92.5254 6.19686 1 10 1 a 1
10:58:53 1397935 1 53.8491 86.8673 1 10 1 a 1
10:58:54 1397938 1 11.956 85.9217 1 10 1 a 1
10:58:55 1397941 1 39.254 69.3151 1 10 1 a 1
10:58:56 1397945 1 8.99725 47.3345 1 10 1 a 1
10:58:57 1397948 1 46.2142 93.8611 1 10 1 a 1
10:58:58 1397952 1 49.0859 76.0789 1 10 1 a 1
10:58:59 1397955 1 19.3418 42.0156 1 10 1 a 1
10:59:00 1397958 1 23.8252 12.4305 1 10 1 a 1
10:59:01 1397962 1 27.2493 53.58 1 10 1 a 1
10:59:02 1397965 1 6.13604 85.814 1 10 1 a 1
10:59:03 1397969 1 45.7956 63.7554 1 10 1 a 1
10:59:04 1397972 1 23.7332 17.1018 1 10 1 a 1
10:59:05 1397975 1 0.272632 73.0614 1 10 1 a 1
10:59:06 1397979 1 71.8591 1.34245 1 10 1 a 1
10:59:07 1397982 1 3.67101 63.6217 1 10 1 a 1
10:59:08 1397985 1 69.1812 92.4456 1 10 1 a 1
10:59:09 1397989 1 27.3074 21.5864 1 10 1 a 1
10:59:10 1397992 1 27.9013 36.6864 1 10 1 a 1
10:59:11 1397996 1 10.4197 70.3016 1 10 1 a 1
10:59:12 1397999 1 19.5165 80.8028 1 10 1 a 1
10:59:13 1398002 1 63.6501 90.1623 1 10 1 a 1
10:59:14 1398006 1 51.4705 71.9384 1 10 1 a 1
10:59:16 1398013 1 6.46019 48.5445 1 10 1 a 1
10:59:17 1398016 1 14.6745 2.59575 1 10 1 a 1
10:59:18 1398020 1 5.94396 11.3193 1 10 1 a 1
10:59:19 1398023 1 36.7864 91.8825 1 10 1 a 1
10:59:20 1398026 1 42.2807 53.3948 1 10 1 a 1
10:59:21 1398030 1 0.55526 34.7938 1 10 1 a 1
10:59:22 1398033 1 93.5543 30.1476 1 10 1 a 1
10:59:23 1398036 1 38.9022 13.986 1 10 1 a 1
10:59:24 1398040 1 33.3558 54.4169 1 10 1 a 1
10:59:25 1398043 1 32.5384 99.0842 1 10 1 a 1
10:59:26 1398047 1 86.2898 10.1683 1 10 1 a 1
10:59:27 1398050 1 7.42702 98.9878 1 10 1 a 1
10:59:28 1398053 1 68.4892 71.2337 1 10 1 a 1
10:59:29 1398057 1 38.5366 44.7603 1 10 1 a 1
10:59:31 1398061 1 88.5916 81.8387 1 10 1 a 1
10:59:31 1398064 1 54.7254 32.3229 1 10 1 a 1
11:16:48 1401513 1 29.5143 47.3005 1 10 1 a 1
11:16:49 1401517 1 49.8473 59.4846 1 10 1 a 1
11:16:50 1401520 1 86.6845 54.0269 1 10 1 a 1
11:16:51 1401523 1 66.1056 25.5272 1 10 1 a 1
11:16:52 1401527 1 3.74316 83.4235 1 10 1 a 1
11:16:53 1401530 1 48.3555 63.1444 1 10 1 a 1
11:16:54 1401534 1 75.1156 0.349173 1 10 1 a 1
11:16:56 1401539 1 29.1877 79.8945 1 10 1 a 1
11:16:57 1401543 1 47.8326 50.8276 1 10 1 a 1
11:16:58 1401546 1 41.701 29.3739 1 10 1 a 1
11:16:59 1401550 1 47.2295 43.0943 1 10 1 a 1
11:17:00 1401553 1 5.26611 80.2296 1 10 1 a 1
11:17:01 1401556 1 71.8661 58.6393 1 10 1 a 1
11:17:02 1401560 1 91.8492 94.5609 1 10 1 a 1
11:17:03 1401563 1 19.3688 76.9918 1 10 1 a 1
11:17:04 1401567 1 11.6341 69.8689 1 10 1 a 1
11:17:05 1401570 1 51.354 10.2225 1 10 1 a 1
11:17:06 1401573 1 11.4151 29.7596 1 10 1 a 1
11:17:07 1401577 1 52.5911 68.9335 1 10 1 a 1
11:17:08 1401580 1 91.957 51.0897 1 10 1 a 1
11:17:09 1401583 1 24.9174 0.0701112 1 10 1 a 1
11:17:10 1401587 1 98.3127 54.1001 1 10 1 a 1
11:17:11 1401591 1 56.0291 5.16432 1 10 1 a 1
11:17:12 1401594 1 80.58 20.0231 1 10 1 a 1
11:17:13 1401597 1 27.5856 17.3397 1 10 1 a 1
11:17:14 1401600 1 27.5188 64.8681 1 10 1 a 1
11:17:17 1401610 1 92.4087 40.1529 1 10 1 a 1
11:17:19 1401615 1 35.3118 32.9242 1 10 1 a 1
11:17:20 1401621 1 9.54019 24.0055 1 10 1 a 1
11:17:21 1401624 1 80.2135 17.3559 1 10 1 a 1
11:17:22 1401628 1 68.7952 17.0049 1 10 1 a 1
11:17:23 1401631 1 7.12466 78.415 1 10 1 a 1
11:17:24 1401635 1 97.8132 28.6 1 10 1 a 1
11:17:25 1401638 1 15.1813 53.8522 1 10 1 a 1
11:17:26 1401641 1 68.017 28.7168 1 10 1 a 1
11:17:27 1401645 1 51.6614 36.4413 1 10 1 a 1
11:17:29 1401652 1 70.2316 58.1419 1 10 1 a 1
11:17:31 1401656 1 72.1368 48.8247 1 10 1 a 1
11:17:31 1401658 1 52.9853 57.5452 1 10 1 a 1
11:17:33 1401662 1 68.7108 25.4484 1 10 1 a 1
11:17:34 1401669 1 58.5557 32.9116 1 10 1 a 1
11:17:35 1401672 1 88.1881 28.0325 1 10 1 a 1
11:17:37 1401676 1 47.0119 25.9163 1 10 1 a 1
11:17:37 1401679 1 96.0254 93.9892 1 10 1 a 1
11:17:39 1401682 1 16.0402 19.9299 1 10 1 a 1
11:17:40 1401686 1 71.4188 85.9829 1 10 1 a 1
11:17:41 1401689 1 0.78039 99.5932 1 10 1 a 1
11:26:29 1403448 1 79.4106 54.0867 1 10 1 a 1
11:26:30 1403451 1 14.2467 53.4122 1 10 1 a 1
11:26:31 1403455 1 76.1135 73.2468 1 10 1 a 1
11:26:32 1403458 1 49.2623 59.8543 1 10 1 a 1
11:26:33 1403461 1 40.7919 38.8367 1 10 1 a 1
11:26:34 1403465 1 99.4814 59.0725 1 10 1 a 1
