12:47:37 19 1 4.93583 9.72775 2.0 3.0 1 a 1
12:47:46 19 1 4.93583 9.72775 2.0 3.0 1 a 1
12:47:50 19 1 4.93583 9.72775 2.0 3.0 1 a 1
12:47:56 19 1 4.93583 9.72775 2.0 3.0 1 a 1
12:47:57 19 1 4.93583 9.72775 2.0 3.0 1 a 1
12:47:59 19 1 4.93583 9.72775 2.0 3.0 1 a 1
12:48:00 19 1 4.93583 9.72775 2.0 3.0 1 a 1
12:48:03 19 1 4.93583 9.72775 2.0 3.0 1 a 1
12:48:04 19 1 4.93583 9.72775 2.0 3.0 1 a 1
12:48:05 19 1 4.93583 9.72775 2.0 3.0 1 a 1
12:48:06 19 1 4.93583 9.72775 2.0 3.0 1 a 1
12:48:08 19 1 4.93583 9.72775 2.0 3.0 1 a 0
12:48:09 19 1 4.93583 9.72775 2.0 3.0 1 a 0
12:48:10 19 1 4.93583 9.72775 2.0 3.0 1 a 0
12:48:11 19 1 4.93583 9.72775 2.0 3.0 1 a 0
12:48:12 19 1 4.93583 9.72775 2.0 3.0 1 a 0
12:48:14 19 1 4.93583 9.72775 2.0 3.0 1 a 0
12:48:15 19 1 4.93583 9.72775 2.0 3.0 1 a 0
12:48:17 19 1 4.93583 9.72775 2.0 3.0 1 a 0
12:48:21 19 1 4.93583 9.72775 2.0 3.0 1 a 0
12:48:22 19 1 4.93583 9.72775 2.0 3.0 1 a 0
12:48:24 19 1 4.93583 9.72775 2.0 3.0 1 a 0
12:48:25 19 1 4.93583 9.72775 2.0 3.0 1 a 0
12:48:26 19 1 4.93583 9.72775 2.0 3.0 1 a 0
12:48:29 19 1 4.93583 9.72775 2.0 3.0 1 a 0
12:48:30 19 1 4.93583 9.72775 2.0 3.0 1 a 0
12:48:31 19 1 4.93583 9.72775 2.0 3.0 1 a 0
12:48:32 19 1 4.93583 9.72775 2.0 3.0 1 a 0
12:48:35 19 1 4.93583 9.72775 2.0 3.0 1 a 0
12:48:36 19 1 4.93583 9.72775 2.0 3.0 1 a 0
12:48:37 19 1 4.93583 9.72775 2.0 3.0 1 a 0
12:48:38 19 1 4.93583 9.72775 2.0 3.0 1 a 0
12:48:39 19 1 4.93583 9.72775 2.0 3.0 1 a 0
12:48:41 19 1 4.93583 9.72775 2.0 3.0 1 a 0
12:48:42 19 1 4.93583 9.72775 2.0 3.0 1 a 0
12:48:43 19 1 4.93583 9.72775 2.0 3.0 1 a 0
12:48:44 19 1 4.93583 9.72775 2.0 3.0 1 a 0
12:48:45 19 1 4.93583 9.72775 2.0 3.0 1 a 0
12:48:48 19 1 4.93583 9.72775 2.0 3.0 1 a 0
12:48:49 19 1 4.93583 9.72775 2.0 3.0 1 a 0
12:48:50 19 1 4.93583 9.72775 2.0 3.0 1 a 0
12:48:51 19 1 4.93583 9.72775 2.0 3.0 1 a 0
12:48:52 19 1 4.93583 9.72775 2.0 3.0 1 a 0
12:48:54 19 1 4.93583 9.72775 2.0 3.0 1 a 0
12:48:55 19 1 4.93583 9.72775 2.0 3.0 1 a 0
12:48:56 19 1 4.93583 9.72775 2.0 3.0 1 a 0
12:48:58 19 1 4.93583 9.72775 2.0 3.0 1 a 0
12:49:00 19 1 4.93583 9.72775 2.0 3.0 1 a 0
12:49:01 19 1 4.93583 9.72775 2.0 3.0 1 a 0
12:49:02 19 1 4.93583 9.72775 2.0 3.0 1 a 0
12:49:03 19 1 4.93583 9.72775 2.0 3.0 1 a 0
12:49:04 19 1 4.93583 9.72775 2.0 3.0 1 a 0
12:49:05 19 1 4.93583 9.72775 2.0 3.0 1 a 0
12:49:07 19 1 4.93583 9.72775 2.0 3.0 1 a 0
12:49:09 19 1 4.93583 9.72775 2.0 3.0 1 a 0
12:49:10 19 1 4.93583 9.72775 2.0 3.0 1 a 0
12:49:11 19 1 4.93583 9.72775 2.0 3.0 1 a 0
12:49:13 19 1 4.93583 9.72775 2.0 3.0 1 a 0
12:49:14 19 1 4.93583 9.72775 2.0 3.0 1 a 0
12:49:16 19 1 4.93583 9.72775 2.0 3.0 1 a 0
12:49:17 19 1 4.93583 9.72775 2.0 3.0 1 a 0
12:49:18 19 1 4.93583 9.72775 2.0 3.0 1 a 0
12:49:19 19 1 4.93583 9.72775 2.0 3.0 1 a 0
12:49:21 19 1 4.93583 9.72775 2.0 3.0 1 a 0
12:49:22 19 1 4.93583 9.72775 2.0 3.0 1 a 0
12:49:24 19 1 4.93583 9.72775 2.0 3.0 1 a 0
12:49:25 19 1 4.93583 9.72775 2.0 3.0 1 a 0
12:49:28 19 1 4.93583 9.72775 2.0 3.0 1 a 0
12:49:29 19 1 4.93583 9.72775 2.0 3.0 1 a 0
12:49:30 19 1 4.93583 9.72775 2.0 3.0 1 a 0
12:49:32 19 1 4.93583 9.72775 2.0 3.0 1 a 0
12:49:33 19 1 4.93583 9.72775 2.0 3.0 1 a 0
12:49:34 19 1 4.93583 9.72775 2.0 3.0 1 a 0
12:49:35 19 1 4.93583 9.72775 2.0 3.0 1 a 0
12:49:36 19 1 4.93583 9.72775 2.0 3.0 1 a 0
12:49:39 19 1 4.93583 9.72775 2.0 3.0 1 a 0
12:49:40 19 1 4.93583 9.72775 2.0 3.0 1 a 0
12:49:41 19 1 4.93583 9.72775 2.0 3.0 1 a 0
12:49:43 19 1 4.93583 9.72775 2.0 3.0 1 a 0
12:49:44 19 1 4.93583 9.72775 2.0 3.0 1 a 0
12:49:47 19 1 4.93583 9.72775 2.0 3.0 1 a 0
12:49:48 19 1 4.93583 9.72775 2.0 3.0 1 a 0
12:49:49 19 1 4.93583 9.72775 2.0 3.0 1 a 0
12:49:50 19 1 4.93583 9.72775 2.0 3.0 1 a 0
12:49:52 19 1 4.93583 9.72775 2.0 3.0 1 a 0
12:49:53 19 1 4.93583 9.72775 2.0 3.0 1 a 0
12:49:54 19 1 4.93583 9.72775 2.0 3.0 1 a 0
12:49:55 19 1 4.93583 9.72775 2.0 3.0 1 a 0
12:49:57 19 1 4.93583 9.72775 2.0 3.0 1 a 0
12:49:59 19 1 4.93583 9.72775 2.0 3.0 1 a 0
12:50:01 19 1 4.93583 9.72775 2.0 3.0 1 a 0
12:50:03 19 1 4.93583 9.72775 2.0 3.0 1 a 0
12:50:04 19 1 4.93583 9.72775 2.0 3.0 1 a 0
12:50:05 19 1 4.93583 9.72775 2.0 3.0 1 a 0
12:50:06 19 1 4.93583 9.72775 2.0 3.0 1 a 0
12:50:07 19 1 4.93583 9.72775 2.0 3.0 1 a 0
12:50:09 19 1 4.93583 9.72775 2.0 3.0 1 a 0
12:50:10 19 1 4.93583 9.72775 2.0 3.0 1 a 0
12:50:11 19 1 4.93583 9.72775 2.0 3.0 1 a 0
12:50:12 19 1 4.93583 9.72775 2.0 3.0 1 a 0
12:50:13 19 1 4.93583 9.72775 2.0 3.0 1 a 0
12:50:14 19 1 4.93583 9.72775 2.0 3.0 1 a 0
12:50:15 19 1 4.93583 9.72775 2.0 3.0 1 a 0
12:50:16 19 1 4.93583 9.72775 2.0 3.0 1 a 0
12:50:17 19 1 4.93583 9.72775 2.0 3.0 1 a 0
12:50:20 19 1 4.93583 9.72775 2.0 3.0 1 a 0
12:50:23 19 1 4.93583 9.72775 2.0 3.0 1 a 0
12:50:24 19 1 4.93583 9.72775 2.0 3.0 1 a 0
12:50:29 19 1 4.93583 9.72775 2.0 3.0 1 a 0
12:50:30 19 1 4.93583 9.72775 2.0 3.0 1 a 0
12:50:31 19 1 4.93583 9.72775 2.0 3.0 1 a 0
12:50:31 19 1 4.93583 9.72775 2.0 3.0 1 a 0
12:50:32 19 1 4.93583 9.72775 2.0 3.0 1 a 0
12:50:35 19 1 4.93583 9.72775 2.0 3.0 1 a 0
12:50:36 19 1 4.93583 9.72775 2.0 3.0 1 a 0
12:50:38 19 1 4.93583 9.72775 2.0 3.0 1 a 0
12:50:40 19 1 4.93583 9.72775 2.0 3.0 1 a 0
12:50:41 19 1 4.93583 9.72775 2.0 3.0 1 a 0
12:50:43 19 1 4.93583 9.72775 2.0 3.0 1 a 0
12:50:44 19 1 4.93583 9.72775 2.0 3.0 1 a 0
12:50:45 19 1 4.93583 9.72775 2.0 3.0 1 a 0
12:50:46 19 1 4.93583 9.72775 2.0 3.0 1 a 0
12:50:47 19 1 4.93583 9.72775 2.0 3.0 1 a 0
12:50:49 19 1 4.93583 9.72775 2.0 3.0 1 a 0
12:50:51 19 1 4.93583 9.72775 2.0 3.0 1 a 0
12:50:52 19 1 4.93583 9.72775 2.0 3.0 1 a 0
12:50:53 19 1 4.93583 9.72775 2.0 3.0 1 a 0
12:50:54 19 1 4.93583 9.72775 2.0 3.0 1 a 0
12:50:56 19 1 4.93583 9.72775 2.0 3.0 1 a 0
12:50:58 19 1 4.93583 9.72775 2.0 3.0 1 a 0
12:50:58 19 1 4.93583 9.72775 2.0 3.0 1 a 0
12:51:00 19 1 4.93583 9.72775 2.0 3.0 1 a 0
12:51:01 19 1 4.93583 9.72775 2.0 3.0 1 a 0
12:51:03 19 1 4.93583 9.72775 2.0 3.0 1 a 0
12:51:04 19 1 4.93583 9.72775 2.0 3.0 1 a 0
12:51:05 19 1 4.93583 9.72775 2.0 3.0 1 a 0
12:51:06 19 1 4.93583 9.72775 2.0 3.0 1 a 0
12:51:07 19 1 4.93583 9.72775 2.0 3.0 1 a 0
12:51:08 19 1 4.93583 9.72775 2.0 3.0 1 a 0
12:51:10 19 1 4.93583 9.72775 2.0 3.0 1 a 0
12:51:11 19 1 4.93583 9.72775 2.0 3.0 1 a 0
12:51:12 19 1 4.93583 9.72775 2.0 3.0 1 a 0
12:51:13 19 1 4.93583 9.72775 2.0 3.0 1 a 0
12:51:14 19 1 4.93583 9.72775 2.0 3.0 1 a 0
12:51:16 19 1 4.93583 9.72775 2.0 3.0 1 a 0
12:51:17 19 1 4.93583 9.72775 2.0 3.0 1 a 0
12:51:18 19 1 4.93583 9.72775 2.0 3.0 1 a 0
12:51:19 19 1 4.93583 9.72775 2.0 3.0 1 a 0
12:51:22 19 1 4.93583 9.72775 2.0 3.0 1 a 0
12:51:23 19 1 4.93583 9.72775 2.0 3.0 1 a 0
12:51:24 19 1 4.93583 9.72775 2.0 3.0 1 a 0
12:51:26 19 1 4.93583 9.72775 2.0 3.0 1 a 0
12:51:27 19 1 4.93583 9.72775 2.0 3.0 1 a 0
12:51:30 19 1 4.93583 9.72775 2.0 3.0 1 a 0
12:51:31 19 1 4.93583 9.72775 2.0 3.0 1 a 0
12:51:32 19 1 4.93583 9.72775 2.0 3.0 1 a 0
12:51:33 19 1 4.93583 9.72775 2.0 3.0 1 a 0
12:51:35 19 1 4.93583 9.72775 2.0 3.0 1 a 0
12:51:36 19 1 4.93583 9.72775 2.0 3.0 1 a 0
12:51:37 19 1 4.93583 9.72775 2.0 3.0 1 a 0
12:51:39 19 1 4.93583 9.72775 2.0 3.0 1 a 0
12:51:41 19 1 4.93583 9.72775 2.0 3.0 1 a 0
12:51:45 19 1 4.93583 9.72775 2.0 3.0 1 a 0
12:51:46 19 1 4.93583 9.72775 2.0 3.0 1 a 0
12:51:48 19 1 4.93583 9.72775 2.0 3.0 1 a 0
12:51:49 19 1 4.93583 9.72775 2.0 3.0 1 a 0
12:51:52 19 1 4.93583 9.72775 2.0 3.0 1 a 0
12:51:53 19 1 4.93583 9.72775 2.0 3.0 1 a 0
12:51:54 19 1 4.93583 9.72775 2.0 3.0 1 a 0
12:51:55 19 1 4.93583 9.72775 2.0 3.0 1 a 0
12:51:57 19 1 4.93583 9.72775 2.0 3.0 1 a 0
12:51:59 19 1 4.93583 9.72775 2.0 3.0 1 a 0
12:52:00 19 1 4.93583 9.72775 2.0 3.0 1 a 0
12:52:01 19 1 4.93583 9.72775 2.0 3.0 1 a 0
12:52:03 19 1 4.93583 9.72775 2.0 3.0 1 a 0
12:52:05 19 1 4.93583 9.72775 2.0 3.0 1 a 0
12:52:06 19 1 4.93583 9.72775 2.0 3.0 1 a 0
12:52:07 19 1 4.93583 9.72775 2.0 3.0 1 a 0
12:52:09 19 1 4.93583 9.72775 2.0 3.0 1 a 0
12:52:11 19 1 4.93583 9.72775 2.0 3.0 1 a 0
12:52:11 19 1 4.93583 9.72775 2.0 3.0 1 a 0
12:52:12 19 1 4.93583 9.72775 2.0 3.0 1 a 0
12:52:13 19 1 4.93583 9.72775 2.0 3.0 1 a 0
12:52:15 19 1 4.93583 9.72775 2.0 3.0 1 a 0
12:52:16 19 1 4.93583 9.72775 2.0 3.0 1 a 0
12:52:17 19 1 4.93583 9.72775 2.0 3.0 1 a 0
12:52:19 19 1 4.93583 9.72775 2.0 3.0 1 a 0
12:52:22 19 1 4.93583 9.72775 2.0 3.0 1 a 0
12:52:24 19 1 4.93583 9.72775 2.0 3.0 1 a 0
12:52:25 19 1 4.93583 9.72775 2.0 3.0 1 a 0
12:52:26 19 1 4.93583 9.72775 2.0 3.0 1 a 0
12:52:27 19 1 4.93583 9.72775 2.0 3.0 1 a 0
12:52:29 19 1 4.93583 9.72775 2.0 3.0 1 a 0
12:52:34 19 1 4.93583 9.72775 2.0 3.0 1 a 0
12:52:38 19 1 4.93583 9.72775 2.0 3.0 1 a 0
12:52:38 19 1 4.93583 9.72775 2.0 3.0 1 a 0
12:52:40 19 1 4.93583 9.72775 2.0 3.0 1 a 0
12:52:41 19 1 4.93583 9.72775 2.0 3.0 1 a 0
12:52:42 19 1 4.93583 9.72775 2.0 3.0 1 a 0
12:52:45 19 1 4.93583 9.72775 2.0 3.0 1 a 0
12:52:47 19 1 4.93583 9.72775 2.0 3.0 1 a 0
12:52:48 19 1 4.93583 9.72775 2.0 3.0 1 a 0
12:52:49 19 1 4.93583 9.72775 2.0 3.0 1 a 0
12:52:50 19 1 4.93583 9.72775 2.0 3.0 1 a 0
12:52:51 19 1 4.93583 9.72775 2.0 3.0 1 a 0
12:52:52 19 1 4.93583 9.72775 2.0 3.0 1 a 0
12:52:53 19 1 4.93583 9.72775 2.0 3.0 1 a 0
12:52:54 19 1 4.93583 9.72775 2.0 3.0 1 a 0
12:52:55 19 1 4.93583 9.72775 2.0 3.0 1 a 0
12:52:58 19 1 4.93583 9.72775 2.0 3.0 1 a 0
12:52:59 19 1 4.93583 9.72775 2.0 3.0 1 a 0
12:53:00 19 1 4.93583 9.72775 2.0 3.0 1 a 0
12:53:02 19 1 4.93583 9.72775 2.0 3.0 1 a 0
12:53:07 19 1 4.93583 9.72775 2.0 3.0 1 a 0
12:53:08 19 1 4.93583 9.72775 2.0 3.0 1 a 0
12:53:09 19 1 4.93583 9.72775 2.0 3.0 1 a 0
12:53:10 19 1 4.93583 9.72775 2.0 3.0 1 a 0
12:53:12 19 1 4.93583 9.72775 2.0 3.0 1 a 0
12:53:13 19 1 4.93583 9.72775 2.0 3.0 1 a 0
12:53:16 19 1 4.93583 9.72775 2.0 3.0 1 a 0
12:53:18 19 1 4.93583 9.72775 2.0 3.0 1 a 0
12:53:19 19 1 4.93583 9.72775 2.0 3.0 1 a 0
12:53:21 19 1 4.93583 9.72775 2.0 3.0 1 a 0
12:53:22 19 1 4.93583 9.72775 2.0 3.0 1 a 0
12:53:23 19 1 4.93583 9.72775 2.0 3.0 1 a 0
12:53:25 19 1 4.93583 9.72775 2.0 3.0 1 a 0
12:53:26 19 1 4.93583 9.72775 2.0 3.0 1 a 0
12:53:28 19 1 4.93583 9.72775 2.0 3.0 1 a 0
12:53:29 19 1 4.93583 9.72775 2.0 3.0 1 a 0
12:53:30 19 1 4.93583 9.72775 2.0 3.0 1 a 0
12:53:32 19 1 4.93583 9.72775 2.0 3.0 1 a 0
12:53:33 19 1 4.93583 9.72775 2.0 3.0 1 a 0
12:53:35 19 1 4.93583 9.72775 2.0 3.0 1 a 0
12:53:36 19 1 4.93583 9.72775 2.0 3.0 1 a 0
12:53:37 19 1 4.93583 9.72775 2.0 3.0 1 a 0
12:53:38 19 1 4.93583 9.72775 2.0 3.0 1 a 0
12:53:39 19 1 4.93583 9.72775 2.0 3.0 1 a 0
12:53:41 19 1 4.93583 9.72775 2.0 3.0 1 a 0
12:53:44 19 1 4.93583 9.72775 2.0 3.0 1 a 0
12:53:44 19 1 4.93583 9.72775 2.0 3.0 1 a 0
12:53:46 19 1 4.93583 9.72775 2.0 3.0 1 a 0
12:53:46 19 1 4.93583 9.72775 2.0 3.0 1 a 0
12:53:49 19 1 4.93583 9.72775 2.0 3.0 1 a 0
12:53:50 19 1 4.93583 9.72775 2.0 3.0 1 a 0
12:53:51 19 1 4.93583 9.72775 2.0 3.0 1 a 0
12:53:53 19 1 4.93583 9.72775 2.0 3.0 1 a 0
12:53:54 19 1 4.93583 9.72775 2.0 3.0 1 a 0
12:53:58 19 1 4.93583 9.72775 2.0 3.0 1 a 0
12:53:59 19 1 4.93583 9.72775 2.0 3.0 1 a 0
12:54:05 19 1 4.93583 9.72775 2.0 3.0 1 a 0
12:54:07 19 1 4.93583 9.72775 2.0 3.0 1 a 0
12:54:09 19 1 4.93583 9.72775 2.0 3.0 1 a 0
12:54:10 19 1 4.93583 9.72775 2.0 3.0 1 a 0
12:54:12 19 1 4.93583 9.72775 2.0 3.0 1 a 0
12:54:13 19 1 4.93583 9.72775 2.0 3.0 1 a 0
12:54:14 19 1 4.93583 9.72775 2.0 3.0 1 a 0
12:54:15 19 1 4.93583 9.72775 2.0 3.0 1 a 0
12:54:18 19 1 4.93583 9.72775 2.0 3.0 1 a 0
12:54:20 19 1 4.93583 9.72775 2.0 3.0 1 a 0
12:54:21 19 1 4.93583 9.72775 2.0 3.0 1 a 0
12:54:22 19 1 4.93583 9.72775 2.0 3.0 1 a 0
12:54:23 19 1 4.93583 9.72775 2.0 3.0 1 a 0
12:54:24 19 1 4.93583 9.72775 2.0 3.0 1 a 0
12:54:26 19 1 4.93583 9.72775 2.0 3.0 1 a 0
12:54:28 19 1 4.93583 9.72775 2.0 3.0 1 a 0
12:54:29 19 1 4.93583 9.72775 2.0 3.0 1 a 0
12:54:30 19 1 4.93583 9.72775 2.0 3.0 1 a 0
12:54:31 19 1 4.93583 9.72775 2.0 3.0 1 a 0
12:54:33 19 1 4.93583 9.72775 2.0 3.0 1 a 0
12:54:34 19 1 4.93583 9.72775 2.0 3.0 1 a 0
12:54:35 19 1 4.93583 9.72775 2.0 3.0 1 a 0
12:54:37 19 1 4.93583 9.72775 2.0 3.0 1 a 0
12:54:39 19 1 4.93583 9.72775 2.0 3.0 1 a 0
12:54:40 19 1 4.93583 9.72775 2.0 3.0 1 a 0
12:54:42 19 1 4.93583 9.72775 2.0 3.0 1 a 0
12:54:43 19 1 4.93583 9.72775 2.0 3.0 1 a 0
12:54:44 19 1 4.93583 9.72775 2.0 3.0 1 a 0
12:54:45 19 1 4.93583 9.72775 2.0 3.0 1 a 0
12:54:48 19 1 4.93583 9.72775 2.0 3.0 1 a 0
12:54:50 19 1 4.93583 9.72775 2.0 3.0 1 a 0
12:54:51 19 1 4.93583 9.72775 2.0 3.0 1 a 0
12:54:52 19 1 4.93583 9.72775 2.0 3.0 1 a 0
12:54:53 19 1 4.93583 9.72775 2.0 3.0 1 a 0
12:54:54 19 1 4.93583 9.72775 2.0 3.0 1 a 0
12:54:57 19 1 4.93583 9.72775 2.0 3.0 1 a 0
12:54:58 19 1 4.93583 9.72775 2.0 3.0 1 a 0
12:55:00 19 1 4.93583 9.72775 2.0 3.0 1 a 0
12:55:01 19 1 4.93583 9.72775 2.0 3.0 1 a 0
12:55:05 19 1 4.93583 9.72775 2.0 3.0 1 a 0
12:55:05 19 1 4.93583 9.72775 2.0 3.0 1 a 0
12:55:07 19 1 4.93583 9.72775 2.0 3.0 1 a 0
12:55:08 19 1 4.93583 9.72775 2.0 3.0 1 a 0
12:55:09 19 1 4.93583 9.72775 2.0 3.0 1 a 0
12:55:10 19 1 4.93583 9.72775 2.0 3.0 1 a 0
12:55:12 19 1 4.93583 9.72775 2.0 3.0 1 a 0
12:55:13 19 1 4.93583 9.72775 2.0 3.0 1 a 0
12:55:14 19 1 4.93583 9.72775 2.0 3.0 1 a 0
12:55:16 19 1 4.93583 9.72775 2.0 3.0 1 a 0
12:55:17 19 1 4.93583 9.72775 2.0 3.0 1 a 0
12:55:18 19 1 4.93583 9.72775 2.0 3.0 1 a 0
12:55:19 19 1 4.93583 9.72775 2.0 3.0 1 a 0
12:55:22 19 1 4.93583 9.72775 2.0 3.0 1 a 0
12:55:22 19 1 4.93583 9.72775 2.0 3.0 1 a 0
12:55:24 19 1 4.93583 9.72775 2.0 3.0 1 a 0
12:55:26 19 1 4.93583 9.72775 2.0 3.0 1 a 0
12:55:29 19 1 4.93583 9.72775 2.0 3.0 1 a 0
12:55:30 19 1 4.93583 9.72775 2.0 3.0 1 a 0
12:55:31 19 1 4.93583 9.72775 2.0 3.0 1 a 0
12:55:32 19 1 4.93583 9.72775 2.0 3.0 1 a 0
12:55:35 19 1 4.93583 9.72775 2.0 3.0 1 a 0
12:55:35 19 1 4.93583 9.72775 2.0 3.0 1 a 0
12:55:36 19 1 4.93583 9.72775 2.0 3.0 1 a 0
12:55:37 19 1 4.93583 9.72775 2.0 3.0 1 a 0
12:55:38 19 1 4.93583 9.72775 2.0 3.0 1 a 0
12:55:39 19 1 4.93583 9.72775 2.0 3.0 1 a 0
12:55:40 19 1 4.93583 9.72775 2.0 3.0 1 a 0
12:55:41 19 1 4.93583 9.72775 2.0 3.0 1 a 0
12:55:42 19 1 4.93583 9.72775 2.0 3.0 1 a 0
12:55:44 19 1 4.93583 9.72775 2.0 3.0 1 a 0
12:55:45 19 1 4.93583 9.72775 2.0 3.0 1 a 0
12:55:46 19 1 4.93583 9.72775 2.0 3.0 1 a 0
12:55:47 19 1 4.93583 9.72775 2.0 3.0 1 a 0
12:55:48 19 1 4.93583 9.72775 2.0 3.0 1 a 0
12:55:49 19 1 4.93583 9.72775 2.0 3.0 1 a 0
12:55:50 19 1 4.93583 9.72775 2.0 3.0 1 a 0
12:55:51 19 1 4.93583 9.72775 2.0 3.0 1 a 0
12:55:52 19 1 4.93583 9.72775 2.0 3.0 1 a 0
12:55:53 19 1 4.93583 9.72775 2.0 3.0 1 a 0
12:55:54 19 1 4.93583 9.72775 2.0 3.0 1 a 0
12:55:55 19 1 4.93583 9.72775 2.0 3.0 1 a 0
12:55:56 19 1 4.93583 9.72775 2.0 3.0 1 a 0
12:55:57 19 1 4.93583 9.72775 2.0 3.0 1 a 0
12:55:58 19 1 4.93583 9.72775 2.0 3.0 1 a 0
12:55:59 19 1 4.93583 9.72775 2.0 3.0 1 a 0
12:56:01 19 1 4.93583 9.72775 2.0 3.0 1 a 0
12:56:02 19 1 4.93583 9.72775 2.0 3.0 1 a 0
12:56:03 19 1 4.93583 9.72775 2.0 3.0 1 a 0
12:56:04 19 1 4.93583 9.72775 2.0 3.0 1 a 0
12:56:05 19 1 4.93583 9.72775 2.0 3.0 1 a 0
12:56:06 19 1 4.93583 9.72775 2.0 3.0 1 a 0
12:56:07 19 1 4.93583 9.72775 2.0 3.0 1 a 0
12:56:08 19 1 4.93583 9.72775 2.0 3.0 1 a 0
12:56:09 19 1 4.93583 9.72775 2.0 3.0 1 a 0
12:56:10 19 1 4.93583 9.72775 2.0 3.0 1 a 0
12:56:11 19 1 4.93583 9.72775 2.0 3.0 1 a 0
12:56:12 19 1 4.93583 9.72775 2.0 3.0 1 a 0
12:56:13 19 1 4.93583 9.72775 2.0 3.0 1 a 0
12:56:14 19 1 4.93583 9.72775 2.0 3.0 1 a 0
12:56:15 19 1 4.93583 9.72775 2.0 3.0 1 a 0
12:56:16 19 1 4.93583 9.72775 2.0 3.0 1 a 0
12:56:17 19 1 4.93583 9.72775 2.0 3.0 1 a 0
12:56:18 19 1 4.93583 9.72775 2.0 3.0 1 a 0
12:56:20 19 1 4.93583 9.72775 2.0 3.0 1 a 0
12:56:21 19 1 4.93583 9.72775 2.0 3.0 1 a 0
12:56:22 19 1 4.93583 9.72775 2.0 3.0 1 a 0
12:56:23 19 1 4.93583 9.72775 2.0 3.0 1 a 0
12:56:24 19 1 4.93583 9.72775 2.0 3.0 1 a 0
12:56:25 19 1 4.93583 9.72775 2.0 3.0 1 a 0
12:56:26 19 1 4.93583 9.72775 2.0 3.0 1 a 0
12:56:27 19 1 4.93583 9.72775 2.0 3.0 1 a 0
12:56:28 19 1 4.93583 9.72775 2.0 3.0 1 a 0
12:56:29 19 1 4.93583 9.72775 2.0 3.0 1 a 0
12:56:30 19 1 4.93583 9.72775 2.0 3.0 1 a 0
12:56:31 19 1 4.93583 9.72775 2.0 3.0 1 a 0
12:56:32 19 1 4.93583 9.72775 2.0 3.0 1 a 0
12:56:33 19 1 4.93583 9.72775 2.0 3.0 1 a 0
12:56:34 19 1 4.93583 9.72775 2.0 3.0 1 a 0
12:56:36 19 1 4.93583 9.72775 2.0 3.0 1 a 0
12:56:37 19 1 4.93583 9.72775 2.0 3.0 1 a 0
12:56:38 19 1 4.93583 9.72775 2.0 3.0 1 a 0
12:56:39 19 1 4.93583 9.72775 2.0 3.0 1 a 0
12:56:40 19 1 4.93583 9.72775 2.0 3.0 1 a 0
12:56:41 19 1 4.93583 9.72775 2.0 3.0 1 a 0
12:56:42 19 1 4.93583 9.72775 2.0 3.0 1 a 0
12:56:43 19 1 4.93583 9.72775 2.0 3.0 1 a 0
12:56:44 19 1 4.93583 9.72775 2.0 3.0 1 a 0
12:56:45 19 1 4.93583 9.72775 2.0 3.0 1 a 0
12:56:46 19 1 4.93583 9.72775 2.0 3.0 1 a 0
12:56:47 19 1 4.93583 9.72775 2.0 3.0 1 a 0
12:56:48 19 1 4.93583 9.72775 2.0 3.0 1 a 0
12:56:49 19 1 4.93583 9.72775 2.0 3.0 1 a 0
12:56:50 19 1 4.93583 9.72775 2.0 3.0 1 a 0
12:56:52 19 1 4.93583 9.72775 2.0 3.0 1 a 0
12:56:53 19 1 4.93583 9.72775 2.0 3.0 1 a 0
12:56:54 19 1 4.93583 9.72775 2.0 3.0 1 a 0
12:56:55 19 1 4.93583 9.72775 2.0 3.0 1 a 0
12:56:56 19 1 4.93583 9.72775 2.0 3.0 1 a 0
12:56:57 19 1 4.93583 9.72775 2.0 3.0 1 a 0
12:56:58 19 1 4.93583 9.72775 2.0 3.0 1 a 0
12:56:59 19 1 4.93583 9.72775 2.0 3.0 1 a 0
12:57:00 19 1 4.93583 9.72775 2.0 3.0 1 a 0
12:57:01 19 1 4.93583 9.72775 2.0 3.0 1 a 0
12:57:02 19 1 4.93583 9.72775 2.0 3.0 1 a 0
12:57:03 19 1 4.93583 9.72775 2.0 3.0 1 a 0
12:57:04 19 1 4.93583 9.72775 2.0 3.0 1 a 0
12:57:05 19 1 4.93583 9.72775 2.0 3.0 1 a 0
12:57:06 19 1 4.93583 9.72775 2.0 3.0 1 a 0
12:57:08 19 1 4.93583 9.72775 2.0 3.0 1 a 0
12:57:09 19 1 4.93583 9.72775 2.0 3.0 1 a 0
12:57:10 19 1 4.93583 9.72775 2.0 3.0 1 a 0
12:57:11 19 1 4.93583 9.72775 2.0 3.0 1 a 0
12:57:12 19 1 4.93583 9.72775 2.0 3.0 1 a 0
12:57:13 19 1 4.93583 9.72775 2.0 3.0 1 a 0
12:57:14 19 1 4.93583 9.72775 2.0 3.0 1 a 0
12:57:15 19 1 4.93583 9.72775 2.0 3.0 1 a 0
12:57:16 19 1 4.93583 9.72775 2.0 3.0 1 a 0
12:57:17 19 1 4.93583 9.72775 2.0 3.0 1 a 0
12:57:18 19 1 4.93583 9.72775 2.0 3.0 1 a 0
12:57:19 19 1 4.93583 9.72775 2.0 3.0 1 a 0
12:57:20 19 1 4.93583 9.72775 2.0 3.0 1 a 0
12:57:21 19 1 4.93583 9.72775 2.0 3.0 1 a 0
12:57:23 19 1 4.93583 9.72775 2.0 3.0 1 a 0
12:57:24 19 1 4.93583 9.72775 2.0 3.0 1 a 0
12:57:25 19 1 4.93583 9.72775 2.0 3.0 1 a 0
12:57:26 19 1 4.93583 9.72775 2.0 3.0 1 a 0
12:57:27 19 1 4.93583 9.72775 2.0 3.0 1 a 0
12:57:28 19 1 4.93583 9.72775 2.0 3.0 1 a 0
12:57:29 19 1 4.93583 9.72775 2.0 3.0 1 a 0
12:57:30 19 1 4.93583 9.72775 2.0 3.0 1 a 0
12:57:31 19 1 4.93583 9.72775 2.0 3.0 1 a 0
12:57:32 19 1 4.93583 9.72775 2.0 3.0 1 a 0
12:57:33 19 1 4.93583 9.72775 2.0 3.0 1 a 0
12:57:34 19 1 4.93583 9.72775 2.0 3.0 1 a 0
12:57:36 19 1 4.93583 9.72775 2.0 3.0 1 a 0
12:57:38 19 1 4.93583 9.72775 2.0 3.0 1 a 0
12:57:39 19 1 4.93583 9.72775 2.0 3.0 1 a 0
12:57:40 19 1 4.93583 9.72775 2.0 3.0 1 a 0
12:57:41 19 1 4.93583 9.72775 2.0 3.0 1 a 0
12:57:42 19 1 4.93583 9.72775 2.0 3.0 1 a 0
12:57:43 19 1 4.93583 9.72775 2.0 3.0 1 a 0
12:57:44 19 1 4.93583 9.72775 2.0 3.0 1 a 0
12:57:45 19 1 4.93583 9.72775 2.0 3.0 1 a 0
12:57:46 19 1 4.93583 9.72775 2.0 3.0 1 a 0
12:57:47 19 1 4.93583 9.72775 2.0 3.0 1 a 0
12:57:48 19 1 4.93583 9.72775 2.0 3.0 1 a 0
12:57:49 19 1 4.93583 9.72775 2.0 3.0 1 a 0
12:57:50 19 1 4.93583 9.72775 2.0 3.0 1 a 0
12:57:52 19 1 4.93583 9.72775 2.0 3.0 1 a 0
12:57:53 19 1 4.93583 9.72775 2.0 3.0 1 a 0
12:57:54 19 1 4.93583 9.72775 2.0 3.0 1 a 0
12:57:55 19 1 4.93583 9.72775 2.0 3.0 1 a 0
12:57:56 19 1 4.93583 9.72775 2.0 3.0 1 a 0
12:57:57 19 1 4.93583 9.72775 2.0 3.0 1 a 0
12:57:58 19 1 4.93583 9.72775 2.0 3.0 1 a 0
12:57:59 19 1 4.93583 9.72775 2.0 3.0 1 a 0
12:58:00 19 1 4.93583 9.72775 2.0 3.0 1 a 0
12:58:01 19 1 4.93583 9.72775 2.0 3.0 1 a 0
12:58:02 19 1 4.93583 9.72775 2.0 3.0 1 a 0
12:58:03 19 1 4.93583 9.72775 2.0 3.0 1 a 0
12:58:04 19 1 4.93583 9.72775 2.0 3.0 1 a 0
12:58:06 19 1 4.93583 9.72775 2.0 3.0 1 a 0
12:58:07 19 1 4.93583 9.72775 2.0 3.0 1 a 0
12:58:08 19 1 4.93583 9.72775 2.0 3.0 1 a 0
12:58:09 19 1 4.93583 9.72775 2.0 3.0 1 a 0
12:58:10 19 1 4.93583 9.72775 2.0 3.0 1 a 0
12:58:11 19 1 4.93583 9.72775 2.0 3.0 1 a 0
12:58:12 19 1 4.93583 9.72775 2.0 3.0 1 a 0
12:58:13 19 1 4.93583 9.72775 2.0 3.0 1 a 0
12:58:14 19 1 4.93583 9.72775 2.0 3.0 1 a 0
12:58:15 19 1 4.93583 9.72775 2.0 3.0 1 a 0
12:58:16 19 1 4.93583 9.72775 2.0 3.0 1 a 0
12:58:17 19 1 4.93583 9.72775 2.0 3.0 1 a 0
12:58:19 19 1 4.93583 9.72775 2.0 3.0 1 a 0
12:58:20 19 1 4.93583 9.72775 2.0 3.0 1 a 0
12:58:21 19 1 4.93583 9.72775 2.0 3.0 1 a 0
12:58:22 19 1 4.93583 9.72775 2.0 3.0 1 a 0
12:58:23 19 1 4.93583 9.72775 2.0 3.0 1 a 0
12:58:24 19 1 4.93583 9.72775 2.0 3.0 1 a 0
12:58:25 19 1 4.93583 9.72775 2.0 3.0 1 a 0
12:58:26 19 1 4.93583 9.72775 2.0 3.0 1 a 0
12:58:27 19 1 4.93583 9.72775 2.0 3.0 1 a 0
12:58:28 19 1 4.93583 9.72775 2.0 3.0 1 a 0
12:58:29 19 1 4.93583 9.72775 2.0 3.0 1 a 0
12:58:30 19 1 4.93583 9.72775 2.0 3.0 1 a 0
12:58:32 19 1 4.93583 9.72775 2.0 3.0 1 a 0
12:58:33 19 1 4.93583 9.72775 2.0 3.0 1 a 0
12:58:34 19 1 4.93583 9.72775 2.0 3.0 1 a 0
12:58:35 19 1 4.93583 9.72775 2.0 3.0 1 a 0
12:58:36 19 1 4.93583 9.72775 2.0 3.0 1 a 0
12:58:37 19 1 4.93583 9.72775 2.0 3.0 1 a 0
12:58:38 19 1 4.93583 9.72775 2.0 3.0 1 a 0
12:58:39 19 1 4.93583 9.72775 2.0 3.0 1 a 0
12:58:40 19 1 4.93583 9.72775 2.0 3.0 1 a 0
12:58:41 19 1 4.93583 9.72775 2.0 3.0 1 a 0
12:58:42 19 1 4.93583 9.72775 2.0 3.0 1 a 0
12:58:43 19 1 4.93583 9.72775 2.0 3.0 1 a 0
12:58:45 19 1 4.93583 9.72775 2.0 3.0 1 a 0
12:58:46 19 1 4.93583 9.72775 2.0 3.0 1 a 0
12:58:47 19 1 4.93583 9.72775 2.0 3.0 1 a 0
12:58:48 19 1 4.93583 9.72775 2.0 3.0 1 a 0
12:58:49 19 1 4.93583 9.72775 2.0 3.0 1 a 0
12:58:50 19 1 4.93583 9.72775 2.0 3.0 1 a 0
12:58:51 19 1 4.93583 9.72775 2.0 3.0 1 a 0
12:58:52 19 1 4.93583 9.72775 2.0 3.0 1 a 0
12:58:53 19 1 4.93583 9.72775 2.0 3.0 1 a 0
12:58:54 19 1 4.93583 9.72775 2.0 3.0 1 a 0
12:58:55 19 1 4.93583 9.72775 2.0 3.0 1 a 0
12:58:56 19 1 4.93583 9.72775 2.0 3.0 1 a 0
12:58:57 19 1 4.93583 9.72775 2.0 3.0 1 a 0
12:59:00 19 1 4.93583 9.72775 2.0 3.0 1 a 0
12:59:01 19 1 4.93583 9.72775 2.0 3.0 1 a 0
12:59:02 19 1 4.93583 9.72775 2.0 3.0 1 a 0
12:59:03 19 1 4.93583 9.72775 2.0 3.0 1 a 0
12:59:04 19 1 4.93583 9.72775 2.0 3.0 1 a 0
12:59:05 19 1 4.93583 9.72775 2.0 3.0 1 a 0
12:59:06 19 1 4.93583 9.72775 2.0 3.0 1 a 0
12:59:07 19 1 4.93583 9.72775 2.0 3.0 1 a 0
12:59:08 19 1 4.93583 9.72775 2.0 3.0 1 a 0
12:59:09 19 1 4.93583 9.72775 2.0 3.0 1 a 0
12:59:10 19 1 4.93583 9.72775 2.0 3.0 1 a 0
12:59:12 19 1 4.93583 9.72775 2.0 3.0 1 a 0
12:59:13 19 1 4.93583 9.72775 2.0 3.0 1 a 0
12:59:14 19 1 4.93583 9.72775 2.0 3.0 1 a 0
12:59:15 19 1 4.93583 9.72775 2.0 3.0 1 a 0
12:59:16 19 1 4.93583 9.72775 2.0 3.0 1 a 0
12:59:17 19 1 4.93583 9.72775 2.0 3.0 1 a 0
12:59:18 19 1 4.93583 9.72775 2.0 3.0 1 a 0
12:59:19 19 1 4.93583 9.72775 2.0 3.0 1 a 0
12:59:20 19 1 4.93583 9.72775 2.0 3.0 1 a 0
12:59:21 19 1 4.93583 9.72775 2.0 3.0 1 a 0
12:59:22 19 1 4.93583 9.72775 2.0 3.0 1 a 0
12:59:24 19 1 4.93583 9.72775 2.0 3.0 1 a 0
12:59:25 19 1 4.93583 9.72775 2.0 3.0 1 a 0
12:59:26 19 1 4.93583 9.72775 2.0 3.0 1 a 0
12:59:27 19 1 4.93583 9.72775 2.0 3.0 1 a 0
12:59:28 19 1 4.93583 9.72775 2.0 3.0 1 a 0
12:59:29 19 1 4.93583 9.72775 2.0 3.0 1 a 0
12:59:30 19 1 4.93583 9.72775 2.0 3.0 1 a 0
12:59:31 19 1 4.93583 9.72775 2.0 3.0 1 a 0
12:59:32 19 1 4.93583 9.72775 2.0 3.0 1 a 0
12:59:33 19 1 4.93583 9.72775 2.0 3.0 1 a 0
12:59:34 19 1 4.93583 9.72775 2.0 3.0 1 a 0
12:59:35 19 1 4.93583 9.72775 2.0 3.0 1 a 0
12:59:37 19 1 4.93583 9.72775 2.0 3.0 1 a 0
12:59:38 19 1 4.93583 9.72775 2.0 3.0 1 a 0
12:59:39 19 1 4.93583 9.72775 2.0 3.0 1 a 0
12:59:40 19 1 4.93583 9.72775 2.0 3.0 1 a 0
12:59:41 19 1 4.93583 9.72775 2.0 3.0 1 a 0
12:59:42 19 1 4.93583 9.72775 2.0 3.0 1 a 0
12:59:43 19 1 4.93583 9.72775 2.0 3.0 1 a 0
12:59:44 19 1 4.93583 9.72775 2.0 3.0 1 a 0
12:59:45 19 1 4.93583 9.72775 2.0 3.0 1 a 0
12:59:46 19 1 4.93583 9.72775 2.0 3.0 1 a 0
12:59:47 19 1 4.93583 9.72775 2.0 3.0 1 a 0
12:59:49 19 1 4.93583 9.72775 2.0 3.0 1 a 0
12:59:50 19 1 4.93583 9.72775 2.0 3.0 1 a 0
12:59:51 19 1 4.93583 9.72775 2.0 3.0 1 a 0
12:59:52 19 1 4.93583 9.72775 2.0 3.0 1 a 0
12:59:53 19 1 4.93583 9.72775 2.0 3.0 1 a 0
12:59:54 19 1 4.93583 9.72775 2.0 3.0 1 a 0
12:59:55 19 1 4.93583 9.72775 2.0 3.0 1 a 0
12:59:56 19 1 4.93583 9.72775 2.0 3.0 1 a 0
12:59:57 19 1 4.93583 9.72775 2.0 3.0 1 a 0
12:59:58 19 1 4.93583 9.72775 2.0 3.0 1 a 0
12:59:59 19 1 4.93583 9.72775 2.0 3.0 1 a 0
13:00:01 19 1 4.93583 9.72775 2.0 3.0 1 a 0
13:00:02 19 1 4.93583 9.72775 2.0 3.0 1 a 0
13:00:03 19 1 4.93583 9.72775 2.0 3.0 1 a 0
13:00:04 19 1 4.93583 9.72775 2.0 3.0 1 a 0
13:00:05 19 1 4.93583 9.72775 2.0 3.0 1 a 0
13:00:06 19 1 4.93583 9.72775 2.0 3.0 1 a 0
13:00:07 19 1 4.93583 9.72775 2.0 3.0 1 a 0
13:00:08 19 1 4.93583 9.72775 2.0 3.0 1 a 0
13:00:09 19 1 4.93583 9.72775 2.0 3.0 1 a 0
13:00:10 19 1 4.93583 9.72775 2.0 3.0 1 a 0
13:00:11 19 1 4.93583 9.72775 2.0 3.0 1 a 0
13:00:12 19 1 4.93583 9.72775 2.0 3.0 1 a 0
13:00:14 19 1 4.93583 9.72775 2.0 3.0 1 a 0
13:00:15 19 1 4.93583 9.72775 2.0 3.0 1 a 0
13:00:16 19 1 4.93583 9.72775 2.0 3.0 1 a 0
13:00:17 19 1 4.93583 9.72775 2.0 3.0 1 a 0
13:00:18 19 1 4.93583 9.72775 2.0 3.0 1 a 0
13:00:19 19 1 4.93583 9.72775 2.0 3.0 1 a 0
13:00:20 19 1 4.93583 9.72775 2.0 3.0 1 a 0
13:00:21 19 1 4.93583 9.72775 2.0 3.0 1 a 0
13:00:22 19 1 4.93583 9.72775 2.0 3.0 1 a 0
13:00:23 19 1 4.93583 9.72775 2.0 3.0 1 a 0
13:00:24 19 1 4.93583 9.72775 2.0 3.0 1 a 0
13:00:26 19 1 4.93583 9.72775 2.0 3.0 1 a 0
13:00:27 19 1 4.93583 9.72775 2.0 3.0 1 a 0
13:00:28 19 1 4.93583 9.72775 2.0 3.0 1 a 0
13:00:29 19 1 4.93583 9.72775 2.0 3.0 1 a 0
13:00:30 19 1 4.93583 9.72775 2.0 3.0 1 a 0
13:00:31 19 1 4.93583 9.72775 2.0 3.0 1 a 0
13:00:32 19 1 4.93583 9.72775 2.0 3.0 1 a 0
13:00:33 19 1 4.93583 9.72775 2.0 3.0 1 a 0
13:00:34 19 1 4.93583 9.72775 2.0 3.0 1 a 0
13:00:35 19 1 4.93583 9.72775 2.0 3.0 1 a 0
13:00:37 19 1 4.93583 9.72775 2.0 3.0 1 a 0
13:00:39 19 1 4.93583 9.72775 2.0 3.0 1 a 0
13:00:41 19 1 4.93583 9.72775 2.0 3.0 1 a 0
13:00:42 19 1 4.93583 9.72775 2.0 3.0 1 a 0
13:00:43 19 1 4.93583 9.72775 2.0 3.0 1 a 0
13:00:44 19 1 4.93583 9.72775 2.0 3.0 1 a 0
13:00:45 19 1 4.93583 9.72775 2.0 3.0 1 a 0
13:00:46 19 1 4.93583 9.72775 2.0 3.0 1 a 0
13:00:47 19 1 4.93583 9.72775 2.0 3.0 1 a 0
13:00:49 19 1 4.93583 9.72775 2.0 3.0 1 a 0
13:00:50 19 1 4.93583 9.72775 2.0 3.0 1 a 0
13:00:51 19 1 4.93583 9.72775 2.0 3.0 1 a 0
13:00:52 19 1 4.93583 9.72775 2.0 3.0 1 a 0
13:00:54 19 1 4.93583 9.72775 2.0 3.0 1 a 0
13:00:54 19 1 4.93583 9.72775 2.0 3.0 1 a 0
13:00:55 19 1 4.93583 9.72775 2.0 3.0 1 a 0
13:00:56 19 1 4.93583 9.72775 2.0 3.0 1 a 0
13:00:57 19 1 4.93583 9.72775 2.0 3.0 1 a 0
13:00:58 19 1 4.93583 9.72775 2.0 3.0 1 a 0
13:01:00 19 1 4.93583 9.72775 2.0 3.0 1 a 0
13:01:01 19 1 4.93583 9.72775 2.0 3.0 1 a 0
13:01:02 19 1 4.93583 9.72775 2.0 3.0 1 a 0
13:01:03 19 1 4.93583 9.72775 2.0 3.0 1 a 0
13:01:04 19 1 4.93583 9.72775 2.0 3.0 1 a 0
13:01:05 19 1 4.93583 9.72775 2.0 3.0 1 a 0
13:01:06 19 1 4.93583 9.72775 2.0 3.0 1 a 0
13:01:07 19 1 4.93583 9.72775 2.0 3.0 1 a 0
13:01:08 19 1 4.93583 9.72775 2.0 3.0 1 a 0
13:01:09 19 1 4.93583 9.72775 2.0 3.0 1 a 0
13:01:10 19 1 4.93583 9.72775 2.0 3.0 1 a 0
13:01:12 19 1 4.93583 9.72775 2.0 3.0 1 a 0
13:01:13 19 1 4.93583 9.72775 2.0 3.0 1 a 0
13:01:14 19 1 4.93583 9.72775 2.0 3.0 1 a 0
13:01:15 19 1 4.93583 9.72775 2.0 3.0 1 a 0
13:01:16 19 1 4.93583 9.72775 2.0 3.0 1 a 0
13:01:17 19 1 4.93583 9.72775 2.0 3.0 1 a 0
13:01:18 19 1 4.93583 9.72775 2.0 3.0 1 a 0
13:01:19 19 1 4.93583 9.72775 2.0 3.0 1 a 0
13:01:20 19 1 4.93583 9.72775 2.0 3.0 1 a 0
13:01:22 19 1 4.93583 9.72775 2.0 3.0 1 a 0
13:01:23 19 1 4.93583 9.72775 2.0 3.0 1 a 0
13:01:24 19 1 4.93583 9.72775 2.0 3.0 1 a 0
13:01:25 19 1 4.93583 9.72775 2.0 3.0 1 a 0
13:01:26 19 1 4.93583 9.72775 2.0 3.0 1 a 0
13:01:27 19 1 4.93583 9.72775 2.0 3.0 1 a 0
13:01:28 19 1 4.93583 9.72775 2.0 3.0 1 a 0
13:01:29 19 1 4.93583 9.72775 2.0 3.0 1 a 0
13:01:30 19 1 4.93583 9.72775 2.0 3.0 1 a 0
13:01:31 19 1 4.93583 9.72775 2.0 3.0 1 a 0
13:01:33 19 1 4.93583 9.72775 2.0 3.0 1 a 0
13:01:34 19 1 4.93583 9.72775 2.0 3.0 1 a 0
13:01:35 19 1 4.93583 9.72775 2.0 3.0 1 a 0
13:01:36 19 1 4.93583 9.72775 2.0 3.0 1 a 0
13:01:37 19 1 4.93583 9.72775 2.0 3.0 1 a 0
13:01:38 19 1 4.93583 9.72775 2.0 3.0 1 a 0
13:01:39 19 1 4.93583 9.72775 2.0 3.0 1 a 0
13:01:40 19 1 4.93583 9.72775 2.0 3.0 1 a 0
13:01:42 19 1 4.93583 9.72775 2.0 3.0 1 a 0
13:01:44 19 1 4.93583 9.72775 2.0 3.0 1 a 0
13:01:45 19 1 4.93583 9.72775 2.0 3.0 1 a 0
13:01:46 19 1 4.93583 9.72775 2.0 3.0 1 a 0
13:01:47 19 1 4.93583 9.72775 2.0 3.0 1 a 0
13:01:48 19 1 4.93583 9.72775 2.0 3.0 1 a 0
13:01:49 19 1 4.93583 9.72775 2.0 3.0 1 a 0
13:01:50 19 1 4.93583 9.72775 2.0 3.0 1 a 0
13:01:51 19 1 4.93583 9.72775 2.0 3.0 1 a 0
13:01:53 19 1 4.93583 9.72775 2.0 3.0 1 a 0
13:01:53 19 1 4.93583 9.72775 2.0 3.0 1 a 0
13:01:55 19 1 4.93583 9.72775 2.0 3.0 1 a 0
13:01:56 19 1 4.93583 9.72775 2.0 3.0 1 a 0
13:01:57 19 1 4.93583 9.72775 2.0 3.0 1 a 0
13:01:58 19 1 4.93583 9.72775 2.0 3.0 1 a 0
13:01:59 19 1 4.93583 9.72775 2.0 3.0 1 a 0
13:02:00 19 1 4.93583 9.72775 2.0 3.0 1 a 0
13:02:01 19 1 4.93583 9.72775 2.0 3.0 1 a 0
13:02:02 19 1 4.93583 9.72775 2.0 3.0 1 a 0
13:02:03 19 1 4.93583 9.72775 2.0 3.0 1 a 0
13:02:04 19 1 4.93583 9.72775 2.0 3.0 1 a 0
13:02:06 19 1 4.93583 9.72775 2.0 3.0 1 a 0
13:02:07 19 1 4.93583 9.72775 2.0 3.0 1 a 0
13:02:08 19 1 4.93583 9.72775 2.0 3.0 1 a 0
13:02:09 19 1 4.93583 9.72775 2.0 3.0 1 a 0
13:02:10 19 1 4.93583 9.72775 2.0 3.0 1 a 0
13:02:11 19 1 4.93583 9.72775 2.0 3.0 1 a 0
13:02:12 19 1 4.93583 9.72775 2.0 3.0 1 a 0
13:02:13 19 1 4.93583 9.72775 2.0 3.0 1 a 0
13:02:15 19 1 4.93583 9.72775 2.0 3.0 1 a 0
13:02:16 19 1 4.93583 9.72775 2.0 3.0 1 a 0
13:02:17 19 1 4.93583 9.72775 2.0 3.0 1 a 0
13:02:18 19 1 4.93583 9.72775 2.0 3.0 1 a 0
13:02:19 19 1 4.93583 9.72775 2.0 3.0 1 a 0
13:02:20 19 1 4.93583 9.72775 2.0 3.0 1 a 0
13:02:21 19 1 4.93583 9.72775 2.0 3.0 1 a 0
13:02:22 19 1 4.93583 9.72775 2.0 3.0 1 a 0
13:02:23 19 1 4.93583 9.72775 2.0 3.0 1 a 0
13:02:24 19 1 4.93583 9.72775 2.0 3.0 1 a 0
13:02:26 19 1 4.93583 9.72775 2.0 3.0 1 a 0
13:02:27 19 1 4.93583 9.72775 2.0 3.0 1 a 0
13:02:28 19 1 4.93583 9.72775 2.0 3.0 1 a 0
13:02:29 19 1 4.93583 9.72775 2.0 3.0 1 a 0
13:02:30 19 1 4.93583 9.72775 2.0 3.0 1 a 0
13:02:31 19 1 4.93583 9.72775 2.0 3.0 1 a 0
13:02:32 19 1 4.93583 9.72775 2.0 3.0 1 a 0
13:02:33 19 1 4.93583 9.72775 2.0 3.0 1 a 0
