18:25:59  1
18:26:00  1
18:26:01  1
18:26:02  1
18:26:03  1
18:26:04  1
18:26:05  1
18:26:06  1
18:26:07  1
18:26:08  1
18:26:09  1
18:26:09  1
18:26:11  1
18:26:12  1
18:26:12  1
18:26:13  1
18:26:14  1
18:26:15  1
18:26:17  1
18:26:18  1
18:26:19  1
18:26:19  1
18:26:20  1
18:26:21  1
18:26:22  1
18:26:23  1
18:26:24  1
18:26:25  1
18:26:26  1
18:26:27  1
18:26:28  1
18:26:29  1
18:26:30  1
18:26:31  1
18:26:32  1
18:26:33  1
18:26:34  1
18:26:35  1
18:26:36  1
18:26:37  1
18:26:38  1
18:26:39  1
18:26:40  1
18:26:41  1
18:26:43  1
18:26:43  1
18:26:44  1
18:26:45  1
18:26:46  1
18:26:47  1
18:26:48  1
18:26:49  1
18:26:50  1
18:26:51  1
18:26:53  1
18:26:53  1
18:26:54  1
18:26:55  1
18:26:56  1
18:26:58  1
18:26:58  1
18:26:59  1
18:27:00  1
18:27:01  1
18:27:02  1
18:27:03  1
18:27:05  1
18:27:05  1
18:27:07  1
18:27:07  1
18:27:08  1
18:27:09  1
18:27:10  1
18:27:11  1
18:27:12  1
18:27:13  1
18:27:14  1
18:27:15  1
18:27:16  1
18:27:18  1
18:27:18  1
18:27:46  1
18:27:47  1
18:27:49  1
18:27:50  1
18:27:50  1
18:27:51  1
18:27:52  1
18:27:53  1
18:27:54  1
18:27:55  1
18:27:57  1
18:28:07  1
18:28:08  1
18:28:09  1
18:28:10  1
18:28:11  1
18:28:12  1
18:28:13  1
18:28:14  1
18:28:15  1
18:28:16  1
18:28:18  1
18:28:18  1
18:28:19  1
18:28:20  1
18:28:21  1
18:28:22  1
18:28:23  1
18:28:24  1
18:28:25  1
18:28:26  1
18:28:27  1
18:28:28  1
18:28:29  1
18:28:30  1
18:28:31  1
18:28:32  1
18:28:33  1
18:28:34  1
18:28:35  1
18:28:36  1
18:28:37  1
18:28:38  1
18:28:39  1
18:28:40  1
18:28:41  1
18:28:42  1
18:28:43  1
18:28:45  1
18:28:46  1
18:28:46  1
18:28:47  1
18:28:48  1
18:28:49  1
18:28:50  1
18:28:51  1
18:28:53  1
18:28:54  1
18:28:55  1
18:28:56  1
18:28:57  1
18:28:58  1
18:28:59  1
18:29:01  1
18:29:02  1
18:29:02  1
18:29:03  1
18:29:04  1
18:29:05  1
18:29:06  1
18:29:08  1
18:29:08  1
18:29:09  1
18:29:10  1
18:29:11  1
18:29:12  1
18:29:13  1
18:29:14  1
18:29:15  1
18:29:17  1
18:29:18  1
18:29:18  1
18:29:20  1
18:29:20  1
18:29:21  1
18:29:22  1
18:29:24  1
18:29:24  1
18:29:25  1
18:29:26  1
18:29:27  1
18:29:28  1
18:29:29  1
18:29:30  1
18:29:31  1
18:29:32  1
18:29:33  1
18:29:34  1
18:29:35  1
18:29:36  1
18:29:37  1
18:29:38  1
18:29:39  1
18:29:40  1
18:29:41  1
18:29:42  1
18:29:44  1
18:29:44  1
18:29:45  1
18:29:46  1
18:29:47  1
18:29:48  1
18:29:50  1
18:29:50  1
18:29:51  1
18:29:52  1
18:29:53  1
18:29:54  1
18:29:56  1
18:29:56  1
18:29:57  1
18:29:58  1
18:29:59  1
18:30:00  1
18:30:01  1
18:30:02  1
18:30:03  1
18:30:05  1
18:30:05  1
18:30:06  1
18:30:07  1
18:30:08  1
18:30:10  1
18:30:10  1
18:30:11  1
18:30:12  1
18:30:13  1
18:30:15  1
18:30:16  1
18:30:16  1
18:30:17  1
18:30:18  1
18:30:19  1
18:30:20  1
18:30:21  1
18:30:22  1
18:30:23  1
18:30:25  1
18:30:25  1
18:30:26  1
18:30:28  1
18:30:29  1
18:30:30  1
18:30:30  1
18:30:31  1
18:30:32  1
18:30:33  1
18:30:34  1
18:30:35  1
18:30:36  1
18:30:37  1
18:30:39  1
18:30:39  1
18:30:41  1
18:30:42  1
18:30:43  1
18:30:43  1
18:30:44  1
18:30:45  1
18:30:47  1
18:30:48  1
18:30:49  1
18:30:49  1
18:30:50  1
18:30:52  1
18:30:53  1
18:30:53  1
18:30:55  1
18:30:56  1
18:30:57  1
18:30:57  1
18:30:58  1
18:30:59  1
18:31:01  1
18:31:02  1
18:31:02  1
18:31:03  1
18:31:04  1
18:31:05  1
18:31:06  1
18:31:07  1
18:31:08  1
18:31:09  1
18:31:10  1
18:31:11  1
18:31:12  1
18:31:13  1
18:31:14  1
18:31:15  1
18:31:16  1
18:31:17  1
18:31:18  1
18:31:19  1
18:31:20  1
18:31:21  1
18:31:22  1
18:31:23  1
18:31:24  1
18:31:25  1
18:31:26  1
18:31:27  1
18:31:28  1
18:31:29  1
18:31:30  1
18:31:32  1
18:31:33  1
18:31:34  1
18:31:35  1
18:31:36  1
18:31:37  1
18:31:38  1
18:31:39  1
18:31:40  1
18:31:41  1
18:31:42  1
18:31:43  1
18:31:44  1
18:31:45  1
18:31:46  1
18:31:47  1
18:31:48  1
18:31:49  1
18:31:50  1
18:31:51  1
18:31:52  1
18:31:53  1
18:31:54  1
18:31:55  1
18:31:56  1
18:31:57  1
18:31:58  1
18:31:59  1
18:32:00  1
18:32:01  1
18:32:02  1
18:32:03  1
18:32:04  1
18:32:07  1
18:32:08  1
18:32:09  1
18:32:09  1
18:32:10  1
18:32:11  1
18:32:12  1
18:32:13  1
18:32:14  1
18:32:15  1
18:32:16  1
18:32:17  1
18:32:18  1
18:32:19  1
18:32:20  1
18:32:21  1
18:32:22  1
18:32:23  1
18:32:24  1
18:32:25  1
18:32:26  1
18:32:27  1
18:32:28  1
18:32:29  1
18:32:30  1
18:32:31  1
18:32:32  1
18:32:33  1
18:32:34  1
18:32:35  1
18:32:36  1
18:32:37  1
18:32:38  1
18:32:39  1
18:32:40  1
18:32:41  1
18:32:42  1
18:32:43  1
18:32:44  1
18:32:45  1
18:32:46  1
18:32:47  1
18:32:48  1
18:32:49  1
18:32:50  1
18:32:51  1
18:32:52  1
18:32:53  1
18:32:54  1
18:32:55  1
18:32:56  1
18:32:57  1
18:32:58  1
18:32:59  1
18:37:27  1
18:37:28  1
18:37:28  1
18:37:29  1
18:37:29  1
18:37:30  1
18:37:31  1
18:37:32  1
18:37:33  1
18:37:34  1
18:37:35  1
18:37:36  1
18:37:37  1
18:37:38  1
18:37:39  1
18:37:40  1
18:37:41  1
18:37:42  1
18:37:43  1
18:37:44  1
18:37:45  1
18:37:46  1
18:37:47  1
18:37:48  1
18:37:49  1
18:37:50  1
18:37:51  1
18:37:52  1
18:37:53  1
18:37:54  1
18:37:55  1
18:37:56  1
18:37:57  1
18:37:58  1
18:37:59  1
18:38:00  1
18:38:01  1
18:38:02  1
18:38:03  1
18:38:04  1
18:38:05  1
18:38:06  1
18:38:07  1
18:38:08  1
18:38:09  1
18:38:10  1
18:38:11  1
18:38:12  1
18:38:13  1
18:38:14  1
18:38:15  1
18:38:16  1
18:38:17  1
18:38:18  1
18:38:19  1
18:38:20  1
18:38:21  1
18:38:22  1
18:38:23  1
18:38:24  1
18:38:25  1
18:38:26  1
18:38:27  1
18:38:28  1
18:38:29  1
18:38:30  1
18:38:31  1
18:38:32  1
18:38:33  1
18:38:34  1
18:38:35  1
18:38:36  1
18:38:37  1
18:38:38  1
18:38:39  1
18:38:40  1
18:38:41  1
18:38:42  1
18:38:43  1
18:38:44  1
18:38:45  1
18:38:46  1
18:38:47  1
18:38:48  1
18:38:49  1
18:38:50  1
18:38:51  1
18:38:52  1
18:38:53  1
18:38:54  1
18:38:55  1
18:38:56  1
18:38:57  1
18:38:58  1
18:38:59  1
18:39:00  1
18:39:01  1
18:39:02  1
18:39:03  1
18:39:41  1
18:39:42  1
18:39:43  1
18:39:44  1
18:39:45  1
18:39:46  1
18:39:47  1
18:39:48  1
18:39:49  1
18:39:50  1
18:39:51  1
18:39:52  1
18:39:53  1
18:39:54  1
18:39:55  1
18:39:56  1
18:39:57  1
18:39:58  1
18:39:59  1
18:40:00  1
18:40:01  1
18:40:02  1
18:40:03  1
18:40:04  1
18:40:05  1
18:40:06  1
18:40:07  1
