13:51:21 4883686 1 0.358503 93.1676 1 10 1 a 1
13:51:22 4883689 1 94.475 92.6418 1 10 1 a 1
13:51:23 4883693 1 88.9605 47.081 1 10 1 a 1
13:51:24 4883696 1 76.8552 10.1268 1 10 1 a 1
13:51:25 4883699 1 93.5375 85.1121 1 10 1 a 1
13:51:26 4883702 1 78.3755 29.8635 1 10 1 a 1
13:51:27 4883706 1 20.3688 58.4271 1 10 1 a 1
13:51:28 4883709 1 71.9643 15.1963 1 10 1 a 1
13:51:29 4883712 1 25.9585 90.1081 1 10 1 a 1
13:51:30 4883715 1 15.7679 40.6404 1 10 1 a 1
13:51:31 4883718 1 92.2365 49.4666 1 10 1 a 1
13:51:32 4883722 1 48.971 43.8566 1 10 1 a 1
13:51:33 4883725 1 41.928 32.3082 1 10 1 a 1
13:51:34 4883728 1 14.6048 71.3652 1 10 1 a 1
13:51:35 4883732 1 61.9297 36.8845 1 10 1 a 1
13:51:36 4883735 1 5.5372 80.4776 1 10 1 a 1
13:51:37 4883738 1 15.1649 34.3513 1 10 1 a 1
13:51:38 4883742 1 53.7382 88.9447 1 10 1 a 1
13:51:39 4883745 1 65.3054 66.0087 1 10 1 a 1
13:51:40 4883748 1 39.7927 14.4065 1 10 1 a 1
13:51:41 4883752 1 2.28864 1.59421 1 10 1 a 1
13:51:42 4883755 1 43.521 81.6396 1 10 1 a 1
13:51:43 4883758 1 90.8414 80.51 1 10 1 a 1
13:51:44 4883762 1 14.5157 8.40906 1 10 1 a 1
13:51:45 4883765 1 80.4522 58.289 1 10 1 a 1
13:51:46 4883768 1 88.6679 13.0391 1 10 1 a 1
13:51:47 4883772 1 92.5079 60.7613 1 10 1 a 1
13:51:48 4883775 1 34.5006 31.5717 1 10 1 a 1
13:51:49 4883778 1 60.0696 2.14384 1 10 1 a 1
13:51:50 4883782 1 4.45824 46.5473 1 10 1 a 1
13:51:51 4883785 1 17.7394 67.605 1 10 1 a 1
13:51:52 4883788 1 84.7537 10.043 1 10 1 a 1
13:51:53 4883792 1 55.216 88.8159 1 10 1 a 1
13:51:54 4883795 1 98.1708 89.4713 1 10 1 a 1
13:51:55 4883798 1 85.8923 70.8271 1 10 1 a 1
13:51:56 4883802 1 10.9092 12.9283 1 10 1 a 1
13:51:56 4883802 1 10.9092 12.9283 1 10 1 a 1
13:51:57 4883806 1 24.9268 79.2844 1 10 1 a 1
13:51:58 4883809 1 95.4284 59.0601 1 10 1 a 1
13:51:59 4883812 1 32.9441 63.8623 1 10 1 a 1
13:52:00 4883816 1 99.3901 77.399 1 10 1 a 1
13:52:01 4883819 1 5.96219 13.2986 1 10 1 a 1
13:52:02 4883822 1 6.93444 26.9809 1 10 1 a 1
13:52:03 4883826 1 42.4991 82.6264 1 10 1 a 1
13:52:04 4883829 1 94.2796 81.1781 1 10 1 a 1
13:52:05 4883832 1 35.9938 63.995 1 10 1 a 1
13:52:06 4883836 1 30.3913 42.4333 1 10 1 a 1
13:52:07 4883839 1 12.3605 37.8383 1 10 1 a 1
13:52:08 4883842 1 29.0819 33.2345 1 10 1 a 1
13:52:09 4883846 1 85.9451 46.0296 1 10 1 a 1
13:52:10 4883849 1 48.2599 1.05028 1 10 1 a 1
13:52:11 4883852 1 30.3129 53.2346 1 10 1 a 1
13:52:12 4883856 1 7.47369 39.4795 1 10 1 a 1
13:52:13 4883859 1 12.1262 80.565 1 10 1 a 1
13:52:14 4883862 1 14.9044 56.926 1 10 1 a 1
13:52:15 4883866 1 96.6627 66.4573 1 10 1 a 1
13:52:16 4883869 1 26.7027 39.1547 1 10 1 a 1
13:52:17 4883873 1 81.1033 76.4616 1 10 1 a 1
13:52:18 4883876 1 62.1043 32.5321 1 10 1 a 1
13:52:19 4883879 1 1.93778 24.5836 1 10 1 a 1
13:52:20 4883882 1 94.3745 68.048 1 10 1 a 1
13:52:21 4883886 1 66.3919 26.9669 1 10 1 a 1
13:52:22 4883889 1 46.6011 84.1842 1 10 1 a 1
13:52:23 4883892 1 36.1597 10.5533 1 10 1 a 1
13:52:24 4883896 1 69.0265 90.8513 1 10 1 a 1
13:52:25 4883899 1 77.4673 3.00313 1 10 1 a 1
13:52:26 4883902 1 57.6553 9.90677 1 10 1 a 1
13:52:27 4883906 1 18.0869 62.8471 1 10 1 a 1
13:52:28 4883909 1 79.8645 26.9537 1 10 1 a 1
13:52:29 4883912 1 20.9172 86.0716 1 10 1 a 1
13:52:30 4883916 1 99.8212 67.0007 1 10 1 a 1
13:52:31 4883919 1 8.06279 93.6432 1 10 1 a 1
13:52:32 4883922 1 5.68047 89.3948 1 10 1 a 1
13:52:33 4883926 1 8.90185 38.3244 1 10 1 a 1
13:52:34 4883929 1 9.63552 39.6706 1 10 1 a 1
13:52:35 4883932 1 59.4558 30.5923 1 10 1 a 1
13:52:36 4883936 1 64.0181 40.4441 1 10 1 a 1
13:52:37 4883939 1 48.7795 37.3624 1 10 1 a 1
13:52:38 4883942 1 93.1385 99.1502 1 10 1 a 1
13:52:39 4883946 1 32.7523 43.4772 1 10 1 a 1
13:52:40 4883949 1 28.5713 16.8403 1 10 1 a 1
13:52:41 4883952 1 99.0218 0.38244 1 10 1 a 1
13:52:42 4883956 1 68.9287 70.3471 1 10 1 a 1
13:52:43 4883959 1 79.6016 55.3391 1 10 1 a 1
13:52:44 4883962 1 80.2839 94.3171 1 10 1 a 1
13:52:45 4883966 1 89.339 57.4426 1 10 1 a 1
13:52:46 4883969 1 17.2214 71.3124 1 10 1 a 1
13:52:47 4883972 1 53.7915 83.0112 1 10 1 a 1
13:52:48 4883976 1 58.8597 75.6333 1 10 1 a 1
13:52:49 4883979 1 93.497 74.7012 1 10 1 a 1
13:52:50 4883982 1 22.1333 43.0763 1 10 1 a 1
13:52:51 4883986 1 18.4722 28.0112 1 10 1 a 1
13:52:52 4883989 1 95.5526 30.9661 1 10 1 a 1
13:52:53 4883992 1 49.8139 35.2945 1 10 1 a 1
13:52:54 4883996 1 52.9525 5.53595 1 10 1 a 1
13:52:55 4883999 1 55.0441 89.0296 1 10 1 a 1
13:52:56 4884002 1 34.3261 73.1597 1 10 1 a 1
13:52:57 4884006 1 27.4949 4.45401 1 10 1 a 1
13:52:58 4884009 1 97.073 84.3882 1 10 1 a 1
13:52:59 4884012 1 97.0744 83.3261 1 10 1 a 1
13:53:00 4884016 1 72.6754 75.6188 1 10 1 a 1
13:53:01 4884019 1 52.35 96.6467 1 10 1 a 1
13:53:02 4884022 1 33.1187 41.5277 1 10 1 a 1
13:53:03 4884026 1 72.339 26.3899 1 10 1 a 1
13:53:04 4884029 1 15.1001 25.04 1 10 1 a 1
13:53:05 4884032 1 25.4352 75.2377 1 10 1 a 1
13:53:06 4884036 1 94.4209 12.1368 1 10 1 a 1
13:53:07 4884039 1 0.406846 90.2084 1 10 1 a 1
13:53:08 4884042 1 84.0522 66.0827 1 10 1 a 1
13:53:09 4884046 1 57.387 26.198 1 10 1 a 1
13:53:10 4884049 1 57.0358 2.28303 1 10 1 a 1
13:53:11 4884052 1 40.033 68.2443 1 10 1 a 1
13:53:12 4884056 1 32.7774 93.9362 1 10 1 a 1
13:53:13 4884059 1 10.5976 93.4704 1 10 1 a 1
13:53:14 4884062 1 55.6038 34.2366 1 10 1 a 1
13:53:15 4884066 1 37.1196 41.3768 1 10 1 a 1
13:53:16 4884069 1 70.8501 47.783 1 10 1 a 1
13:53:17 4884072 1 48.6922 48.6002 1 10 1 a 1
13:53:18 4884076 1 60.578 62.8326 1 10 1 a 1
13:53:19 4884079 1 73.2213 18.2972 1 10 1 a 1
13:53:20 4884083 1 10.0352 83.5419 1 10 1 a 1
13:53:21 4884086 1 35.6414 67.9879 1 10 1 a 1
13:53:22 4884089 1 93.0446 69.5961 1 10 1 a 1
14:00:49 4885579 1 15.5391 41.9818 1 10 1 a 1
14:00:51 4885583 1 83.7407 30.52 1 10 1 a 1
14:01:14 4885661 1 34.7381 24.2343 1 10 1 a 1
14:01:15 4885664 1 78.3743 57.1666 1 10 1 a 1
14:01:16 4885667 1 61.0065 69.8525 1 10 1 a 1
14:01:17 4885671 1 30.4215 12.5585 1 10 1 a 1
14:01:18 4885674 1 92.2741 81.0963 1 10 1 a 1
14:01:19 4885677 1 50.4904 92.4651 1 10 1 a 1
14:01:20 4885681 1 72.2276 46.0324 1 10 1 a 1
14:01:21 4885684 1 39.4438 26.2269 1 10 1 a 1
14:01:22 4885687 1 1.53223 7.69329 1 10 1 a 1
14:01:23 4885691 1 79.2808 93.3068 1 10 1 a 1
14:01:24 4885694 1 64.4172 17.8286 1 10 1 a 1
14:01:25 4885697 1 2.26203 41.3515 1 10 1 a 1
14:01:26 4885701 1 77.8037 53.2381 1 10 1 a 1
14:01:27 4885704 1 91.162 8.55082 1 10 1 a 1
14:01:28 4885707 1 77.3912 82.8617 1 10 1 a 1
14:01:29 4885711 1 46.559 47.1738 1 10 1 a 1
14:01:30 4885714 1 66.968 29.2206 1 10 1 a 1
14:01:31 4885717 1 64.58 38.9846 1 10 1 a 1
14:01:32 4885721 1 2.27248 5.01039 1 10 1 a 1
14:01:33 4885724 1 42.8268 59.4658 1 10 1 a 1
14:01:34 4885728 1 27.4427 59.5176 1 10 1 a 1
14:01:35 4885731 1 5.75253 24.6381 1 10 1 a 1
14:01:36 4885734 1 95.8438 66.4427 1 10 1 a 1
14:01:37 4885737 1 34.9164 1.94392 1 10 1 a 1
14:01:38 4885741 1 99.0837 57.2383 1 10 1 a 1
14:01:39 4885744 1 29.5936 51.6039 1 10 1 a 1
14:01:40 4885747 1 42.97 14.4895 1 10 1 a 1
14:01:41 4885751 1 78.0498 59.1583 1 10 1 a 1
14:01:42 4885754 1 35.7547 4.77947 1 10 1 a 1
14:01:43 4885757 1 75.2474 34.8809 1 10 1 a 1
14:01:44 4885761 1 74.8692 99.9456 1 10 1 a 1
14:01:45 4885764 1 24.432 61.2387 1 10 1 a 1
14:01:46 4885767 1 56.6258 8.62515 1 10 1 a 1
14:01:47 4885771 1 20.0911 3.02689 1 10 1 a 1
14:01:48 4885774 1 34.4787 54.593 1 10 1 a 1
14:01:49 4885778 1 81.9856 39.6034 1 10 1 a 1
14:01:50 4885781 1 3.88509 59.3867 1 10 1 a 1
14:01:51 4885784 1 78.239 59.1559 1 10 1 a 1
14:01:52 4885787 1 3.77339 13.8801 1 10 1 a 1
14:01:53 4885791 1 21.7409 43.7672 1 10 1 a 1
14:01:54 4885794 1 86.5126 15.656 1 10 1 a 1
14:01:55 4885797 1 46.7414 18.6961 1 10 1 a 1
14:01:56 4885801 1 31.8279 81.9933 1 10 1 a 1
14:01:57 4885804 1 77.2825 42.4932 1 10 1 a 1
14:01:58 4885807 1 17.3239 78.4334 1 10 1 a 1
14:01:59 4885811 1 77.6105 39.6033 1 10 1 a 1
14:02:00 4885814 1 39.105 21.5236 1 10 1 a 1
14:02:01 4885817 1 95.0074 7.89288 1 10 1 a 1
14:02:02 4885821 1 43.4327 11.7641 1 10 1 a 1
14:02:03 4885824 1 44.2084 50.6598 1 10 1 a 1
14:02:04 4885827 1 82.9195 40.8089 1 10 1 a 1
14:02:05 4885831 1 86.4753 94.1002 1 10 1 a 1
14:02:06 4885834 1 72.3635 48.4608 1 10 1 a 1
14:02:07 4885837 1 17.5015 68.4164 1 10 1 a 1
14:02:08 4885841 1 71.2316 57.9272 1 10 1 a 1
14:02:09 4885844 1 95.3701 33.6278 1 10 1 a 1
14:02:10 4885847 1 52.2128 10.7317 1 10 1 a 1
14:02:11 4885851 1 6.82899 32.6883 1 10 1 a 1
14:02:12 4885854 1 32.0295 11.6591 1 10 1 a 1
14:02:13 4885857 1 48.3154 7.55991 1 10 1 a 1
14:02:14 4885861 1 13.329 74.3629 1 10 1 a 1
14:02:15 4885864 1 19.7477 5.46797 1 10 1 a 1
14:02:16 4885868 1 63.863 56.2073 1 10 1 a 1
14:02:17 4885871 1 86.2806 22.4737 1 10 1 a 1
14:02:18 4885874 1 81.6475 24.9022 1 10 1 a 1
14:02:19 4885877 1 36.6896 83.4247 1 10 1 a 1
14:02:20 4885881 1 11.0027 32.6111 1 10 1 a 1
14:02:21 4885884 1 22.3126 95.5598 1 10 1 a 1
14:02:22 4885887 1 12.6526 39.6791 1 10 1 a 1
14:02:23 4885891 1 11.8787 48.1292 1 10 1 a 1
14:02:24 4885894 1 70.3525 46.5906 1 10 1 a 1
14:02:25 4885897 1 30.2158 81.6034 1 10 1 a 1
14:02:26 4885901 1 14.7299 51.3588 1 10 1 a 1
14:02:27 4885904 1 70.0687 65.4705 1 10 1 a 1
14:02:28 4885907 1 85.7864 97.5742 1 10 1 a 1
14:02:29 4885911 1 58.9364 58.2617 1 10 1 a 1
14:02:30 4885914 1 80.1793 72.604 1 10 1 a 1
14:02:31 4885917 1 18.125 65.4466 1 10 1 a 1
14:02:32 4885921 1 72.007 4.50627 1 10 1 a 1
14:02:33 4885924 1 75.1337 36.1967 1 10 1 a 1
14:02:34 4885928 1 19.7695 37.1913 1 10 1 a 1
14:02:35 4885931 1 66.7151 62.1662 1 10 1 a 1
14:02:36 4885934 1 94.003 74.0395 1 10 1 a 1
14:02:37 4885938 1 75.9389 75.2231 1 10 1 a 1
14:02:38 4885941 1 90.1372 6.8629 1 10 1 a 1
14:02:39 4885944 1 24.6547 86.1258 1 10 1 a 1
14:02:40 4885948 1 54.289 24.2289 1 10 1 a 1
14:02:41 4885951 1 16.9283 49.2669 1 10 1 a 1
14:02:42 4885954 1 65.2939 0.352797 1 10 1 a 1
14:02:43 4885958 1 24.9274 81.2621 1 10 1 a 1
14:02:44 4885961 1 84.032 64.1228 1 10 1 a 1
14:02:45 4885964 1 4.877 64.3965 1 10 1 a 1
14:02:46 4885968 1 20.3148 72.0476 1 10 1 a 1
14:02:47 4885971 1 62.3224 25.1516 1 10 1 a 1
14:02:48 4885974 1 27.1611 99.4701 1 10 1 a 1
14:02:49 4885978 1 7.11644 67.0371 1 10 1 a 1
14:02:50 4885981 1 15.1389 97.9998 1 10 1 a 1
14:02:51 4885984 1 39.5988 68.0175 1 10 1 a 1
14:02:52 4885988 1 74.2184 98.0691 1 10 1 a 1
14:02:53 4885991 1 95.9286 38.295 1 10 1 a 1
14:02:54 4885994 1 21.6374 6.29945 1 10 1 a 1
14:02:55 4885998 1 29.9661 35.9523 1 10 1 a 1
14:02:56 4886001 1 81.5641 2.45016 1 10 1 a 1
14:02:57 4886004 1 16.7839 28.1187 1 10 1 a 1
14:02:58 4886008 1 97.0341 42.4036 1 10 1 a 1
14:02:59 4886011 1 71.7425 84.8321 1 10 1 a 1
14:03:00 4886015 1 2.48694 62.7355 1 10 1 a 1
14:03:01 4886018 1 2.76587 34.043 1 10 1 a 1
14:03:02 4886021 1 33.8729 91.9782 1 10 1 a 1
14:03:03 4886024 1 28.8947 43.226 1 10 1 a 1
14:03:04 4886028 1 15.4461 43.4644 1 10 1 a 1
14:03:05 4886031 1 36.9473 1.30314 1 10 1 a 1
14:03:06 4886034 1 36.1759 88.6696 1 10 1 a 1
14:03:07 4886038 1 48.8629 40.2766 1 10 1 a 1
14:03:08 4886041 1 55.3552 67.2698 1 10 1 a 1
14:03:09 4886044 1 61.2494 73.6383 1 10 1 a 1
14:03:10 4886048 1 1.08536 36.066 1 10 1 a 1
14:03:11 4886051 1 35.5988 76.1562 1 10 1 a 1
14:03:12 4886054 1 66.1912 91.5858 1 10 1 a 1
14:03:13 4886058 1 1.53443 70.9567 1 10 1 a 1
14:03:14 4886061 1 25.123 40.3656 1 10 1 a 1
14:03:15 4886065 1 30.7454 49.5669 1 10 1 a 1
14:03:16 4886068 1 92.2587 58.4847 1 10 1 a 1
14:03:17 4886071 1 8.14382 21.3709 1 10 1 a 1
14:03:18 4886074 1 96.0642 96.4597 1 10 1 a 1
14:03:19 4886078 1 35.3847 23.3443 1 10 1 a 1
14:03:20 4886081 1 9.78306 69.1907 1 10 1 a 1
14:03:21 4886084 1 93.9909 8.62284 1 10 1 a 1
14:03:22 4886088 1 56.8387 30.4509 1 10 1 a 1
14:03:23 4886091 1 93.5622 16.8168 1 10 1 a 1
14:03:24 4886095 1 61.6582 74.498 1 10 1 a 1
14:03:25 4886098 1 6.94749 7.27715 1 10 1 a 1
14:03:26 4886101 1 44.9998 97.9514 1 10 1 a 1
14:03:27 4886105 1 84.5216 67.7938 1 10 1 a 1
14:03:28 4886108 1 52.671 83.7323 1 10 1 a 1
14:03:29 4886111 1 25.1004 40.0883 1 10 1 a 1
14:03:30 4886115 1 63.0458 91.9662 1 10 1 a 1
14:03:31 4886118 1 18.4778 27.0985 1 10 1 a 1
14:03:32 4886121 1 27.1547 16.782 1 10 1 a 1
14:03:33 4886125 1 29.2 54.1406 1 10 1 a 1
14:03:34 4886128 1 23.0896 88.6413 1 10 1 a 1
14:03:35 4886131 1 91.1221 59.4374 1 10 1 a 1
14:03:36 4886135 1 9.37629 70.3593 1 10 1 a 1
14:03:37 4886138 1 48.2963 24.5414 1 10 1 a 1
14:03:38 4886141 1 97.9345 27.1809 1 10 1 a 1
14:03:39 4886145 1 12.5737 83.3198 1 10 1 a 1
14:03:40 4886148 1 84.7355 33.8971 1 10 1 a 1
14:03:41 4886151 1 63.233 90.6618 1 10 1 a 1
14:03:42 4886155 1 29.0084 58.9176 1 10 1 a 1
14:03:43 4886158 1 19.1064 11.6181 1 10 1 a 1
14:03:44 4886161 1 83.2311 7.042 1 10 1 a 1
14:03:45 4886165 1 59.3729 48.2435 1 10 1 a 1
14:03:46 4886168 1 72.9801 57.7974 1 10 1 a 1
14:03:47 4886171 1 6.81339 45.2652 1 10 1 a 1
14:03:48 4886175 1 36.5371 2.11405 1 10 1 a 1
14:03:49 4886178 1 45.7564 57.1935 1 10 1 a 1
14:03:50 4886181 1 53.8854 35.6773 1 10 1 a 1
14:03:51 4886185 1 92.0213 34.1055 1 10 1 a 1
14:03:52 4886188 1 91.7465 76.7123 1 10 1 a 1
14:03:53 4886191 1 98.3905 80.4516 1 10 1 a 1
14:03:54 4886195 1 26.0241 60.982 1 10 1 a 1
14:03:55 4886198 1 72.7003 8.6902 1 10 1 a 1
14:03:56 4886201 1 57.394 46.4646 1 10 1 a 1
14:03:57 4886205 1 34.9748 53.0251 1 10 1 a 1
14:03:58 4886208 1 40.9119 36.5956 1 10 1 a 1
14:03:59 4886211 1 66.634 69.706 1 10 1 a 1
14:04:00 4886215 1 98.2683 54.2726 1 10 1 a 1
14:04:02 4886218 1 92.4272 28.8967 1 10 1 a 1
14:04:03 4886221 1 58.9294 76.7145 1 10 1 a 1
14:04:03 4886225 1 86.443 57.8827 1 10 1 a 1
14:04:05 4886228 1 16.3703 9.26496 1 10 1 a 1
14:04:06 4886232 1 2.5837 43.3636 1 10 1 a 1
14:04:07 4886235 1 0.915256 47.6371 1 10 1 a 1
14:04:08 4886238 1 52.2508 77.0295 1 10 1 a 1
14:04:09 4886242 1 4.00986 66.7239 1 10 1 a 1
14:04:10 4886245 1 8.73385 23.0258 1 10 1 a 1
14:04:11 4886248 1 94.7239 21.7185 1 10 1 a 1
14:04:12 4886252 1 25.0488 38.9728 1 10 1 a 1
14:04:13 4886255 1 58.552 42.0555 1 10 1 a 1
14:04:14 4886258 1 64.4111 10.6224 1 10 1 a 1
14:04:15 4886262 1 86.4496 19.3774 1 10 1 a 1
14:04:16 4886265 1 48.1577 0.120315 1 10 1 a 1
14:04:17 4886268 1 1.75174 89.5072 1 10 1 a 1
14:04:18 4886272 1 54.4484 99.312 1 10 1 a 1
14:04:19 4886275 1 59.2594 40.3298 1 10 1 a 1
14:04:20 4886278 1 42.0625 3.78718 1 10 1 a 1
14:04:21 4886282 1 88.4856 86.2431 1 10 1 a 1
14:04:22 4886285 1 7.99135 16.2903 1 10 1 a 1
14:04:23 4886288 1 67.1129 7.27662 1 10 1 a 1
14:04:24 4886292 1 61.4368 54.7967 1 10 1 a 1
14:04:25 4886295 1 86.6577 93.0277 1 10 1 a 1
14:04:26 4886298 1 56.1796 74.5462 1 10 1 a 1
14:04:27 4886302 1 46.1851 7.01592 1 10 1 a 1
14:04:28 4886305 1 90.3454 96.4056 1 10 1 a 1
14:04:29 4886308 1 62.5193 76.8589 1 10 1 a 1
14:04:30 4886312 1 30.561 37.4631 1 10 1 a 1
14:04:31 4886315 1 18.6706 35.9788 1 10 1 a 1
14:04:32 4886318 1 73.9067 56.9196 1 10 1 a 1
14:04:33 4886322 1 20.9757 73.0493 1 10 1 a 1
14:04:34 4886325 1 4.59825 92.7304 1 10 1 a 1
14:04:35 4886328 1 56.1922 41.8701 1 10 1 a 1
14:04:36 4886332 1 44.1514 70.3131 1 10 1 a 1
14:04:37 4886335 1 6.25734 54.4314 1 10 1 a 1
14:04:38 4886338 1 63.9115 97.358 1 10 1 a 1
14:04:39 4886342 1 63.9035 33.7726 1 10 1 a 1
14:04:40 4886345 1 88.2973 2.55329 1 10 1 a 1
14:04:41 4886348 1 62.7908 92.8331 1 10 1 a 1
14:04:42 4886352 1 86.3396 35.1158 1 10 1 a 1
14:04:43 4886355 1 64.0708 10.4956 1 10 1 a 1
14:04:44 4886358 1 4.39341 20.9657 1 10 1 a 1
14:04:45 4886362 1 59.3964 75.4778 1 10 1 a 1
14:04:46 4886365 1 12.2107 83.9964 1 10 1 a 1
14:04:47 4886368 1 91.7813 44.6593 1 10 1 a 1
14:04:48 4886372 1 24.868 64.5566 1 10 1 a 1
14:04:49 4886375 1 9.29756 56.238 1 10 1 a 1
14:04:50 4886378 1 67.3648 22.8524 1 10 1 a 1
14:04:51 4886382 1 43.2556 55.4596 1 10 1 a 1
14:04:52 4886385 1 59.292 94.2262 1 10 1 a 1
14:04:53 4886388 1 58.5993 30.2112 1 10 1 a 1
14:04:54 4886392 1 74.2094 54.3239 1 10 1 a 1
14:04:55 4886395 1 77.25 58.1369 1 10 1 a 1
14:04:56 4886398 1 52.3818 67.1552 1 10 1 a 1
14:04:57 4886402 1 93.6726 29.6826 1 10 1 a 1
14:04:58 4886405 1 96.3935 15.982 1 10 1 a 1
14:04:59 4886408 1 51.077 65.9419 1 10 1 a 1
14:05:00 4886412 1 39.7655 79.0736 1 10 1 a 1
14:05:01 4886415 1 44.6479 78.0322 1 10 1 a 1
14:05:02 4886418 1 21.0573 23.1933 1 10 1 a 1
14:05:03 4886422 1 87.8026 61.7991 1 10 1 a 1
14:05:04 4886425 1 67.1329 69.1383 1 10 1 a 1
14:05:05 4886428 1 32.5966 81.3248 1 10 1 a 1
14:05:06 4886432 1 40.8808 85.5885 1 10 1 a 1
14:05:07 4886435 1 42.8893 99.4622 1 10 1 a 1
14:05:08 4886438 1 1.62165 4.4611 1 10 1 a 1
14:05:09 4886442 1 54.546 71.0821 1 10 1 a 1
14:05:10 4886445 1 65.968 82.8135 1 10 1 a 1
14:05:11 4886448 1 8.41413 83.4341 1 10 1 a 1
14:05:12 4886452 1 60.1145 56.6103 1 10 1 a 1
14:05:13 4886455 1 91.0988 95.6347 1 10 1 a 1
14:05:14 4886458 1 60.6819 23.3628 1 10 1 a 1
14:05:15 4886462 1 67.2064 57.8342 1 10 1 a 1
14:05:16 4886465 1 92.8165 40.8608 1 10 1 a 1
14:05:17 4886469 1 58.0337 27.1564 1 10 1 a 1
14:05:18 4886472 1 38.7324 25.9344 1 10 1 a 1
14:05:19 4886475 1 12.5032 97.7377 1 10 1 a 1
14:05:20 4886478 1 66.2398 59.2505 1 10 1 a 1
14:05:21 4886482 1 81.079 96.0302 1 10 1 a 1
14:05:22 4886485 1 74.3203 30.6757 1 10 1 a 1
14:05:23 4886489 1 52.9356 72.3429 1 10 1 a 1
14:05:24 4886492 1 73.8446 90.8425 1 10 1 a 1
14:05:25 4886495 1 47.5925 25.2348 1 10 1 a 1
14:05:26 4886498 1 91.9917 44.1825 1 10 1 a 1
14:05:27 4886502 1 46.5161 20.7429 1 10 1 a 1
14:05:28 4886505 1 41.9047 43.8043 1 10 1 a 1
14:05:29 4886509 1 10.4526 52.9208 1 10 1 a 1
14:05:30 4886512 1 54.0067 14.7155 1 10 1 a 1
14:05:31 4886515 1 83.4924 68.7369 1 10 1 a 1
14:05:32 4886518 1 72.4052 71.514 1 10 1 a 1
14:05:33 4886522 1 77.9913 39.779 1 10 1 a 1
14:05:34 4886525 1 33.7399 82.0867 1 10 1 a 1
14:05:35 4886529 1 37.9936 85.509 1 10 1 a 1
14:05:36 4886532 1 73.1483 47.6108 1 10 1 a 1
14:05:37 4886535 1 4.44209 21.7235 1 10 1 a 1
14:05:38 4886538 1 46.914 90.3367 1 10 1 a 1
14:05:39 4886542 1 36.9697 40.0155 1 10 1 a 1
14:05:40 4886545 1 49.0898 41.1041 1 10 1 a 1
14:05:41 4886548 1 50.9465 71.3979 1 10 1 a 1
14:05:42 4886552 1 90.0222 12.6408 1 10 1 a 1
14:05:43 4886555 1 57.1645 73.2575 1 10 1 a 1
14:05:44 4886558 1 99.4949 81.7899 1 10 1 a 1
14:05:45 4886562 1 50.3398 30.8306 1 10 1 a 1
14:05:46 4886565 1 71.3576 40.1445 1 10 1 a 1
14:05:47 4886568 1 75.7932 91.5396 1 10 1 a 1
14:05:48 4886572 1 17.6167 33.5542 1 10 1 a 1
14:05:49 4886575 1 77.8569 35.3914 1 10 1 a 1
14:05:50 4886578 1 10.5369 27.8642 1 10 1 a 1
14:05:51 4886582 1 26.5809 63.4943 1 10 1 a 1
14:05:52 4886585 1 81.1447 18.8632 1 10 1 a 1
14:05:53 4886588 1 66.727 75.5826 1 10 1 a 1
14:05:54 4886592 1 8.44428 32.6445 1 10 1 a 1
14:05:55 4886595 1 31.7466 79.5003 1 10 1 a 1
14:05:56 4886598 1 48.1509 29.5491 1 10 1 a 1
14:05:57 4886602 1 99.0243 2.10413 1 10 1 a 1
14:05:58 4886605 1 47.8225 46.7099 1 10 1 a 1
14:05:59 4886609 1 44.5316 58.4383 1 10 1 a 1
14:06:00 4886612 1 60.9348 10.445 1 10 1 a 1
14:06:01 4886615 1 12.2705 27.5586 1 10 1 a 1
14:06:02 4886619 1 2.17263 14.1093 1 10 1 a 1
14:06:03 4886622 1 15.2802 16.9972 1 10 1 a 1
14:06:04 4886625 1 71.648 22.1814 1 10 1 a 1
14:06:05 4886629 1 90.6182 60.0256 1 10 1 a 1
14:06:06 4886632 1 37.2072 18.8603 1 10 1 a 1
14:06:07 4886635 1 87.7392 44.7548 1 10 1 a 1
14:06:08 4886639 1 39.5467 38.9831 1 10 1 a 1
14:06:09 4886642 1 20.7813 87.8515 1 10 1 a 1
14:06:10 4886645 1 0.838441 86.448 1 10 1 a 1
14:06:11 4886649 1 69.5741 94.9064 1 10 1 a 1
14:06:12 4886652 1 5.87169 58.6534 1 10 1 a 1
14:06:13 4886655 1 10.4104 40.5334 1 10 1 a 1
14:06:14 4886659 1 78.5963 60.8035 1 10 1 a 1
14:06:15 4886662 1 67.8574 56.1674 1 10 1 a 1
14:06:16 4886666 1 26.8784 9.7079 1 10 1 a 1
14:06:17 4886669 1 4.17731 45.7949 1 10 1 a 1
14:06:18 4886672 1 86.1626 10.5594 1 10 1 a 1
14:06:19 4886675 1 6.3926 45.3302 1 10 1 a 1
14:06:20 4886679 1 20.6452 33.784 1 10 1 a 1
14:06:21 4886682 1 0.399885 79.386 1 10 1 a 1
14:06:22 4886685 1 14.5561 3.24028 1 10 1 a 1
14:06:23 4886689 1 29.078 11.4643 1 10 1 a 1
14:06:24 4886692 1 89.1148 6.17136 1 10 1 a 1
14:06:25 4886695 1 32.7104 74.4721 1 10 1 a 1
14:06:26 4886699 1 6.55305 37.1291 1 10 1 a 1
14:06:27 4886702 1 21.9936 25.4426 1 10 1 a 1
14:06:28 4886705 1 44.9017 33.0346 1 10 1 a 1
14:06:29 4886709 1 14.9883 63.4067 1 10 1 a 1
14:06:30 4886712 1 67.0324 58.1622 1 10 1 a 1
14:06:31 4886716 1 89.1852 43.2506 1 10 1 a 1
14:06:32 4886719 1 44.6161 98.8255 1 10 1 a 1
14:06:33 4886722 1 91.214 45.4446 1 10 1 a 1
14:06:34 4886725 1 62.4882 71.423 1 10 1 a 1
14:06:35 4886729 1 9.85533 15.5361 1 10 1 a 1
14:06:36 4886732 1 55.9871 71.6259 1 10 1 a 1
14:06:37 4886736 1 59.2512 55.3658 1 10 1 a 1
14:06:38 4886739 1 49.5467 85.8941 1 10 1 a 1
14:06:39 4886742 1 12.402 52.4712 1 10 1 a 1
14:06:40 4886745 1 86.4673 33.9017 1 10 1 a 1
14:06:41 4886749 1 89.4104 63.7435 1 10 1 a 1
14:06:42 4886752 1 68.2819 7.86345 1 10 1 a 1
14:06:43 4886756 1 13.989 12.3034 1 10 1 a 1
14:06:44 4886759 1 97.3222 73.9229 1 10 1 a 1
14:06:45 4886762 1 24.3829 55.6648 1 10 1 a 1
14:06:49 4886776 1 49.1084 59.6365 1 10 1 a 
14:06:50 4886779 1 10.0936 43.9236 1 10 1 a 
14:06:51 4886782 1 97.4277 88.492 1 10 1 a 
14:06:52 4886786 1 41.4267 77.3649 1 10 1 a 
14:06:53 4886789 1 32.4302 8.52677 1 10 1 a 
14:06:54 4886792 1 43.8787 83.0295 1 10 1 a 
14:06:55 4886796 1 59.8253 18.3403 1 10 1 a 
14:06:56 4886799 1 49.5325 20.9869 1 10 1 a 
14:06:57 4886802 1 57.497 46.1352 1 10 1 a 
14:06:58 4886806 1 72.8148 15.7284 1 10 1 a 
14:06:59 4886809 1 75.8735 95.8603 1 10 1 a 
14:07:00 4886812 1 97.3173 27.3382 1 10 1 a 
14:07:01 4886816 1 15.4236 87.8946 1 10 1 a 
14:07:02 4886819 1 5.04122 31.5388 1 10 1 a 
14:07:03 4886822 1 61.417 25.7428 1 10 1 a 
14:07:04 4886826 1 97.7467 58.6054 1 10 1 a 
14:07:05 4886829 1 99.2136 32.8406 1 10 1 a 
14:07:06 4886832 1 12.2446 48.585 1 10 1 a 
14:07:07 4886836 1 2.34853 23.5535 1 10 1 a 
14:07:08 4886839 1 23.9406 94.3338 1 10 1 a 
14:07:09 4886842 1 38.5813 50.2759 1 10 1 a 
14:07:10 4886846 1 71.0313 97.2777 1 10 1 a 
14:07:11 4886849 1 29.5504 59.2631 1 10 1 a 
14:07:12 4886852 1 30.9171 19.0425 1 10 1 a 
14:07:13 4886856 1 98.5407 82.599 1 10 1 a 
14:07:14 4886859 1 61.6468 11.1339 1 10 1 a 
14:07:15 4886862 1 16.29 72.8988 1 10 1 a 
14:07:16 4886866 1 47.361 47.4673 1 10 1 a 
14:07:17 4886869 1 58.4914 21.4395 1 10 1 a 
14:07:18 4886872 1 15.6376 93.0169 1 10 1 a 
14:07:19 4886876 1 33.6287 12.3138 1 10 1 a 
14:07:20 4886879 1 12.0716 29.9616 1 10 1 a 
14:07:21 4886882 1 80.9547 7.33873 1 10 1 a 
14:07:22 4886886 1 53.3996 99.9303 1 10 1 a 
14:07:23 4886889 1 17.5497 95.4225 1 10 1 a 
14:07:24 4886892 1 89.5099 39.8238 1 10 1 a 
14:07:25 4886896 1 35.9279 7.90501 1 10 1 a 
14:07:26 4886899 1 64.347 21.3246 1 10 1 a 
14:07:27 4886902 1 33.1812 83.9477 1 10 1 a 
14:07:28 4886906 1 55.2925 75.5885 1 10 1 a 
14:07:29 4886909 1 19.525 51.4692 1 10 1 a 
14:07:30 4886913 1 69.0437 47.3579 1 10 1 a 
14:07:31 4886916 1 66.6416 13.3948 1 10 1 a 
14:07:32 4886919 1 25.9511 73.4952 1 10 1 a 
14:07:33 4886922 1 23.0906 79.8933 1 10 1 a 
14:07:34 4886926 1 9.47552 13.7288 1 10 1 a 
14:07:35 4886929 1 88.9476 90.7492 1 10 1 a 
14:07:36 4886932 1 71.0249 53.2471 1 10 1 a 
14:07:37 4886936 1 4.43274 98.3319 1 10 1 a 
14:07:38 4886939 1 66.0262 71.9113 1 10 1 a 
14:07:39 4886943 1 29.4557 63.0918 1 10 1 a 
14:07:40 4886946 1 76.0333 80.0844 1 10 1 a 
14:07:41 4886949 1 15.4256 74.1288 1 10 1 a 
14:07:42 4886953 1 90.5744 33.8452 1 10 1 a 
14:07:43 4886956 1 12.5989 87.5874 1 10 1 a 
14:07:44 4886960 1 15.1947 99.2587 1 10 1 a 
14:07:45 4886963 1 38.2861 12.6747 1 10 1 a 
14:07:46 4886966 1 10.9999 67.376 1 10 1 a 
14:07:47 4886969 1 0.465153 76.4105 1 10 1 a 
14:07:48 4886974 1 20.0076 27.6696 1 10 1 a 
14:07:49 4886976 1 26.9284 77.9301 1 10 1 a 
14:07:50 4886979 1 18.9463 13.2073 1 10 1 a 
14:07:51 4886983 1 96.048 48.4569 1 10 1 a 
14:07:52 4886986 1 2.73481 80.7478 1 10 1 a 
14:07:53 4886989 1 21.8521 23.9715 1 10 1 a 
14:07:54 4886993 1 91.5609 26.3505 1 10 1 a 
14:07:55 4886996 1 16.2569 29.866 1 10 1 a 
14:07:56 4886999 1 37.8396 21.5126 1 10 1 a 
14:07:57 4887003 1 90.0165 47.4187 1 10 1 a 
14:07:58 4887006 1 65.5641 30.564 1 10 1 a 
14:07:59 4887009 1 23.5403 66.4886 1 10 1 a 
14:08:00 4887013 1 0.515041 53.2901 1 10 1 a 
14:08:01 4887016 1 1.06172 44.8289 1 10 1 a 
14:08:02 4887020 1 13.7339 63.3255 1 10 1 a 
14:08:03 4887023 1 76.4878 10.0576 1 10 1 a 
14:08:04 4887026 1 63.1261 11.7835 1 10 1 a 
14:08:05 4887029 1 9.3802 72.836 1 10 1 a 
14:08:06 4887033 1 87.6009 92.3064 1 10 1 a 
14:08:07 4887036 1 42.8617 24.7274 1 10 1 a 
14:08:08 4887039 1 46.8089 34.6492 1 10 1 a 
14:08:09 4887043 1 93.6905 80.3361 1 10 1 a 
14:08:10 4887046 1 87.2536 44.3844 1 10 1 a 
14:08:11 4887049 1 8.57183 52.372 1 10 1 a 
14:08:12 4887053 1 65.3473 75.5613 1 10 1 a 
14:08:13 4887056 1 35.5113 36.8802 1 10 1 a 
14:08:14 4887059 1 50.986 0.193301 1 10 1 a 
14:08:15 4887063 1 55.7919 95.988 1 10 1 a 
14:08:16 4887066 1 77.6934 19.3923 1 10 1 a 
14:08:17 4887069 1 91.3118 31.82 1 10 1 a 
14:08:18 4887073 1 98.4969 5.10533 1 10 1 a 
14:08:19 4887076 1 53.641 81.005 1 10 1 a 
14:08:20 4887079 1 98.1714 75.8106 1 10 1 a 
14:08:21 4887083 1 59.8437 54.3067 1 10 1 a 
14:08:22 4887086 1 52.6778 35.8578 1 10 1 a 
14:08:23 4887089 1 96.1857 95.5455 1 10 1 a 
14:08:24 4887093 1 81.0457 57.798 1 10 1 a 
14:08:25 4887096 1 25.7485 95.6554 1 10 1 a 
14:08:26 4887100 1 72.0354 32.1056 1 10 1 a 
14:08:27 4887103 1 15.7935 9.064 1 10 1 a 
14:08:28 4887106 1 13.4635 6.87273 1 10 1 a 
14:08:29 4887109 1 53.7507 5.92346 1 10 1 a 
14:08:30 4887113 1 13.7349 55.5493 1 10 1 a 
14:08:31 4887116 1 91.8194 64.1306 1 10 1 a 
14:08:32 4887120 1 29.3039 73.4563 1 10 1 a 
14:08:33 4887123 1 38.72 35.7091 1 10 1 a 
14:08:34 4887126 1 79.83 64.4991 1 10 1 a 
14:08:35 4887129 1 18.3941 53.1845 1 10 1 a 
14:08:36 4887133 1 6.0934 88.0275 1 10 1 a 
14:08:37 4887136 1 48.3964 49.8725 1 10 1 a 
14:08:38 4887140 1 52.1203 6.06705 1 10 1 a 
14:08:39 4887143 1 94.7951 18.968 1 10 1 a 
14:08:40 4887146 1 16.726 2.15497 1 10 1 a 
14:08:41 4887150 1 74.7421 12.7764 1 10 1 a 
14:08:42 4887153 1 51.8639 58.09 1 10 1 a 
14:08:43 4887156 1 22.3655 33.2833 1 10 1 a 
14:08:44 4887159 1 11.8996 24.319 1 10 1 a 
14:08:45 4887163 1 34.4628 19.8957 1 10 1 a 
14:08:46 4887166 1 19.6602 63.152 1 10 1 a 
14:08:47 4887170 1 31.2702 56.5959 1 10 1 a 
14:08:48 4887173 1 46.5672 21.2915 1 10 1 a 
14:08:49 4887176 1 42.5188 17.3273 1 10 1 a 
14:08:50 4887179 1 48.6215 47.98 1 10 1 a 
14:08:51 4887183 1 51.7298 59.0069 1 10 1 a 
14:08:52 4887186 1 48.7249 24.5739 1 10 1 a 
14:08:53 4887190 1 55.9688 5.50604 1 10 1 a 
14:08:54 4887193 1 27.2135 5.58608 1 10 1 a 
14:08:55 4887196 1 26.8993 41.5155 1 10 1 a 
14:08:56 4887200 1 27.0964 45.2085 1 10 1 a 
14:08:57 4887203 1 14.4253 99.2031 1 10 1 a 
14:08:58 4887206 1 79.8269 66.3912 1 10 1 a 
14:08:59 4887210 1 61.8429 61.8125 1 10 1 a 
14:09:00 4887213 1 29.8576 95.9007 1 10 1 a 
14:09:01 4887216 1 75.1884 10.4035 1 10 1 a 
14:09:02 4887220 1 75.3139 97.7989 1 10 1 a 
14:09:03 4887223 1 57.8011 51.7612 1 10 1 a 
14:09:04 4887226 1 27.8599 68.8339 1 10 1 a 
14:09:05 4887230 1 37.1087 81.5911 1 10 1 a 
14:09:06 4887233 1 57.2679 9.23386 1 10 1 a 
14:09:07 4887237 1 29.928 63.4308 1 10 1 a 
14:09:08 4887240 1 53.7765 18.581 1 10 1 a 
14:09:09 4887243 1 12.8243 4.93138 1 10 1 a 
14:09:10 4887246 1 21.504 18.0105 1 10 1 a 
14:09:11 4887250 1 61.1033 53.5434 1 10 1 a 
14:09:12 4887253 1 23.7748 19.6112 1 10 1 a 
14:09:13 4887257 1 43.8215 44.9628 1 10 1 a 
14:09:14 4887260 1 96.5587 55.9919 1 10 1 a 
14:09:15 4887263 1 31.5612 90.4933 1 10 1 a 
14:09:17 4887267 1 40.7038 74.0751 1 10 1 a 
14:09:17 4887270 1 3.4453 93.3565 1 10 1 a 
14:09:18 4887273 1 5.95585 75.7319 1 10 1 a 
14:09:19 4887276 1 11.8419 0.0383392 1 10 1 a 
14:09:20 4887280 1 89.4259 82.7952 1 10 1 a 
14:09:21 4887283 1 71.338 97.8929 1 10 1 a 
14:09:22 4887286 1 58.3808 12.6725 1 10 1 a 
14:09:23 4887290 1 90.6761 38.5642 1 10 1 a 
14:09:24 4887293 1 88.3623 98.2359 1 10 1 a 
14:09:25 4887296 1 47.495 36.3753 1 10 1 a 
14:09:26 4887300 1 81.189 49.5823 1 10 1 a 
14:09:27 4887303 1 59.5653 7.23114 1 10 1 a 
14:09:28 4887306 1 93.8568 60.5918 1 10 1 a 
14:09:29 4887310 1 78.5903 7.82105 1 10 1 a 
14:09:30 4887313 1 53.5846 80.525 1 10 1 a 
14:09:31 4887316 1 28.559 49.9232 1 10 1 a 
14:09:32 4887320 1 85.9078 39.2022 1 10 1 a 
14:09:33 4887323 1 12.2241 83.3916 1 10 1 a 
14:09:34 4887326 1 50.7404 14.4267 1 10 1 a 
14:09:35 4887330 1 79.4311 56.7473 1 10 1 a 
14:09:36 4887333 1 98.8039 54.1017 1 10 1 a 
14:09:37 4887336 1 36.051 36.6425 1 10 1 a 
14:09:38 4887340 1 52.8053 44.3637 1 10 1 a 
14:09:39 4887343 1 98.4825 7.34352 1 10 1 a 
