x -6.946 y -6.947 yaw -90
x -6.946 y -6.947 yaw -45
x -6.91772 y -6.91872 yaw -45
x -6.88943 y -6.89043 yaw -45
x -6.86115 y -6.86215 yaw -45
x -6.83286 y -6.83386 yaw -45
x -6.80458 y -6.80558 yaw -45
x -6.77629 y -6.77729 yaw -45
x -6.74801 y -6.74901 yaw -45
x -6.71973 y -6.72073 yaw -45
x -6.69144 y -6.69244 yaw -45
x -6.66316 y -6.66416 yaw -45
x -6.63487 y -6.63587 yaw -45
x -6.60659 y -6.60759 yaw -45
x -6.5783 y -6.5793 yaw -45
x -6.55002 y -6.55102 yaw -45
x -6.52174 y -6.52274 yaw -45
x -6.49345 y -6.49445 yaw -45
x -6.46517 y -6.46617 yaw -45
x -6.43688 y -6.43788 yaw -45
x -6.4086 y -6.4096 yaw -45
x -6.38031 y -6.38131 yaw -45
x -6.35203 y -6.35303 yaw -45
x -6.32375 y -6.32475 yaw -45
x -6.29546 y -6.29646 yaw -45
x -6.26718 y -6.26818 yaw -45
x -6.23889 y -6.23989 yaw -45
x -6.21061 y -6.21161 yaw -45
x -6.18232 y -6.18332 yaw -45
x -6.15404 y -6.15504 yaw -45
x -6.12576 y -6.12676 yaw -45
x -6.09747 y -6.09847 yaw -45
x -6.06919 y -6.07019 yaw -45
x -6.0409 y -6.0419 yaw -45
x -6.01262 y -6.01362 yaw -45
x -5.98433 y -5.98533 yaw -45
x -5.95605 y -5.95705 yaw -45
x -5.92777 y -5.92877 yaw -45
x -5.89948 y -5.90048 yaw -45
x -5.8712 y -5.8722 yaw -45
x -5.84291 y -5.84391 yaw -45
x -5.81463 y -5.81563 yaw -45
x -5.78634 y -5.78734 yaw -45
x -5.75806 y -5.75906 yaw -45
x -5.72978 y -5.73078 yaw -45
x -5.70149 y -5.70249 yaw -45
x -5.67321 y -5.67421 yaw -45
x -5.64492 y -5.64592 yaw -45
x -5.61664 y -5.61764 yaw -45
x -5.58835 y -5.58935 yaw -45
x -5.56007 y -5.56107 yaw -45
x -5.53179 y -5.53279 yaw -45
x -5.5035 y -5.5045 yaw -45
x -5.47522 y -5.47622 yaw -45
x -5.44693 y -5.44793 yaw -45
x -5.41865 y -5.41965 yaw -45
x -5.39037 y -5.39137 yaw -45
x -5.36208 y -5.36308 yaw -45
x -5.3338 y -5.3348 yaw -45
x -5.30551 y -5.30651 yaw -45
x -5.27723 y -5.27823 yaw -45
x -5.24894 y -5.24994 yaw -45
x -5.22066 y -5.22166 yaw -45
x -5.19238 y -5.19338 yaw -45
x -5.16409 y -5.16509 yaw -45
x -5.13581 y -5.13681 yaw -45
x -5.10752 y -5.10852 yaw -45
x -5.07924 y -5.08024 yaw -45
x -5.05095 y -5.05195 yaw -45
x -5.02267 y -5.02367 yaw -45
x -4.99439 y -4.99539 yaw -45
x -4.9661 y -4.9671 yaw -45
x -4.93782 y -4.93882 yaw -45
x -4.90953 y -4.91053 yaw -45
x -4.88125 y -4.88225 yaw -45
x -4.85296 y -4.85396 yaw -45
x -4.82468 y -4.82568 yaw -45
x -4.7964 y -4.7974 yaw -45
x -4.76811 y -4.76911 yaw -45
x -4.73983 y -4.74083 yaw -45
x -4.71154 y -4.71254 yaw -45
x -4.68326 y -4.68426 yaw -45
x -4.65497 y -4.65597 yaw -45
x -4.62669 y -4.62769 yaw -45
x -6.946 y -6.947 yaw -90
x -6.946 y -6.947 yaw -45
x -6.91772 y -6.91872 yaw -45
x -6.88943 y -6.89043 yaw -45
x -6.86115 y -6.86215 yaw -45
x -6.83286 y -6.83386 yaw -45
x -6.80458 y -6.80558 yaw -45
x -6.77629 y -6.77729 yaw -45
x -6.74801 y -6.74901 yaw -45
x -6.71973 y -6.72073 yaw -45
x -6.69144 y -6.69244 yaw -45
x -6.66316 y -6.66416 yaw -45
x -6.63487 y -6.63587 yaw -45
x -6.60659 y -6.60759 yaw -45
x -6.5783 y -6.5793 yaw -45
x -6.55002 y -6.55102 yaw -45
x -6.52174 y -6.52274 yaw -45
x -6.49345 y -6.49445 yaw -45
x -6.46517 y -6.46617 yaw -45
x -6.43688 y -6.43788 yaw -45
x -6.4086 y -6.4096 yaw -45
x -6.38031 y -6.38131 yaw -45
x -6.35203 y -6.35303 yaw -45
x -6.32375 y -6.32475 yaw -45
x -6.29546 y -6.29646 yaw -45
x -6.26718 y -6.26818 yaw -45
x -6.23889 y -6.23989 yaw -45
x -6.21061 y -6.21161 yaw -45
x -6.18232 y -6.18332 yaw -45
x -6.15404 y -6.15504 yaw -45
x -6.12576 y -6.12676 yaw -45
x -6.09747 y -6.09847 yaw -45
x -6.06919 y -6.07019 yaw -45
x -6.0409 y -6.0419 yaw -45
x -6.01262 y -6.01362 yaw -45
x -5.98433 y -5.98533 yaw -45
x -5.95605 y -5.95705 yaw -45
x -5.92777 y -5.92877 yaw -45
x -5.89948 y -5.90048 yaw -45
x -5.8712 y -5.8722 yaw -45
x -5.84291 y -5.84391 yaw -45
x -5.81463 y -5.81563 yaw -45
x -5.78634 y -5.78734 yaw -45
x -5.75806 y -5.75906 yaw -45
x -5.72978 y -5.73078 yaw -45
x -5.70149 y -5.70249 yaw -45
x -5.67321 y -5.67421 yaw -45
x -5.64492 y -5.64592 yaw -45
x -5.61664 y -5.61764 yaw -45
x -5.58835 y -5.58935 yaw -45
x -5.56007 y -5.56107 yaw -45
x -5.53179 y -5.53279 yaw -45
x -5.5035 y -5.5045 yaw -45
x -5.47522 y -5.47622 yaw -45
x -5.44693 y -5.44793 yaw -45
x -5.41865 y -5.41965 yaw -45
x -5.39037 y -5.39137 yaw -45
x -5.36208 y -5.36308 yaw -45
x -5.3338 y -5.3348 yaw -45
x -5.30551 y -5.30651 yaw -45
x -5.27723 y -5.27823 yaw -45
x -5.24894 y -5.24994 yaw -45
x -5.22066 y -5.22166 yaw -45
x -5.19238 y -5.19338 yaw -45
x -5.16409 y -5.16509 yaw -45
x -5.13581 y -5.13681 yaw -45
x -5.10752 y -5.10852 yaw -45
x -5.07924 y -5.08024 yaw -45
x -5.05095 y -5.05195 yaw -45
x -5.02267 y -5.02367 yaw -45
x -4.99439 y -4.99539 yaw -45
x -4.9661 y -4.9671 yaw -45
x -4.93782 y -4.93882 yaw -45
x -4.90953 y -4.91053 yaw -45
x -4.88125 y -4.88225 yaw -45
x -4.85296 y -4.85396 yaw -45
x -4.82468 y -4.82568 yaw -45
x -4.7964 y -4.7974 yaw -45
x -4.76811 y -4.76911 yaw -45
x -4.73983 y -4.74083 yaw -45
x -4.71154 y -4.71254 yaw -45
x -4.68326 y -4.68426 yaw -45
x -4.65497 y -4.65597 yaw -45
x -4.62669 y -4.62769 yaw -45
x -4.59841 y -4.59941 yaw -45
x -4.57012 y -4.57112 yaw -45
x -4.54184 y -4.54284 yaw -45
x -4.51355 y -4.51455 yaw -45
x -4.48527 y -4.48627 yaw -45
x -4.45698 y -4.45798 yaw -45
x -4.4287 y -4.4297 yaw -45
x -4.40042 y -4.40142 yaw -45
x -4.39688 y -4.39788 yaw -47.8648
x -4.39317 y -4.39453 yaw -50.7296
x -4.3893 y -4.39136 yaw -53.5944
x -4.38528 y -4.38839 yaw -56.4592
x -4.38111 y -4.38563 yaw -59.3239
x -4.37681 y -4.38308 yaw -62.1887
x -4.37239 y -4.38075 yaw -65.0535
x -4.36785 y -4.37864 yaw -67.9183
x -4.36322 y -4.37676 yaw -70.7831
x -4.3585 y -4.37511 yaw -73.6479
x -4.3537 y -4.3737 yaw -76.5127
x -4.34884 y -4.37254 yaw -79.3775
x -4.34392 y -4.37162 yaw -82.2423
x -4.33897 y -4.37094 yaw -85.107
x -4.33399 y -4.37052 yaw -87.9718
x -4.32899 y -4.37034 yaw -90.8366
x -4.32399 y -4.37041 yaw -93.7014
x -4.319 y -4.37073 yaw -96.5662
x -4.31404 y -4.37131 yaw -99.431
x -4.27458 y -4.37786 yaw -99.431
x -4.23512 y -4.38442 yaw -99.431
x -4.19566 y -4.39097 yaw -99.431
x -4.1562 y -4.39752 yaw -99.431
x -4.11674 y -4.40408 yaw -99.431
x -4.07728 y -4.41063 yaw -99.431
x -4.03782 y -4.41719 yaw -99.431
x -3.99836 y -4.42374 yaw -99.431
x -3.9589 y -4.4303 yaw -99.431
x -3.91944 y -4.43685 yaw -99.431
x -3.87998 y -4.4434 yaw -99.431
x -3.84052 y -4.44996 yaw -99.431
x -3.80106 y -4.45651 yaw -99.431
x -3.7616 y -4.46307 yaw -99.431
x -3.72215 y -4.46962 yaw -99.431
x -3.68269 y -4.47618 yaw -99.431
x -3.64323 y -4.48273 yaw -99.431
x -3.60377 y -4.48929 yaw -99.431
x -3.56431 y -4.49584 yaw -99.431
x -3.52485 y -4.50239 yaw -99.431
x -3.48539 y -4.50895 yaw -99.431
x -3.44593 y -4.5155 yaw -99.431
x -3.40647 y -4.52206 yaw -99.431
x -3.36701 y -4.52861 yaw -99.431
x -3.32755 y -4.53517 yaw -99.431
x -3.28809 y -4.54172 yaw -99.431
x -3.24863 y -4.54827 yaw -99.431
x -3.20917 y -4.55483 yaw -99.431
x -3.16971 y -4.56138 yaw -99.431
x -3.13026 y -4.56794 yaw -99.431
x -3.0908 y -4.57449 yaw -99.431
x -3.05134 y -4.58105 yaw -99.431
x -3.01188 y -4.5876 yaw -99.431
x -2.97242 y -4.59416 yaw -99.431
x -2.93296 y -4.60071 yaw -99.431
x -2.8935 y -4.60726 yaw -99.431
x -2.85404 y -4.61382 yaw -99.431
x -2.81458 y -4.62037 yaw -99.431
x -2.77512 y -4.62693 yaw -99.431
x -6.946 y -6.947 yaw -90
x -6.946 y -6.947 yaw -45
x -6.91772 y -6.91872 yaw -45
x -6.88943 y -6.89043 yaw -45
x -6.86115 y -6.86215 yaw -45
x -6.83286 y -6.83386 yaw -45
x -6.80458 y -6.80558 yaw -45
x -6.77629 y -6.77729 yaw -45
x -6.74801 y -6.74901 yaw -45
x -6.71973 y -6.72073 yaw -45
x -6.69144 y -6.69244 yaw -45
x -6.66316 y -6.66416 yaw -45
x -6.63487 y -6.63587 yaw -45
x -6.60659 y -6.60759 yaw -45
x -6.5783 y -6.5793 yaw -45
x -6.55002 y -6.55102 yaw -45
x -6.52174 y -6.52274 yaw -45
x -6.49345 y -6.49445 yaw -45
x -6.46517 y -6.46617 yaw -45
x -6.43688 y -6.43788 yaw -45
x -6.4086 y -6.4096 yaw -45
x -6.38031 y -6.38131 yaw -45
x -6.35203 y -6.35303 yaw -45
x -6.32375 y -6.32475 yaw -45
x -6.29546 y -6.29646 yaw -45
x -6.26718 y -6.26818 yaw -45
x -6.23889 y -6.23989 yaw -45
x -6.21061 y -6.21161 yaw -45
x -6.18232 y -6.18332 yaw -45
x -6.15404 y -6.15504 yaw -45
x -6.12576 y -6.12676 yaw -45
x -6.09747 y -6.09847 yaw -45
x -6.06919 y -6.07019 yaw -45
x -6.0409 y -6.0419 yaw -45
x -6.01262 y -6.01362 yaw -45
x -5.98433 y -5.98533 yaw -45
x -5.95605 y -5.95705 yaw -45
x -5.92777 y -5.92877 yaw -45
x -5.89948 y -5.90048 yaw -45
x -5.8712 y -5.8722 yaw -45
x -5.84291 y -5.84391 yaw -45
x -5.81463 y -5.81563 yaw -45
x -5.78634 y -5.78734 yaw -45
x -5.75806 y -5.75906 yaw -45
x -5.72978 y -5.73078 yaw -45
x -5.70149 y -5.70249 yaw -45
x -5.67321 y -5.67421 yaw -45
x -5.64492 y -5.64592 yaw -45
x -5.61664 y -5.61764 yaw -45
x -5.58835 y -5.58935 yaw -45
x -5.56007 y -5.56107 yaw -45
x -5.53179 y -5.53279 yaw -45
x -5.5035 y -5.5045 yaw -45
x -5.47522 y -5.47622 yaw -45
x -5.44693 y -5.44793 yaw -45
x -5.41865 y -5.41965 yaw -45
x -5.39037 y -5.39137 yaw -45
x -5.36208 y -5.36308 yaw -45
x -5.3338 y -5.3348 yaw -45
x -5.30551 y -5.30651 yaw -45
x -5.27723 y -5.27823 yaw -45
x -5.24894 y -5.24994 yaw -45
x -5.22066 y -5.22166 yaw -45
x -5.19238 y -5.19338 yaw -45
x -5.16409 y -5.16509 yaw -45
x -5.13581 y -5.13681 yaw -45
x -5.10752 y -5.10852 yaw -45
x -5.07924 y -5.08024 yaw -45
x -5.05095 y -5.05195 yaw -45
x -5.02267 y -5.02367 yaw -45
x -4.99439 y -4.99539 yaw -45
x -4.9661 y -4.9671 yaw -45
x -4.93782 y -4.93882 yaw -45
x -4.90953 y -4.91053 yaw -45
x -4.88125 y -4.88225 yaw -45
x -4.85296 y -4.85396 yaw -45
x -4.82468 y -4.82568 yaw -45
x -4.7964 y -4.7974 yaw -45
x -4.76811 y -4.76911 yaw -45
x -4.73983 y -4.74083 yaw -45
x -4.71154 y -4.71254 yaw -45
x -4.68326 y -4.68426 yaw -45
x -4.65497 y -4.65597 yaw -45
x -4.62669 y -4.62769 yaw -45
x -4.59841 y -4.59941 yaw -45
x -4.57012 y -4.57112 yaw -45
x -4.54184 y -4.54284 yaw -45
x -4.51355 y -4.51455 yaw -45
x -4.48527 y -4.48627 yaw -45
x -4.45698 y -4.45798 yaw -45
x -4.4287 y -4.4297 yaw -45
x -4.40042 y -4.40142 yaw -45
x -4.39688 y -4.39788 yaw -47.8648
x -4.39317 y -4.39453 yaw -50.7296
x -4.3893 y -4.39136 yaw -53.5944
x -4.38528 y -4.38839 yaw -56.4592
x -4.38111 y -4.38563 yaw -59.3239
x -4.37681 y -4.38308 yaw -62.1887
x -4.37239 y -4.38075 yaw -65.0535
x -4.36785 y -4.37864 yaw -67.9183
x -4.36322 y -4.37676 yaw -70.7831
x -4.3585 y -4.37511 yaw -73.6479
x -4.3537 y -4.3737 yaw -76.5127
x -4.34884 y -4.37254 yaw -79.3775
x -4.34392 y -4.37162 yaw -82.2423
x -4.33897 y -4.37094 yaw -85.107
x -4.29912 y -4.36753 yaw -85.107
x -4.25926 y -4.36412 yaw -85.107
x -4.21941 y -4.36071 yaw -85.107
x -4.17955 y -4.3573 yaw -85.107
x -4.1397 y -4.35388 yaw -85.107
x -4.09985 y -4.35047 yaw -85.107
x -4.05999 y -4.34706 yaw -85.107
x -4.02014 y -4.34365 yaw -85.107
x -3.98028 y -4.34024 yaw -85.107
x -3.94043 y -4.33682 yaw -85.107
x -3.90057 y -4.33341 yaw -85.107
x -3.86072 y -4.33 yaw -85.107
x -3.82087 y -4.32659 yaw -85.107
x -3.78101 y -4.32318 yaw -85.107
x -3.74116 y -4.31977 yaw -85.107
x -3.7013 y -4.31635 yaw -85.107
x -3.66145 y -4.31294 yaw -85.107
x -3.62159 y -4.30953 yaw -85.107
x -3.58174 y -4.30612 yaw -85.107
x -3.54189 y -4.30271 yaw -85.107
x -3.50203 y -4.29929 yaw -85.107
x -3.46218 y -4.29588 yaw -85.107
x -3.42232 y -4.29247 yaw -85.107
x -3.38247 y -4.28906 yaw -85.107
x -3.34261 y -4.28565 yaw -85.107
x -3.30276 y -4.28224 yaw -85.107
x -3.26291 y -4.27882 yaw -85.107
x -3.22305 y -4.27541 yaw -85.107
x -3.1832 y -4.272 yaw -85.107
x -3.14334 y -4.26859 yaw -85.107
x -3.10349 y -4.26518 yaw -85.107
x -3.06364 y -4.26177 yaw -85.107
x -3.02378 y -4.25835 yaw -85.107
x -2.98393 y -4.25494 yaw -85.107
x -2.94407 y -4.25153 yaw -85.107
x -2.90422 y -4.24812 yaw -85.107
x -2.86436 y -4.24471 yaw -85.107
x -2.82451 y -4.24129 yaw -85.107
x -2.78466 y -4.23788 yaw -85.107
x -2.7448 y -4.23447 yaw -85.107
x -2.70495 y -4.23106 yaw -85.107
x -2.66509 y -4.22765 yaw -85.107
x -2.62524 y -4.22424 yaw -85.107
x -2.58538 y -4.22082 yaw -85.107
x -2.54553 y -4.21741 yaw -85.107
x -2.50568 y -4.214 yaw -85.107
x -2.46582 y -4.21059 yaw -85.107
x -2.42597 y -4.20718 yaw -85.107
x -2.38611 y -4.20377 yaw -85.107
x -2.34626 y -4.20035 yaw -85.107
x -2.3064 y -4.19694 yaw -85.107
x -2.26655 y -4.19353 yaw -85.107
x -2.2267 y -4.19012 yaw -85.107
x -2.18684 y -4.18671 yaw -85.107
x -2.14699 y -4.18329 yaw -85.107
x -2.14201 y -4.18287 yaw -82.2423
x -2.13705 y -4.18219 yaw -79.3775
x -2.13214 y -4.18127 yaw -76.5127
x -2.12728 y -4.18011 yaw -73.6479
x -2.12248 y -4.1787 yaw -70.7831
x -2.11776 y -4.17705 yaw -67.9183
x -2.11312 y -4.17517 yaw -65.0535
x -2.10859 y -4.17306 yaw -62.1887
x -2.10417 y -4.17073 yaw -59.3239
x -2.09987 y -4.16818 yaw -56.4592
x -2.0957 y -4.16542 yaw -53.5944
x -2.09167 y -4.16245 yaw -50.7296
x -2.0878 y -4.15928 yaw -47.8648
x -2.0841 y -4.15593 yaw -45
x -2.08056 y -4.15239 yaw -42.1352
x -2.07721 y -4.14869 yaw -39.2704
x -2.07404 y -4.14482 yaw -36.4056
x -2.07107 y -4.14079 yaw -33.5408
x -2.06831 y -4.13662 yaw -30.6761
x -2.06576 y -4.13232 yaw -27.8113
x -2.06343 y -4.1279 yaw -24.9465
x -2.06132 y -4.12337 yaw -22.0817
x -2.05944 y -4.11873 yaw -19.2169
x -2.05779 y -4.11401 yaw -16.3521
x -2.05639 y -4.10922 yaw -13.4873
x -2.05522 y -4.10435 yaw -10.6225
x -2.04785 y -4.06504 yaw -10.6225
x -2.04047 y -4.02572 yaw -10.6225
x -2.0331 y -3.98641 yaw -10.6225
x -2.02573 y -3.9471 yaw -10.6225
x -2.01835 y -3.90778 yaw -10.6225
x -2.01098 y -3.86847 yaw -10.6225
x -2.0036 y -3.82915 yaw -10.6225
x -1.99623 y -3.78984 yaw -10.6225
x -1.98886 y -3.75052 yaw -10.6225
x -1.98148 y -3.71121 yaw -10.6225
x -1.97411 y -3.67189 yaw -10.6225
x -1.96674 y -3.63258 yaw -10.6225
x -1.95936 y -3.59326 yaw -10.6225
x -1.95199 y -3.55395 yaw -10.6225
x -1.94462 y -3.51464 yaw -10.6225
x -1.93724 y -3.47532 yaw -10.6225
x -1.92987 y -3.43601 yaw -10.6225
x -1.9225 y -3.39669 yaw -10.6225
x -1.91512 y -3.35738 yaw -10.6225
x -1.90775 y -3.31806 yaw -10.6225
x -1.90038 y -3.27875 yaw -10.6225
x -1.893 y -3.23943 yaw -10.6225
x -1.88563 y -3.20012 yaw -10.6225
x -1.87826 y -3.16081 yaw -10.6225
x -1.87088 y -3.12149 yaw -10.6225
x -1.86351 y -3.08218 yaw -10.6225
x -1.85613 y -3.04286 yaw -10.6225
x -1.84876 y -3.00355 yaw -10.6225
x -1.84139 y -2.96423 yaw -10.6225
x -1.83401 y -2.92492 yaw -10.6225
x -1.82664 y -2.8856 yaw -10.6225
x -1.81927 y -2.84629 yaw -10.6225
x -1.81189 y -2.80697 yaw -10.6225
x -1.80452 y -2.76766 yaw -10.6225
x -1.79715 y -2.72835 yaw -10.6225
x -1.78977 y -2.68903 yaw -10.6225
x -1.7824 y -2.64972 yaw -10.6225
x -1.77503 y -2.6104 yaw -10.6225
x -1.76765 y -2.57109 yaw -10.6225
x -1.76028 y -2.53177 yaw -10.6225
x -1.75291 y -2.49246 yaw -10.6225
x -1.74553 y -2.45314 yaw -10.6225
x -1.73816 y -2.41383 yaw -10.6225
x -1.73078 y -2.37451 yaw -10.6225
x -1.72341 y -2.3352 yaw -10.6225
x -1.71604 y -2.29589 yaw -10.6225
x -1.70866 y -2.25657 yaw -10.6225
x -1.70129 y -2.21726 yaw -10.6225
x -1.69392 y -2.17794 yaw -10.6225
x -1.68654 y -2.13863 yaw -10.6225
x -1.67917 y -2.09931 yaw -10.6225
x -1.6718 y -2.06 yaw -10.6225
x -1.66442 y -2.02068 yaw -10.6225
x -1.65705 y -1.98137 yaw -10.6225
x -1.64968 y -1.94206 yaw -10.6225
x -1.6423 y -1.90274 yaw -10.6225
x -1.63493 y -1.86343 yaw -10.6225
x -1.62756 y -1.82411 yaw -10.6225
x -1.62018 y -1.7848 yaw -10.6225
x -1.61281 y -1.74548 yaw -10.6225
x -1.60544 y -1.70617 yaw -10.6225
x -1.59806 y -1.66685 yaw -10.6225
x -1.59069 y -1.62754 yaw -10.6225
x -1.58331 y -1.58822 yaw -10.6225
x -1.57594 y -1.54891 yaw -10.6225
x -1.56857 y -1.5096 yaw -10.6225
x -1.56119 y -1.47028 yaw -10.6225
x -1.55382 y -1.43097 yaw -10.6225
x -1.54645 y -1.39165 yaw -10.6225
x -1.53907 y -1.35234 yaw -10.6225
x -1.5317 y -1.31302 yaw -10.6225
x -1.52433 y -1.27371 yaw -10.6225
x -1.51695 y -1.23439 yaw -10.6225
x -1.50958 y -1.19508 yaw -10.6225
x -1.50221 y -1.15576 yaw -10.6225
x -1.49483 y -1.11645 yaw -10.6225
x -1.48746 y -1.07714 yaw -10.6225
x -1.48009 y -1.03782 yaw -10.6225
